{
    "PayloadData1": "Target: OOPS.NET\\OOPS-WORKSTATION_3$",
    "PayloadData2": "LogonType 3",
    "PayloadData3": "LogonId: 0X30D425",
    "UserName": "-\\-",
    "RemoteHost": "- (10.58.121.103)",
    "ExecutableInfo": "-",
    "MapDescription": "Successful logon",
    "ChunkNumber": 0,
    "Computer": "OOPS-DC.oops.net",
    "Payload": "{\"EventData\": {\"Data\": [{\"@Name\": \"SubjectUserSid\", \"#text\": \"S-1-0-0\"}, {\"@Name\": \"SubjectUserName\", \"#text\": \"-\"}, {\"@Name\": \"SubjectDomainName\", \"#text\": \"-\"}, {\"@Name\": \"SubjectLogonId\", \"#text\": \"0x0\"}, {\"@Name\": \"TargetUserSid\", \"#text\": \"S-1-5-21-4271829-611451204-6422678655-1231\"}, {\"@Name\": \"TargetUserName\", \"#text\": \"OOPS-WORKSTATION_3$\"}, {\"@Name\": \"TargetDomainName\", \"#text\": \"OOPS.NET\"}, {\"@Name\": \"TargetLogonId\", \"#text\": \"0X30D425\"}, {\"@Name\": \"LogonType\", \"#text\": \"3\"}, {\"@Name\": \"LogonProcessName\", \"#text\": \"Kerberos\"}, {\"@Name\": \"AuthenticationPackageName\", \"#text\": \"Kerberos\"}, {\"@Name\": \"WorkstationName\", \"#text\": \"-\"}, {\"@Name\": \"LogonGuid\", \"#text\": \"61c46de4-07f0-4962-8b89-d3e3fd17caf9\"}, {\"@Name\": \"TransmittedServices\", \"#text\": \"-\"}, {\"@Name\": \"LmPackageName\", \"#text\": \"-\"}, {\"@Name\": \"KeyLength\", \"#text\": \"0\"}, {\"@Name\": \"ProcessId\", \"#text\": \"0x0\"}, {\"@Name\": \"ProcessName\", \"#text\": \"-\"}, {\"@Name\": \"IpAddress\", \"#text\": \"10.58.121.103\"}, {\"@Name\": \"IpPort\", \"#text\": \"45686\"}, {\"@Name\": \"ImpersonationLevel\", \"#text\": \"%%1833\"}, {\"@Name\": \"RestrictedAdminMode\", \"#text\": \"-\"}, {\"@Name\": \"TargetOutboundUserName\", \"#text\": \"-\"}, {\"@Name\": \"TargetOutboundDomainName\", \"#text\": \"-\"}, {\"@Name\": \"VirtualAccount\", \"#text\": \"%%1843\"}, {\"@Name\": \"TargetLinkedLogonId\", \"#text\": \"0x0\"}, {\"@Name\": \"ElevatedToken\", \"#text\": \"%%1842\"}]}}",
    "Channel": "Security",
    "Provider": "Microsoft-Windows-Security-Auditing",
    "EventId": 4624,
    "EventRecordId": "6303",
    "ProcessId": 669,
    "ThreadId": 2777,
    "Level": "LogAlways",
    "Keywords": "Audit success",
    "SourceFile": "C:\\Windows\\system32\\winevt\\Logs\\Security.evtx",
    "ExtraDataOffset": 0,
    "HiddenRecord": false,
    "TimeCreated": "2021-03-16T11:48:57.7260410+00:00",
    "RecordNumber": "6303"
}, {
    "PayloadData1": "Target: OOPS.NET\\OOPS-WORKSTATION_3$",
    "PayloadData2": "LogonType 3",
    "PayloadData3": "LogonId: 0X30D432",
    "UserName": "-\\-",
    "RemoteHost": "- (10.58.121.103)",
    "ExecutableInfo": "-",
    "MapDescription": "Successful logon",
    "ChunkNumber": 0,
    "Computer": "OOPS-DC.oops.net",
    "Payload": "{\"EventData\": {\"Data\": [{\"@Name\": \"SubjectUserSid\", \"#text\": \"S-1-0-0\"}, {\"@Name\": \"SubjectUserName\", \"#text\": \"-\"}, {\"@Name\": \"SubjectDomainName\", \"#text\": \"-\"}, {\"@Name\": \"SubjectLogonId\", \"#text\": \"0x0\"}, {\"@Name\": \"TargetUserSid\", \"#text\": \"S-1-5-21-4271829-611451204-6422678655-1231\"}, {\"@Name\": \"TargetUserName\", \"#text\": \"OOPS-WORKSTATION_3$\"}, {\"@Name\": \"TargetDomainName\", \"#text\": \"OOPS.NET\"}, {\"@Name\": \"TargetLogonId\", \"#text\": \"0X30D432\"}, {\"@Name\": \"LogonType\", \"#text\": \"3\"}, {\"@Name\": \"LogonProcessName\", \"#text\": \"Kerberos\"}, {\"@Name\": \"AuthenticationPackageName\", \"#text\": \"Kerberos\"}, {\"@Name\": \"WorkstationName\", \"#text\": \"-\"}, {\"@Name\": \"LogonGuid\", \"#text\": \"c4ba4fb1-3d76-4dbc-a372-ab8fe70de6e5\"}, {\"@Name\": \"TransmittedServices\", \"#text\": \"-\"}, {\"@Name\": \"LmPackageName\", \"#text\": \"-\"}, {\"@Name\": \"KeyLength\", \"#text\": \"0\"}, {\"@Name\": \"ProcessId\", \"#text\": \"0x0\"}, {\"@Name\": \"ProcessName\", \"#text\": \"-\"}, {\"@Name\": \"IpAddress\", \"#text\": \"10.58.121.103\"}, {\"@Name\": \"IpPort\", \"#text\": \"45687\"}, {\"@Name\": \"ImpersonationLevel\", \"#text\": \"%%1833\"}, {\"@Name\": \"RestrictedAdminMode\", \"#text\": \"-\"}, {\"@Name\": \"TargetOutboundUserName\", \"#text\": \"-\"}, {\"@Name\": \"TargetOutboundDomainName\", \"#text\": \"-\"}, {\"@Name\": \"VirtualAccount\", \"#text\": \"%%1843\"}, {\"@Name\": \"TargetLinkedLogonId\", \"#text\": \"0x0\"}, {\"@Name\": \"ElevatedToken\", \"#text\": \"%%1842\"}]}}",
    "Channel": "Security",
    "Provider": "Microsoft-Windows-Security-Auditing",
    "EventId": 4624,
    "EventRecordId": "6306",
    "ProcessId": 669,
    "ThreadId": 3825,
    "Level": "LogAlways",
    "Keywords": "Audit success",
    "SourceFile": "C:\\Windows\\system32\\winevt\\Logs\\Security.evtx",
    "ExtraDataOffset": 0,
    "HiddenRecord": false,
    "TimeCreated": "2021-03-16T11:48:57.7856821+00:00",
    "RecordNumber": "6306"
}, {
    "PayloadData1": "Target: OOPS.NET\\simpson.shawn",
    "PayloadData2": "LogonType 3",
    "PayloadData3": "LogonId: 0X30D44E",
    "UserName": "-\\-",
    "RemoteHost": "- (10.58.121.103)",
    "ExecutableInfo": "-",
    "MapDescription": "Successful logon",
    "ChunkNumber": 0,
    "Computer": "OOPS-DC.oops.net",
    "Payload": "{\"EventData\": {\"Data\": [{\"@Name\": \"SubjectUserSid\", \"#text\": \"S-1-0-0\"}, {\"@Name\": \"SubjectUserName\", \"#text\": \"-\"}, {\"@Name\": \"SubjectDomainName\", \"#text\": \"-\"}, {\"@Name\": \"SubjectLogonId\", \"#text\": \"0x0\"}, {\"@Name\": \"TargetUserSid\", \"#text\": \"S-1-5-21-4271829-611451204-6422678655-1197\"}, {\"@Name\": \"TargetUserName\", \"#text\": \"simpson.shawn\"}, {\"@Name\": \"TargetDomainName\", \"#text\": \"OOPS.NET\"}, {\"@Name\": \"TargetLogonId\", \"#text\": \"0X30D44E\"}, {\"@Name\": \"LogonType\", \"#text\": \"3\"}, {\"@Name\": \"LogonProcessName\", \"#text\": \"Kerberos\"}, {\"@Name\": \"AuthenticationPackageName\", \"#text\": \"Kerberos\"}, {\"@Name\": \"WorkstationName\", \"#text\": \"-\"}, {\"@Name\": \"LogonGuid\", \"#text\": \"ad231e83-e555-49b6-a32f-8c7b79b2b7f9\"}, {\"@Name\": \"TransmittedServices\", \"#text\": \"-\"}, {\"@Name\": \"LmPackageName\", \"#text\": \"-\"}, {\"@Name\": \"KeyLength\", \"#text\": \"0\"}, {\"@Name\": \"ProcessId\", \"#text\": \"0x0\"}, {\"@Name\": \"ProcessName\", \"#text\": \"-\"}, {\"@Name\": \"IpAddress\", \"#text\": \"10.58.121.103\"}, {\"@Name\": \"IpPort\", \"#text\": \"45688\"}, {\"@Name\": \"ImpersonationLevel\", \"#text\": \"%%1833\"}, {\"@Name\": \"RestrictedAdminMode\", \"#text\": \"-\"}, {\"@Name\": \"TargetOutboundUserName\", \"#text\": \"-\"}, {\"@Name\": \"TargetOutboundDomainName\", \"#text\": \"-\"}, {\"@Name\": \"VirtualAccount\", \"#text\": \"%%1843\"}, {\"@Name\": \"TargetLinkedLogonId\", \"#text\": \"0x0\"}, {\"@Name\": \"ElevatedToken\", \"#text\": \"%%1842\"}]}}",
    "Channel": "Security",
    "Provider": "Microsoft-Windows-Security-Auditing",
    "EventId": 4624,
    "EventRecordId": "6309",
    "ProcessId": 669,
    "ThreadId": 3977,
    "Level": "LogAlways",
    "Keywords": "Audit success",
    "SourceFile": "C:\\Windows\\system32\\winevt\\Logs\\Security.evtx",
    "ExtraDataOffset": 0,
    "HiddenRecord": false,
    "TimeCreated": "2021-03-16T11:48:57.8498394+00:00",
    "RecordNumber": "6309"
}, {
    "PayloadData1": "Target: OOPS\\OOPS-WORKSTATION_3$",
    "PayloadData2": "LogonType 3",
    "PayloadData3": "LogonId: 0X30D432",
    "MapDescription": "An account was logged off",
    "ChunkNumber": 0,
    "Computer": "OOPS-DC.oops.net",
    "Payload": "{\"EventData\": {\"Data\": [{\"@Name\": \"TargetUserSid\", \"#text\": \"S-1-5-21-4271829-611451204-6422678655-1231\"}, {\"@Name\": \"TargetUserName\", \"#text\": \"OOPS-WORKSTATION_3$\"}, {\"@Name\": \"TargetDomainName\", \"#text\": \"OOPS\"}, {\"@Name\": \"TargetLogonId\", \"#text\": \"0X30D432\"}, {\"@Name\": \"LogonType\", \"#text\": \"3\"}]}}",
    "Channel": "Security",
    "Provider": "Microsoft-Windows-Security-Auditing",
    "EventId": 4634,
    "EventRecordId": "6311",
    "ProcessId": 669,
    "ThreadId": 2777,
    "Level": "LogAlways",
    "Keywords": "Audit success",
    "SourceFile": "C:\\Windows\\system32\\winevt\\Logs\\Security.evtx",
    "ExtraDataOffset": 0,
    "HiddenRecord": false,
    "TimeCreated": "2021-03-16T11:48:57.8796655+00:00",
    "RecordNumber": "6311"
}, {
    "PayloadData1": "Target: OOPS\\simpson.shawn",
    "PayloadData2": "LogonType 3",
    "PayloadData3": "LogonId: 0X30D44E",
    "MapDescription": "An account was logged off",
    "ChunkNumber": 0,
    "Computer": "OOPS-DC.oops.net",
    "Payload": "{\"EventData\": {\"Data\": [{\"@Name\": \"TargetUserSid\", \"#text\": \"S-1-5-21-4271829-611451204-6422678655-1197\"}, {\"@Name\": \"TargetUserName\", \"#text\": \"simpson.shawn\"}, {\"@Name\": \"TargetDomainName\", \"#text\": \"OOPS\"}, {\"@Name\": \"TargetLogonId\", \"#text\": \"0X30D44E\"}, {\"@Name\": \"LogonType\", \"#text\": \"3\"}]}}",
    "Channel": "Security",
    "Provider": "Microsoft-Windows-Security-Auditing",
    "EventId": 4634,
    "EventRecordId": "6314",
    "ProcessId": 669,
    "ThreadId": 2444,
    "Level": "LogAlways",
    "Keywords": "Audit success",
    "SourceFile": "C:\\Windows\\system32\\winevt\\Logs\\Security.evtx",
    "ExtraDataOffset": 0,
    "HiddenRecord": false,
    "TimeCreated": "2021-03-16T11:48:57.9504315+00:00",
    "RecordNumber": "6314"
}, {
    "PayloadData1": "Target: OOPS\\OOPS-WORKSTATION_3$",
    "PayloadData2": "LogonType 3",
    "PayloadData3": "LogonId: 0X30D425",
    "MapDescription": "An account was logged off",
    "ChunkNumber": 0,
    "Computer": "OOPS-DC.oops.net",
    "Payload": "{\"EventData\": {\"Data\": [{\"@Name\": \"TargetUserSid\", \"#text\": \"S-1-5-21-4271829-611451204-6422678655-1231\"}, {\"@Name\": \"TargetUserName\", \"#text\": \"OOPS-WORKSTATION_3$\"}, {\"@Name\": \"TargetDomainName\", \"#text\": \"OOPS\"}, {\"@Name\": \"TargetLogonId\", \"#text\": \"0X30D425\"}, {\"@Name\": \"LogonType\", \"#text\": \"3\"}]}}",
    "Channel": "Security",
    "Provider": "Microsoft-Windows-Security-Auditing",
    "EventId": 4634,
    "EventRecordId": "6319",
    "ProcessId": 669,
    "ThreadId": 7988,
    "Level": "LogAlways",
    "Keywords": "Audit success",
    "SourceFile": "C:\\Windows\\system32\\winevt\\Logs\\Security.evtx",
    "ExtraDataOffset": 0,
    "HiddenRecord": false,
    "TimeCreated": "2021-03-16T11:48:58.0071247+00:00",
    "RecordNumber": "6319"
}, {
    "PayloadData1": "Target: OOPS.NET\\OOPS-WORKSTATION_3$@OOPS.NET",
    "PayloadData2": "ServiceName: OOPS-WORKSTATION_3$",
    "PayloadData3": "ServiceSid: S-1-5-21-4271829-611451204-6422678655-1231",
    "PayloadData4": "TicketEncryptionType: AES256-CTS-HMAC-SHA1-96",
    "PayloadData5": "Status: KDC_ERR_NONE - No error - No errors were found.",
    "RemoteHost": "::ffff:10.58.121.103:45689",
    "MapDescription": "A Kerberos service ticket was requested",
    "ChunkNumber": 0,
    "Computer": "OOPS-DC.oops.net",
    "Payload": "{\"EventData\": {\"Data\": [{\"@Name\": \"TargetUserName\", \"#text\": \"OOPS-WORKSTATION_3$@OOPS.NET\"}, {\"@Name\": \"TargetDomainName\", \"#text\": \"OOPS.NET\"}, {\"@Name\": \"ServiceName\", \"#text\": \"OOPS-WORKSTATION_3$\"}, {\"@Name\": \"ServiceSid\", \"#text\": \"S-1-5-21-4271829-611451204-6422678655-1231\"}, {\"@Name\": \"TicketOptions\", \"#text\": \"0x40810000\"}, {\"@Name\": \"TicketEncryptionType\", \"#text\": \"0x12\"}, {\"@Name\": \"IpAddress\", \"#text\": \"::ffff:10.58.121.103\"}, {\"@Name\": \"IpPort\", \"#text\": \"45689\"}, {\"@Name\": \"Status\", \"#text\": \"0x0\"}, {\"@Name\": \"LogonGuid\", \"#text\": \"a862ad9d-bc54-4646-bdbe-bd0a2f25966c\"}, {\"@Name\": \"TransmittedServices\", \"#text\": \"-\"}]}}",
    "Channel": "Security",
    "Provider": "Microsoft-Windows-Security-Auditing",
    "EventId": 4769,
    "EventRecordId": "6323",
    "ProcessId": 669,
    "ThreadId": 3825,
    "Level": "LogAlways",
    "Keywords": "Audit success",
    "SourceFile": "C:\\Windows\\system32\\winevt\\Logs\\Security.evtx",
    "ExtraDataOffset": 0,
    "HiddenRecord": false,
    "TimeCreated": "2021-03-16T11:48:58.0471283+00:00",
    "RecordNumber": "6323"
}, {
    "PayloadData1": "Target: OOPS.NET\\OOPS-WORKSTATION_3$",
    "PayloadData2": "LogonType 3",
    "PayloadData3": "LogonId: 0X30D473",
    "UserName": "-\\-",
    "RemoteHost": "- (10.58.121.103)",
    "ExecutableInfo": "-",
    "MapDescription": "Successful logon",
    "ChunkNumber": 0,
    "Computer": "OOPS-DC.oops.net",
    "Payload": "{\"EventData\": {\"Data\": [{\"@Name\": \"SubjectUserSid\", \"#text\": \"S-1-0-0\"}, {\"@Name\": \"SubjectUserName\", \"#text\": \"-\"}, {\"@Name\": \"SubjectDomainName\", \"#text\": \"-\"}, {\"@Name\": \"SubjectLogonId\", \"#text\": \"0x0\"}, {\"@Name\": \"TargetUserSid\", \"#text\": \"S-1-5-21-4271829-611451204-6422678655-1231\"}, {\"@Name\": \"TargetUserName\", \"#text\": \"OOPS-WORKSTATION_3$\"}, {\"@Name\": \"TargetDomainName\", \"#text\": \"OOPS.NET\"}, {\"@Name\": \"TargetLogonId\", \"#text\": \"0X30D473\"}, {\"@Name\": \"LogonType\", \"#text\": \"3\"}, {\"@Name\": \"LogonProcessName\", \"#text\": \"Kerberos\"}, {\"@Name\": \"AuthenticationPackageName\", \"#text\": \"Kerberos\"}, {\"@Name\": \"WorkstationName\", \"#text\": \"-\"}, {\"@Name\": \"LogonGuid\", \"#text\": \"420bdd05-743e-45ef-9e02-9d1a991d419b\"}, {\"@Name\": \"TransmittedServices\", \"#text\": \"-\"}, {\"@Name\": \"LmPackageName\", \"#text\": \"-\"}, {\"@Name\": \"KeyLength\", \"#text\": \"0\"}, {\"@Name\": \"ProcessId\", \"#text\": \"0x0\"}, {\"@Name\": \"ProcessName\", \"#text\": \"-\"}, {\"@Name\": \"IpAddress\", \"#text\": \"10.58.121.103\"}, {\"@Name\": \"IpPort\", \"#text\": \"45690\"}, {\"@Name\": \"ImpersonationLevel\", \"#text\": \"%%1833\"}, {\"@Name\": \"RestrictedAdminMode\", \"#text\": \"-\"}, {\"@Name\": \"TargetOutboundUserName\", \"#text\": \"-\"}, {\"@Name\": \"TargetOutboundDomainName\", \"#text\": \"-\"}, {\"@Name\": \"VirtualAccount\", \"#text\": \"%%1843\"}, {\"@Name\": \"TargetLinkedLogonId\", \"#text\": \"0x0\"}, {\"@Name\": \"ElevatedToken\", \"#text\": \"%%1842\"}]}}",
    "Channel": "Security",
    "Provider": "Microsoft-Windows-Security-Auditing",
    "EventId": 4624,
    "EventRecordId": "6330",
    "ProcessId": 669,
    "ThreadId": 3977,
    "Level": "LogAlways",
    "Keywords": "Audit success",
    "SourceFile": "C:\\Windows\\system32\\winevt\\Logs\\Security.evtx",
    "ExtraDataOffset": 0,
    "HiddenRecord": false,
    "TimeCreated": "2021-03-16T11:48:58.1273921+00:00",
    "RecordNumber": "6330"
}, {
    "PayloadData1": "Target: OOPS.NET\\OOPS-WORKSTATION_3$",
    "PayloadData2": "LogonType 3",
    "PayloadData3": "LogonId: 0X30D4A1",
    "UserName": "-\\-",
    "RemoteHost": "- (10.58.121.103)",
    "ExecutableInfo": "-",
    "MapDescription": "Successful logon",
    "ChunkNumber": 0,
    "Computer": "OOPS-DC.oops.net",
    "Payload": "{\"EventData\": {\"Data\": [{\"@Name\": \"SubjectUserSid\", \"#text\": \"S-1-0-0\"}, {\"@Name\": \"SubjectUserName\", \"#text\": \"-\"}, {\"@Name\": \"SubjectDomainName\", \"#text\": \"-\"}, {\"@Name\": \"SubjectLogonId\", \"#text\": \"0x0\"}, {\"@Name\": \"TargetUserSid\", \"#text\": \"S-1-5-21-4271829-611451204-6422678655-1231\"}, {\"@Name\": \"TargetUserName\", \"#text\": \"OOPS-WORKSTATION_3$\"}, {\"@Name\": \"TargetDomainName\", \"#text\": \"OOPS.NET\"}, {\"@Name\": \"TargetLogonId\", \"#text\": \"0X30D4A1\"}, {\"@Name\": \"LogonType\", \"#text\": \"3\"}, {\"@Name\": \"LogonProcessName\", \"#text\": \"Kerberos\"}, {\"@Name\": \"AuthenticationPackageName\", \"#text\": \"Kerberos\"}, {\"@Name\": \"WorkstationName\", \"#text\": \"-\"}, {\"@Name\": \"LogonGuid\", \"#text\": \"4644d864-cf1c-4b8c-a15c-050c5cab31bf\"}, {\"@Name\": \"TransmittedServices\", \"#text\": \"-\"}, {\"@Name\": \"LmPackageName\", \"#text\": \"-\"}, {\"@Name\": \"KeyLength\", \"#text\": \"0\"}, {\"@Name\": \"ProcessId\", \"#text\": \"0x0\"}, {\"@Name\": \"ProcessName\", \"#text\": \"-\"}, {\"@Name\": \"IpAddress\", \"#text\": \"10.58.121.103\"}, {\"@Name\": \"IpPort\", \"#text\": \"45693\"}, {\"@Name\": \"ImpersonationLevel\", \"#text\": \"%%1833\"}, {\"@Name\": \"RestrictedAdminMode\", \"#text\": \"-\"}, {\"@Name\": \"TargetOutboundUserName\", \"#text\": \"-\"}, {\"@Name\": \"TargetOutboundDomainName\", \"#text\": \"-\"}, {\"@Name\": \"VirtualAccount\", \"#text\": \"%%1843\"}, {\"@Name\": \"TargetLinkedLogonId\", \"#text\": \"0x0\"}, {\"@Name\": \"ElevatedToken\", \"#text\": \"%%1842\"}]}}",
    "Channel": "Security",
    "Provider": "Microsoft-Windows-Security-Auditing",
    "EventId": 4624,
    "EventRecordId": "6336",
    "ProcessId": 669,
    "ThreadId": 2444,
    "Level": "LogAlways",
    "Keywords": "Audit success",
    "SourceFile": "C:\\Windows\\system32\\winevt\\Logs\\Security.evtx",
    "ExtraDataOffset": 0,
    "HiddenRecord": false,
    "TimeCreated": "2021-03-16T11:48:58.1886582+00:00",
    "RecordNumber": "6336"
}, {
    "PayloadData1": "Target: OOPS.NET\\OOPS-WORKSTATION_3$",
    "PayloadData2": "LogonType 3",
    "PayloadData3": "LogonId: 0X30D4C5",
    "UserName": "-\\-",
    "RemoteHost": "- (10.58.121.103)",
    "ExecutableInfo": "-",
    "MapDescription": "Successful logon",
    "ChunkNumber": 0,
    "Computer": "OOPS-DC.oops.net",
    "Payload": "{\"EventData\": {\"Data\": [{\"@Name\": \"SubjectUserSid\", \"#text\": \"S-1-0-0\"}, {\"@Name\": \"SubjectUserName\", \"#text\": \"-\"}, {\"@Name\": \"SubjectDomainName\", \"#text\": \"-\"}, {\"@Name\": \"SubjectLogonId\", \"#text\": \"0x0\"}, {\"@Name\": \"TargetUserSid\", \"#text\": \"S-1-5-21-4271829-611451204-6422678655-1231\"}, {\"@Name\": \"TargetUserName\", \"#text\": \"OOPS-WORKSTATION_3$\"}, {\"@Name\": \"TargetDomainName\", \"#text\": \"OOPS.NET\"}, {\"@Name\": \"TargetLogonId\", \"#text\": \"0X30D4C5\"}, {\"@Name\": \"LogonType\", \"#text\": \"3\"}, {\"@Name\": \"LogonProcessName\", \"#text\": \"Kerberos\"}, {\"@Name\": \"AuthenticationPackageName\", \"#text\": \"Kerberos\"}, {\"@Name\": \"WorkstationName\", \"#text\": \"-\"}, {\"@Name\": \"LogonGuid\", \"#text\": \"996027fa-2eff-4c5d-bbb3-730fedd7ef9c\"}, {\"@Name\": \"TransmittedServices\", \"#text\": \"-\"}, {\"@Name\": \"LmPackageName\", \"#text\": \"-\"}, {\"@Name\": \"KeyLength\", \"#text\": \"0\"}, {\"@Name\": \"ProcessId\", \"#text\": \"0x0\"}, {\"@Name\": \"ProcessName\", \"#text\": \"-\"}, {\"@Name\": \"IpAddress\", \"#text\": \"10.58.121.103\"}, {\"@Name\": \"IpPort\", \"#text\": \"45694\"}, {\"@Name\": \"ImpersonationLevel\", \"#text\": \"%%1833\"}, {\"@Name\": \"RestrictedAdminMode\", \"#text\": \"-\"}, {\"@Name\": \"TargetOutboundUserName\", \"#text\": \"-\"}, {\"@Name\": \"TargetOutboundDomainName\", \"#text\": \"-\"}, {\"@Name\": \"VirtualAccount\", \"#text\": \"%%1843\"}, {\"@Name\": \"TargetLinkedLogonId\", \"#text\": \"0x0\"}, {\"@Name\": \"ElevatedToken\", \"#text\": \"%%1842\"}]}}",
    "Channel": "Security",
    "Provider": "Microsoft-Windows-Security-Auditing",
    "EventId": 4624,
    "EventRecordId": "6342",
    "ProcessId": 669,
    "ThreadId": 2777,
    "Level": "LogAlways",
    "Keywords": "Audit success",
    "SourceFile": "C:\\Windows\\system32\\winevt\\Logs\\Security.evtx",
    "ExtraDataOffset": 0,
    "HiddenRecord": false,
    "TimeCreated": "2021-03-16T11:48:58.2499650+00:00",
    "RecordNumber": "6342"
}, {
    "PayloadData1": "Target: OOPS\\OOPS-WORKSTATION_3$",
    "PayloadData2": "LogonType 3",
    "PayloadData3": "LogonId: 0X30D4C5",
    "MapDescription": "An account was logged off",
    "ChunkNumber": 0,
    "Computer": "OOPS-DC.oops.net",
    "Payload": "{\"EventData\": {\"Data\": [{\"@Name\": \"TargetUserSid\", \"#text\": \"S-1-5-21-4271829-611451204-6422678655-1231\"}, {\"@Name\": \"TargetUserName\", \"#text\": \"OOPS-WORKSTATION_3$\"}, {\"@Name\": \"TargetDomainName\", \"#text\": \"OOPS\"}, {\"@Name\": \"TargetLogonId\", \"#text\": \"0X30D4C5\"}, {\"@Name\": \"LogonType\", \"#text\": \"3\"}]}}",
    "Channel": "Security",
    "Provider": "Microsoft-Windows-Security-Auditing",
    "EventId": 4634,
    "EventRecordId": "6344",
    "ProcessId": 669,
    "ThreadId": 3825,
    "Level": "LogAlways",
    "Keywords": "Audit success",
    "SourceFile": "C:\\Windows\\system32\\winevt\\Logs\\Security.evtx",
    "ExtraDataOffset": 0,
    "HiddenRecord": false,
    "TimeCreated": "2021-03-16T11:48:58.2798423+00:00",
    "RecordNumber": "6344"
}, {
    "PayloadData1": "Target: OOPS\\OOPS-WORKSTATION_3$",
    "PayloadData2": "LogonType 3",
    "PayloadData3": "LogonId: 0X30D4A1",
    "MapDescription": "An account was logged off",
    "ChunkNumber": 0,
    "Computer": "OOPS-DC.oops.net",
    "Payload": "{\"EventData\": {\"Data\": [{\"@Name\": \"TargetUserSid\", \"#text\": \"S-1-5-21-4271829-611451204-6422678655-1231\"}, {\"@Name\": \"TargetUserName\", \"#text\": \"OOPS-WORKSTATION_3$\"}, {\"@Name\": \"TargetDomainName\", \"#text\": \"OOPS\"}, {\"@Name\": \"TargetLogonId\", \"#text\": \"0X30D4A1\"}, {\"@Name\": \"LogonType\", \"#text\": \"3\"}]}}",
    "Channel": "Security",
    "Provider": "Microsoft-Windows-Security-Auditing",
    "EventId": 4634,
    "EventRecordId": "6346",
    "ProcessId": 669,
    "ThreadId": 2777,
    "Level": "LogAlways",
    "Keywords": "Audit success",
    "SourceFile": "C:\\Windows\\system32\\winevt\\Logs\\Security.evtx",
    "ExtraDataOffset": 0,
    "HiddenRecord": false,
    "TimeCreated": "2021-03-16T11:48:58.3029187+00:00",
    "RecordNumber": "6346"
}, {
    "PayloadData1": "Target: OOPS\\OOPS-WORKSTATION_3$",
    "PayloadData2": "LogonType 3",
    "PayloadData3": "LogonId: 0X30D473",
    "MapDescription": "An account was logged off",
    "ChunkNumber": 0,
    "Computer": "OOPS-DC.oops.net",
    "Payload": "{\"EventData\": {\"Data\": [{\"@Name\": \"TargetUserSid\", \"#text\": \"S-1-5-21-4271829-611451204-6422678655-1231\"}, {\"@Name\": \"TargetUserName\", \"#text\": \"OOPS-WORKSTATION_3$\"}, {\"@Name\": \"TargetDomainName\", \"#text\": \"OOPS\"}, {\"@Name\": \"TargetLogonId\", \"#text\": \"0X30D473\"}, {\"@Name\": \"LogonType\", \"#text\": \"3\"}]}}",
    "Channel": "Security",
    "Provider": "Microsoft-Windows-Security-Auditing",
    "EventId": 4634,
    "EventRecordId": "6353",
    "ProcessId": 669,
    "ThreadId": 3977,
    "Level": "LogAlways",
    "Keywords": "Audit success",
    "SourceFile": "C:\\Windows\\system32\\winevt\\Logs\\Security.evtx",
    "ExtraDataOffset": 0,
    "HiddenRecord": false,
    "TimeCreated": "2021-03-16T11:48:58.3792100+00:00",
    "RecordNumber": "6353"
}, {
    "PayloadData1": "Target: OOPS\\montgomery.jennifer",
    "PayloadData2": "LogonType 3",
    "PayloadData3": "LogonId: 0X30D303",
    "MapDescription": "An account was logged off",
    "ChunkNumber": 0,
    "Computer": "OOPS-DC.oops.net",
    "Payload": "{\"EventData\": {\"Data\": [{\"@Name\": \"TargetUserSid\", \"#text\": \"S-1-5-21-4271829-611451204-6422678655-1151\"}, {\"@Name\": \"TargetUserName\", \"#text\": \"montgomery.jennifer\"}, {\"@Name\": \"TargetDomainName\", \"#text\": \"OOPS\"}, {\"@Name\": \"TargetLogonId\", \"#text\": \"0X30D303\"}, {\"@Name\": \"LogonType\", \"#text\": \"3\"}]}}",
    "Channel": "Security",
    "Provider": "Microsoft-Windows-Security-Auditing",
    "EventId": 4634,
    "EventRecordId": "6356",
    "ProcessId": 669,
    "ThreadId": 3977,
    "Level": "LogAlways",
    "Keywords": "Audit success",
    "SourceFile": "C:\\Windows\\system32\\winevt\\Logs\\Security.evtx",
    "ExtraDataOffset": 0,
    "HiddenRecord": false,
    "TimeCreated": "2021-03-16T11:52:45.4576273+00:00",
    "RecordNumber": "6356"
}, {
    "PayloadData1": "Target: OOPS.NET\\montgomery.jennifer@OOPS.NET",
    "PayloadData2": "ServiceName: OOPS-DC$",
    "PayloadData3": "ServiceSid: S-1-5-21-4271829-611451204-6422678655-1000",
    "PayloadData4": "TicketEncryptionType: AES256-CTS-HMAC-SHA1-96",
    "PayloadData5": "Status: KDC_ERR_NONE - No error - No errors were found.",
    "RemoteHost": "::ffff:10.58.121.34:26193",
    "MapDescription": "A Kerberos service ticket was requested",
    "ChunkNumber": 0,
    "Computer": "OOPS-DC.oops.net",
    "Payload": "{\"EventData\": {\"Data\": [{\"@Name\": \"TargetUserName\", \"#text\": \"montgomery.jennifer@OOPS.NET\"}, {\"@Name\": \"TargetDomainName\", \"#text\": \"OOPS.NET\"}, {\"@Name\": \"ServiceName\", \"#text\": \"OOPS-DC$\"}, {\"@Name\": \"ServiceSid\", \"#text\": \"S-1-5-21-4271829-611451204-6422678655-1000\"}, {\"@Name\": \"TicketOptions\", \"#text\": \"0x40810000\"}, {\"@Name\": \"TicketEncryptionType\", \"#text\": \"0x12\"}, {\"@Name\": \"IpAddress\", \"#text\": \"::ffff:10.58.121.34\"}, {\"@Name\": \"IpPort\", \"#text\": \"26193\"}, {\"@Name\": \"Status\", \"#text\": \"0x0\"}, {\"@Name\": \"LogonGuid\", \"#text\": \"d6e07874-32c0-41e6-9aed-e222d543b3ad\"}, {\"@Name\": \"TransmittedServices\", \"#text\": \"-\"}]}}",
    "Channel": "Security",
    "Provider": "Microsoft-Windows-Security-Auditing",
    "EventId": 4769,
    "EventRecordId": "6359",
    "ProcessId": 669,
    "ThreadId": 2777,
    "Level": "LogAlways",
    "Keywords": "Audit success",
    "SourceFile": "C:\\Windows\\system32\\winevt\\Logs\\Security.evtx",
    "ExtraDataOffset": 0,
    "HiddenRecord": false,
    "TimeCreated": "2021-03-16T11:53:15.5127953+00:00",
    "RecordNumber": "6359"
}, {
    "PayloadData1": "Target: OOPS.NET\\montgomery.jennifer@OOPS.NET",
    "PayloadData2": "ServiceName: krbtgt",
    "PayloadData3": "ServiceSid: S-1-5-21-4271829-611451204-6422678655-502",
    "PayloadData4": "TicketEncryptionType: AES256-CTS-HMAC-SHA1-96",
    "PayloadData5": "Status: KDC_ERR_NONE - No error - No errors were found.",
    "RemoteHost": "::ffff:10.58.121.34:26194",
    "MapDescription": "A Kerberos service ticket was requested",
    "ChunkNumber": 0,
    "Computer": "OOPS-DC.oops.net",
    "Payload": "{\"EventData\": {\"Data\": [{\"@Name\": \"TargetUserName\", \"#text\": \"montgomery.jennifer@OOPS.NET\"}, {\"@Name\": \"TargetDomainName\", \"#text\": \"OOPS.NET\"}, {\"@Name\": \"ServiceName\", \"#text\": \"krbtgt\"}, {\"@Name\": \"ServiceSid\", \"#text\": \"S-1-5-21-4271829-611451204-6422678655-502\"}, {\"@Name\": \"TicketOptions\", \"#text\": \"0x60810010\"}, {\"@Name\": \"TicketEncryptionType\", \"#text\": \"0x12\"}, {\"@Name\": \"IpAddress\", \"#text\": \"::ffff:10.58.121.34\"}, {\"@Name\": \"IpPort\", \"#text\": \"26194\"}, {\"@Name\": \"Status\", \"#text\": \"0x0\"}, {\"@Name\": \"LogonGuid\", \"#text\": \"2414d198-f553-4988-ab14-0394519fa99c\"}, {\"@Name\": \"TransmittedServices\", \"#text\": \"-\"}]}}",
    "Channel": "Security",
    "Provider": "Microsoft-Windows-Security-Auditing",
    "EventId": 4769,
    "EventRecordId": "6362",
    "ProcessId": 669,
    "ThreadId": 2444,
    "Level": "LogAlways",
    "Keywords": "Audit success",
    "SourceFile": "C:\\Windows\\system32\\winevt\\Logs\\Security.evtx",
    "ExtraDataOffset": 0,
    "HiddenRecord": false,
    "TimeCreated": "2021-03-16T11:53:15.5648379+00:00",
    "RecordNumber": "6362"
}, {
    "PayloadData1": "Target: OOPS.NET\\montgomery.jennifer",
    "PayloadData2": "LogonType 3",
    "PayloadData3": "LogonId: 0X30D3E2",
    "UserName": "-\\-",
    "RemoteHost": "- (10.58.121.34)",
    "ExecutableInfo": "-",
    "MapDescription": "Successful logon",
    "ChunkNumber": 0,
    "Computer": "OOPS-DC.oops.net",
    "Payload": "{\"EventData\": {\"Data\": [{\"@Name\": \"SubjectUserSid\", \"#text\": \"S-1-0-0\"}, {\"@Name\": \"SubjectUserName\", \"#text\": \"-\"}, {\"@Name\": \"SubjectDomainName\", \"#text\": \"-\"}, {\"@Name\": \"SubjectLogonId\", \"#text\": \"0x0\"}, {\"@Name\": \"TargetUserSid\", \"#text\": \"S-1-5-21-4271829-611451204-6422678655-1151\"}, {\"@Name\": \"TargetUserName\", \"#text\": \"montgomery.jennifer\"}, {\"@Name\": \"TargetDomainName\", \"#text\": \"OOPS.NET\"}, {\"@Name\": \"TargetLogonId\", \"#text\": \"0X30D3E2\"}, {\"@Name\": \"LogonType\", \"#text\": \"3\"}, {\"@Name\": \"LogonProcessName\", \"#text\": \"Kerberos\"}, {\"@Name\": \"AuthenticationPackageName\", \"#text\": \"Kerberos\"}, {\"@Name\": \"WorkstationName\", \"#text\": \"-\"}, {\"@Name\": \"LogonGuid\", \"#text\": \"22a6ddc0-1459-4dd9-9d2e-42c928788eee\"}, {\"@Name\": \"TransmittedServices\", \"#text\": \"-\"}, {\"@Name\": \"LmPackageName\", \"#text\": \"-\"}, {\"@Name\": \"KeyLength\", \"#text\": \"0\"}, {\"@Name\": \"ProcessId\", \"#text\": \"0x0\"}, {\"@Name\": \"ProcessName\", \"#text\": \"-\"}, {\"@Name\": \"IpAddress\", \"#text\": \"10.58.121.34\"}, {\"@Name\": \"IpPort\", \"#text\": \"26196\"}, {\"@Name\": \"ImpersonationLevel\", \"#text\": \"%%1840\"}, {\"@Name\": \"RestrictedAdminMode\", \"#text\": \"-\"}, {\"@Name\": \"TargetOutboundUserName\", \"#text\": \"-\"}, {\"@Name\": \"TargetOutboundDomainName\", \"#text\": \"-\"}, {\"@Name\": \"VirtualAccount\", \"#text\": \"%%1843\"}, {\"@Name\": \"TargetLinkedLogonId\", \"#text\": \"0x0\"}, {\"@Name\": \"ElevatedToken\", \"#text\": \"%%1842\"}]}}",
    "Channel": "Security",
    "Provider": "Microsoft-Windows-Security-Auditing",
    "EventId": 4624,
    "EventRecordId": "6366",
    "ProcessId": 669,
    "ThreadId": 2777,
    "Level": "LogAlways",
    "Keywords": "Audit success",
    "SourceFile": "C:\\Windows\\system32\\winevt\\Logs\\Security.evtx",
    "ExtraDataOffset": 0,
    "HiddenRecord": false,
    "TimeCreated": "2021-03-16T11:53:15.6094936+00:00",
    "RecordNumber": "6366"
}, {
    "PayloadData1": "Target: OOPS\\montgomery.jennifer",
    "PayloadData2": "LogonType 3",
    "PayloadData3": "LogonId: 0X30D3E2",
    "MapDescription": "An account was logged off",
    "ChunkNumber": 0,
    "Computer": "OOPS-DC.oops.net",
    "Payload": "{\"EventData\": {\"Data\": [{\"@Name\": \"TargetUserSid\", \"#text\": \"S-1-5-21-4271829-611451204-6422678655-1151\"}, {\"@Name\": \"TargetUserName\", \"#text\": \"montgomery.jennifer\"}, {\"@Name\": \"TargetDomainName\", \"#text\": \"OOPS\"}, {\"@Name\": \"TargetLogonId\", \"#text\": \"0X30D3E2\"}, {\"@Name\": \"LogonType\", \"#text\": \"3\"}]}}",
    "Channel": "Security",
    "Provider": "Microsoft-Windows-Security-Auditing",
    "EventId": 4634,
    "EventRecordId": "6368",
    "ProcessId": 669,
    "ThreadId": 3977,
    "Level": "LogAlways",
    "Keywords": "Audit success",
    "SourceFile": "C:\\Windows\\system32\\winevt\\Logs\\Security.evtx",
    "ExtraDataOffset": 0,
    "HiddenRecord": false,
    "TimeCreated": "2021-03-16T11:53:27.6630492+00:00",
    "RecordNumber": "6368"
}, {
    "PayloadData1": "Target: OOPS\\simpson.shawn",
    "PayloadData2": "LogonType 3",
    "PayloadData3": "LogonId: 0X30D404",
    "MapDescription": "An account was logged off",
    "ChunkNumber": 0,
    "Computer": "OOPS-DC.oops.net",
    "Payload": "{\"EventData\": {\"Data\": [{\"@Name\": \"TargetUserSid\", \"#text\": \"S-1-5-21-4271829-611451204-6422678655-1197\"}, {\"@Name\": \"TargetUserName\", \"#text\": \"simpson.shawn\"}, {\"@Name\": \"TargetDomainName\", \"#text\": \"OOPS\"}, {\"@Name\": \"TargetLogonId\", \"#text\": \"0X30D404\"}, {\"@Name\": \"LogonType\", \"#text\": \"3\"}]}}",
    "Channel": "Security",
    "Provider": "Microsoft-Windows-Security-Auditing",
    "EventId": 4634,
    "EventRecordId": "6376",
    "ProcessId": 669,
    "ThreadId": 3825,
    "Level": "LogAlways",
    "Keywords": "Audit success",
    "SourceFile": "C:\\Windows\\system32\\winevt\\Logs\\Security.evtx",
    "ExtraDataOffset": 0,
    "HiddenRecord": false,
    "TimeCreated": "2021-03-16T12:00:55.4243895+00:00",
    "RecordNumber": "6376"
}, {
    "PayloadData1": "Target: OOPS.NET\\simpson.shawn@OOPS.NET",
    "PayloadData2": "ServiceName: OOPS-DC$",
    "PayloadData3": "ServiceSid: S-1-5-21-4271829-611451204-6422678655-1000",
    "PayloadData4": "TicketEncryptionType: AES256-CTS-HMAC-SHA1-96",
    "PayloadData5": "Status: KDC_ERR_NONE - No error - No errors were found.",
    "RemoteHost": "::ffff:10.58.121.103:45696",
    "MapDescription": "A Kerberos service ticket was requested",
    "ChunkNumber": 0,
    "Computer": "OOPS-DC.oops.net",
    "Payload": "{\"EventData\": {\"Data\": [{\"@Name\": \"TargetUserName\", \"#text\": \"simpson.shawn@OOPS.NET\"}, {\"@Name\": \"TargetDomainName\", \"#text\": \"OOPS.NET\"}, {\"@Name\": \"ServiceName\", \"#text\": \"OOPS-DC$\"}, {\"@Name\": \"ServiceSid\", \"#text\": \"S-1-5-21-4271829-611451204-6422678655-1000\"}, {\"@Name\": \"TicketOptions\", \"#text\": \"0x40810000\"}, {\"@Name\": \"TicketEncryptionType\", \"#text\": \"0x12\"}, {\"@Name\": \"IpAddress\", \"#text\": \"::ffff:10.58.121.103\"}, {\"@Name\": \"IpPort\", \"#text\": \"45696\"}, {\"@Name\": \"Status\", \"#text\": \"0x0\"}, {\"@Name\": \"LogonGuid\", \"#text\": \"03426ca1-1efd-47a4-90d3-539df8fa37ae\"}, {\"@Name\": \"TransmittedServices\", \"#text\": \"-\"}]}}",
    "Channel": "Security",
    "Provider": "Microsoft-Windows-Security-Auditing",
    "EventId": 4769,
    "EventRecordId": "6385",
    "ProcessId": 669,
    "ThreadId": 3825,
    "Level": "LogAlways",
    "Keywords": "Audit success",
    "SourceFile": "C:\\Windows\\system32\\winevt\\Logs\\Security.evtx",
    "ExtraDataOffset": 0,
    "HiddenRecord": false,
    "TimeCreated": "2021-03-16T12:01:25.4833021+00:00",
    "RecordNumber": "6385"
}, {
    "PayloadData1": "Target: OOPS.NET\\simpson.shawn@OOPS.NET",
    "PayloadData2": "ServiceName: krbtgt",
    "PayloadData3": "ServiceSid: S-1-5-21-4271829-611451204-6422678655-502",
    "PayloadData4": "TicketEncryptionType: AES256-CTS-HMAC-SHA1-96",
    "PayloadData5": "Status: KDC_ERR_NONE - No error - No errors were found.",
    "RemoteHost": "::ffff:10.58.121.103:45698",
    "MapDescription": "A Kerberos service ticket was requested",
    "ChunkNumber": 0,
    "Computer": "OOPS-DC.oops.net",
    "Payload": "{\"EventData\": {\"Data\": [{\"@Name\": \"TargetUserName\", \"#text\": \"simpson.shawn@OOPS.NET\"}, {\"@Name\": \"TargetDomainName\", \"#text\": \"OOPS.NET\"}, {\"@Name\": \"ServiceName\", \"#text\": \"krbtgt\"}, {\"@Name\": \"ServiceSid\", \"#text\": \"S-1-5-21-4271829-611451204-6422678655-502\"}, {\"@Name\": \"TicketOptions\", \"#text\": \"0x60810010\"}, {\"@Name\": \"TicketEncryptionType\", \"#text\": \"0x12\"}, {\"@Name\": \"IpAddress\", \"#text\": \"::ffff:10.58.121.103\"}, {\"@Name\": \"IpPort\", \"#text\": \"45698\"}, {\"@Name\": \"Status\", \"#text\": \"0x0\"}, {\"@Name\": \"LogonGuid\", \"#text\": \"aee0c972-1dbe-4008-b7c2-9a16032e6fe9\"}, {\"@Name\": \"TransmittedServices\", \"#text\": \"-\"}]}}",
    "Channel": "Security",
    "Provider": "Microsoft-Windows-Security-Auditing",
    "EventId": 4769,
    "EventRecordId": "6387",
    "ProcessId": 669,
    "ThreadId": 7988,
    "Level": "LogAlways",
    "Keywords": "Audit success",
    "SourceFile": "C:\\Windows\\system32\\winevt\\Logs\\Security.evtx",
    "ExtraDataOffset": 0,
    "HiddenRecord": false,
    "TimeCreated": "2021-03-16T12:01:25.5131045+00:00",
    "RecordNumber": "6387"
}, {
    "PayloadData1": "Target: OOPS.NET\\simpson.shawn",
    "PayloadData2": "LogonType 3",
    "PayloadData3": "LogonId: 0X30D4DA",
    "UserName": "-\\-",
    "RemoteHost": "- (10.58.121.103)",
    "ExecutableInfo": "-",
    "MapDescription": "Successful logon",
    "ChunkNumber": 0,
    "Computer": "OOPS-DC.oops.net",
    "Payload": "{\"EventData\": {\"Data\": [{\"@Name\": \"SubjectUserSid\", \"#text\": \"S-1-0-0\"}, {\"@Name\": \"SubjectUserName\", \"#text\": \"-\"}, {\"@Name\": \"SubjectDomainName\", \"#text\": \"-\"}, {\"@Name\": \"SubjectLogonId\", \"#text\": \"0x0\"}, {\"@Name\": \"TargetUserSid\", \"#text\": \"S-1-5-21-4271829-611451204-6422678655-1197\"}, {\"@Name\": \"TargetUserName\", \"#text\": \"simpson.shawn\"}, {\"@Name\": \"TargetDomainName\", \"#text\": \"OOPS.NET\"}, {\"@Name\": \"TargetLogonId\", \"#text\": \"0X30D4DA\"}, {\"@Name\": \"LogonType\", \"#text\": \"3\"}, {\"@Name\": \"LogonProcessName\", \"#text\": \"Kerberos\"}, {\"@Name\": \"AuthenticationPackageName\", \"#text\": \"Kerberos\"}, {\"@Name\": \"WorkstationName\", \"#text\": \"-\"}, {\"@Name\": \"LogonGuid\", \"#text\": \"3ca4a73e-968d-4dff-a1a3-e7ddfca25660\"}, {\"@Name\": \"TransmittedServices\", \"#text\": \"-\"}, {\"@Name\": \"LmPackageName\", \"#text\": \"-\"}, {\"@Name\": \"KeyLength\", \"#text\": \"0\"}, {\"@Name\": \"ProcessId\", \"#text\": \"0x0\"}, {\"@Name\": \"ProcessName\", \"#text\": \"-\"}, {\"@Name\": \"IpAddress\", \"#text\": \"10.58.121.103\"}, {\"@Name\": \"IpPort\", \"#text\": \"45699\"}, {\"@Name\": \"ImpersonationLevel\", \"#text\": \"%%1840\"}, {\"@Name\": \"RestrictedAdminMode\", \"#text\": \"-\"}, {\"@Name\": \"TargetOutboundUserName\", \"#text\": \"-\"}, {\"@Name\": \"TargetOutboundDomainName\", \"#text\": \"-\"}, {\"@Name\": \"VirtualAccount\", \"#text\": \"%%1843\"}, {\"@Name\": \"TargetLinkedLogonId\", \"#text\": \"0x0\"}, {\"@Name\": \"ElevatedToken\", \"#text\": \"%%1842\"}]}}",
    "Channel": "Security",
    "Provider": "Microsoft-Windows-Security-Auditing",
    "EventId": 4624,
    "EventRecordId": "6389",
    "ProcessId": 669,
    "ThreadId": 2777,
    "Level": "LogAlways",
    "Keywords": "Audit success",
    "SourceFile": "C:\\Windows\\system32\\winevt\\Logs\\Security.evtx",
    "ExtraDataOffset": 0,
    "HiddenRecord": false,
    "TimeCreated": "2021-03-16T12:01:25.5976129+00:00",
    "RecordNumber": "6389"
}, {
    "PayloadData1": "Target: OOPS\\simpson.shawn",
    "PayloadData2": "LogonType 3",
    "PayloadData3": "LogonId: 0X30D4DA",
    "MapDescription": "An account was logged off",
    "ChunkNumber": 0,
    "Computer": "OOPS-DC.oops.net",
    "Payload": "{\"EventData\": {\"Data\": [{\"@Name\": \"TargetUserSid\", \"#text\": \"S-1-5-21-4271829-611451204-6422678655-1197\"}, {\"@Name\": \"TargetUserName\", \"#text\": \"simpson.shawn\"}, {\"@Name\": \"TargetDomainName\", \"#text\": \"OOPS\"}, {\"@Name\": \"TargetLogonId\", \"#text\": \"0X30D4DA\"}, {\"@Name\": \"LogonType\", \"#text\": \"3\"}]}}",
    "Channel": "Security",
    "Provider": "Microsoft-Windows-Security-Auditing",
    "EventId": 4634,
    "EventRecordId": "6393",
    "ProcessId": 669,
    "ThreadId": 2444,
    "Level": "LogAlways",
    "Keywords": "Audit success",
    "SourceFile": "C:\\Windows\\system32\\winevt\\Logs\\Security.evtx",
    "ExtraDataOffset": 0,
    "HiddenRecord": false,
    "TimeCreated": "2021-03-16T12:01:37.6705534+00:00",
    "RecordNumber": "6393"
}, {
    "PayloadData1": "Target: OOPS\\watson.susan",
    "PayloadData2": "ServiceName: krbtgt",
    "PayloadData3": "ServiceSid: S-1-5-21-4271829-611451204-6422678655-502",
    "PayloadData4": "TicketEncryptionType: AES256-CTS-HMAC-SHA1-96",
    "PayloadData5": "Status: KDC_ERR_NONE - No error - No errors were found.",
    "PayloadData6": "PreAuthType: PA-ENC-TIMESTAMP - This type is normal for standard password authentication.",
    "RemoteHost": "::ffff:10.58.121.54:38617",
    "MapDescription": "A Kerberos authentication ticket (TGT) was requested",
    "ChunkNumber": 0,
    "Computer": "OOPS-DC.oops.net",
    "Payload": "{\"EventData\": {\"Data\": [{\"@Name\": \"TargetUserName\", \"#text\": \"watson.susan\"}, {\"@Name\": \"TargetDomainName\", \"#text\": \"OOPS\"}, {\"@Name\": \"TargetSid\", \"#text\": \"S-1-5-21-4271829-611451204-6422678655-1179\"}, {\"@Name\": \"ServiceName\", \"#text\": \"krbtgt\"}, {\"@Name\": \"ServiceSid\", \"#text\": \"S-1-5-21-4271829-611451204-6422678655-502\"}, {\"@Name\": \"TicketOptions\", \"#text\": \"0x40810010\"}, {\"@Name\": \"Status\", \"#text\": \"0x0\"}, {\"@Name\": \"TicketEncryptionType\", \"#text\": \"0x12\"}, {\"@Name\": \"PreAuthType\", \"#text\": \"2\"}, {\"@Name\": \"IpAddress\", \"#text\": \"::ffff:10.58.121.54\"}, {\"@Name\": \"IpPort\", \"#text\": \"38617\"}, {\"@Name\": \"CertIssuerName\"}, {\"@Name\": \"CertSerialNumber\"}, {\"@Name\": \"CertThumbprint\"}]}}",
    "Channel": "Security",
    "Provider": "Microsoft-Windows-Security-Auditing",
    "EventId": 4768,
    "EventRecordId": "6398",
    "ProcessId": 669,
    "ThreadId": 3977,
    "Level": "LogAlways",
    "Keywords": "Audit success",
    "SourceFile": "C:\\Windows\\system32\\winevt\\Logs\\Security.evtx",
    "ExtraDataOffset": 0,
    "HiddenRecord": false,
    "TimeCreated": "2021-03-16T12:04:51.2273673+00:00",
    "RecordNumber": "6398"
}, {
    "PayloadData1": "Target: OOPS.NET\\watson.susan@OOPS.NET",
    "PayloadData2": "ServiceName: OOPS-WORKSTATION_7$",
    "PayloadData3": "ServiceSid: S-1-5-21-4271829-611451204-6422678655-1140",
    "PayloadData4": "TicketEncryptionType: AES256-CTS-HMAC-SHA1-96",
    "PayloadData5": "Status: KDC_ERR_NONE - No error - No errors were found.",
    "RemoteHost": "::ffff:10.58.121.54:38620",
    "MapDescription": "A Kerberos service ticket was requested",
    "ChunkNumber": 0,
    "Computer": "OOPS-DC.oops.net",
    "Payload": "{\"EventData\": {\"Data\": [{\"@Name\": \"TargetUserName\", \"#text\": \"watson.susan@OOPS.NET\"}, {\"@Name\": \"TargetDomainName\", \"#text\": \"OOPS.NET\"}, {\"@Name\": \"ServiceName\", \"#text\": \"OOPS-WORKSTATION_7$\"}, {\"@Name\": \"ServiceSid\", \"#text\": \"S-1-5-21-4271829-611451204-6422678655-1140\"}, {\"@Name\": \"TicketOptions\", \"#text\": \"0x40810000\"}, {\"@Name\": \"TicketEncryptionType\", \"#text\": \"0x12\"}, {\"@Name\": \"IpAddress\", \"#text\": \"::ffff:10.58.121.54\"}, {\"@Name\": \"IpPort\", \"#text\": \"38620\"}, {\"@Name\": \"Status\", \"#text\": \"0x0\"}, {\"@Name\": \"LogonGuid\", \"#text\": \"7cdba6ab-6090-46be-8336-beb8c0b2e8ca\"}, {\"@Name\": \"TransmittedServices\", \"#text\": \"-\"}]}}",
    "Channel": "Security",
    "Provider": "Microsoft-Windows-Security-Auditing",
    "EventId": 4769,
    "EventRecordId": "6400",
    "ProcessId": 669,
    "ThreadId": 3977,
    "Level": "LogAlways",
    "Keywords": "Audit success",
    "SourceFile": "C:\\Windows\\system32\\winevt\\Logs\\Security.evtx",
    "ExtraDataOffset": 0,
    "HiddenRecord": false,
    "TimeCreated": "2021-03-16T12:04:51.2563395+00:00",
    "RecordNumber": "6400"
}, {
    "PayloadData1": "Target: OOPS.NET\\watson.susan@OOPS.NET",
    "PayloadData2": "ServiceName: OOPS-DC$",
    "PayloadData3": "ServiceSid: S-1-5-21-4271829-611451204-6422678655-1000",
    "PayloadData4": "TicketEncryptionType: AES256-CTS-HMAC-SHA1-96",
    "PayloadData5": "Status: KDC_ERR_NONE - No error - No errors were found.",
    "RemoteHost": "::ffff:10.58.121.54:38622",
    "MapDescription": "A Kerberos service ticket was requested",
    "ChunkNumber": 0,
    "Computer": "OOPS-DC.oops.net",
    "Payload": "{\"EventData\": {\"Data\": [{\"@Name\": \"TargetUserName\", \"#text\": \"watson.susan@OOPS.NET\"}, {\"@Name\": \"TargetDomainName\", \"#text\": \"OOPS.NET\"}, {\"@Name\": \"ServiceName\", \"#text\": \"OOPS-DC$\"}, {\"@Name\": \"ServiceSid\", \"#text\": \"S-1-5-21-4271829-611451204-6422678655-1000\"}, {\"@Name\": \"TicketOptions\", \"#text\": \"0x40800000\"}, {\"@Name\": \"TicketEncryptionType\", \"#text\": \"0x12\"}, {\"@Name\": \"IpAddress\", \"#text\": \"::ffff:10.58.121.54\"}, {\"@Name\": \"IpPort\", \"#text\": \"38622\"}, {\"@Name\": \"Status\", \"#text\": \"0x0\"}, {\"@Name\": \"LogonGuid\", \"#text\": \"3dcd21b1-06bd-4dc6-88aa-85f02ac3e305\"}, {\"@Name\": \"TransmittedServices\", \"#text\": \"-\"}]}}",
    "Channel": "Security",
    "Provider": "Microsoft-Windows-Security-Auditing",
    "EventId": 4769,
    "EventRecordId": "6402",
    "ProcessId": 669,
    "ThreadId": 3977,
    "Level": "LogAlways",
    "Keywords": "Audit success",
    "SourceFile": "C:\\Windows\\system32\\winevt\\Logs\\Security.evtx",
    "ExtraDataOffset": 0,
    "HiddenRecord": false,
    "TimeCreated": "2021-03-16T12:04:52.2910572+00:00",
    "RecordNumber": "6402"
}, {
    "PayloadData1": "Target: OOPS.NET\\watson.susan",
    "PayloadData2": "LogonType 3",
    "PayloadData3": "LogonId: 0X30D4ED",
    "UserName": "-\\-",
    "RemoteHost": "- (10.58.121.54)",
    "ExecutableInfo": "-",
    "MapDescription": "Successful logon",
    "ChunkNumber": 0,
    "Computer": "OOPS-DC.oops.net",
    "Payload": "{\"EventData\": {\"Data\": [{\"@Name\": \"SubjectUserSid\", \"#text\": \"S-1-0-0\"}, {\"@Name\": \"SubjectUserName\", \"#text\": \"-\"}, {\"@Name\": \"SubjectDomainName\", \"#text\": \"-\"}, {\"@Name\": \"SubjectLogonId\", \"#text\": \"0x0\"}, {\"@Name\": \"TargetUserSid\", \"#text\": \"S-1-5-21-4271829-611451204-6422678655-1179\"}, {\"@Name\": \"TargetUserName\", \"#text\": \"watson.susan\"}, {\"@Name\": \"TargetDomainName\", \"#text\": \"OOPS.NET\"}, {\"@Name\": \"TargetLogonId\", \"#text\": \"0X30D4ED\"}, {\"@Name\": \"LogonType\", \"#text\": \"3\"}, {\"@Name\": \"LogonProcessName\", \"#text\": \"Kerberos\"}, {\"@Name\": \"AuthenticationPackageName\", \"#text\": \"Kerberos\"}, {\"@Name\": \"WorkstationName\", \"#text\": \"-\"}, {\"@Name\": \"LogonGuid\", \"#text\": \"eec05045-3f04-46d9-8eba-3bcec30939c5\"}, {\"@Name\": \"TransmittedServices\", \"#text\": \"-\"}, {\"@Name\": \"LmPackageName\", \"#text\": \"-\"}, {\"@Name\": \"KeyLength\", \"#text\": \"0\"}, {\"@Name\": \"ProcessId\", \"#text\": \"0x0\"}, {\"@Name\": \"ProcessName\", \"#text\": \"-\"}, {\"@Name\": \"IpAddress\", \"#text\": \"10.58.121.54\"}, {\"@Name\": \"IpPort\", \"#text\": \"38624\"}, {\"@Name\": \"ImpersonationLevel\", \"#text\": \"%%1833\"}, {\"@Name\": \"RestrictedAdminMode\", \"#text\": \"-\"}, {\"@Name\": \"TargetOutboundUserName\", \"#text\": \"-\"}, {\"@Name\": \"TargetOutboundDomainName\", \"#text\": \"-\"}, {\"@Name\": \"VirtualAccount\", \"#text\": \"%%1843\"}, {\"@Name\": \"TargetLinkedLogonId\", \"#text\": \"0x0\"}, {\"@Name\": \"ElevatedToken\", \"#text\": \"%%1842\"}]}}",
    "Channel": "Security",
    "Provider": "Microsoft-Windows-Security-Auditing",
    "EventId": 4624,
    "EventRecordId": "6407",
    "ProcessId": 669,
    "ThreadId": 3825,
    "Level": "LogAlways",
    "Keywords": "Audit success",
    "SourceFile": "C:\\Windows\\system32\\winevt\\Logs\\Security.evtx",
    "ExtraDataOffset": 0,
    "HiddenRecord": false,
    "TimeCreated": "2021-03-16T12:04:52.3597159+00:00",
    "RecordNumber": "6407"
}, {
    "PayloadData1": "Target: OOPS.NET\\OOPS-WORKSTATION_7$",
    "PayloadData2": "LogonType 3",
    "PayloadData3": "LogonId: 0X30D50D",
    "UserName": "-\\-",
    "RemoteHost": "- (10.58.121.54)",
    "ExecutableInfo": "-",
    "MapDescription": "Successful logon",
    "ChunkNumber": 0,
    "Computer": "OOPS-DC.oops.net",
    "Payload": "{\"EventData\": {\"Data\": [{\"@Name\": \"SubjectUserSid\", \"#text\": \"S-1-0-0\"}, {\"@Name\": \"SubjectUserName\", \"#text\": \"-\"}, {\"@Name\": \"SubjectDomainName\", \"#text\": \"-\"}, {\"@Name\": \"SubjectLogonId\", \"#text\": \"0x0\"}, {\"@Name\": \"TargetUserSid\", \"#text\": \"S-1-5-21-4271829-611451204-6422678655-1140\"}, {\"@Name\": \"TargetUserName\", \"#text\": \"OOPS-WORKSTATION_7$\"}, {\"@Name\": \"TargetDomainName\", \"#text\": \"OOPS.NET\"}, {\"@Name\": \"TargetLogonId\", \"#text\": \"0X30D50D\"}, {\"@Name\": \"LogonType\", \"#text\": \"3\"}, {\"@Name\": \"LogonProcessName\", \"#text\": \"Kerberos\"}, {\"@Name\": \"AuthenticationPackageName\", \"#text\": \"Kerberos\"}, {\"@Name\": \"WorkstationName\", \"#text\": \"-\"}, {\"@Name\": \"LogonGuid\", \"#text\": \"23b9ee66-f1dd-4447-880b-9f3d7a758b28\"}, {\"@Name\": \"TransmittedServices\", \"#text\": \"-\"}, {\"@Name\": \"LmPackageName\", \"#text\": \"-\"}, {\"@Name\": \"KeyLength\", \"#text\": \"0\"}, {\"@Name\": \"ProcessId\", \"#text\": \"0x0\"}, {\"@Name\": \"ProcessName\", \"#text\": \"-\"}, {\"@Name\": \"IpAddress\", \"#text\": \"10.58.121.54\"}, {\"@Name\": \"IpPort\", \"#text\": \"38626\"}, {\"@Name\": \"ImpersonationLevel\", \"#text\": \"%%1833\"}, {\"@Name\": \"RestrictedAdminMode\", \"#text\": \"-\"}, {\"@Name\": \"TargetOutboundUserName\", \"#text\": \"-\"}, {\"@Name\": \"TargetOutboundDomainName\", \"#text\": \"-\"}, {\"@Name\": \"VirtualAccount\", \"#text\": \"%%1843\"}, {\"@Name\": \"TargetLinkedLogonId\", \"#text\": \"0x0\"}, {\"@Name\": \"ElevatedToken\", \"#text\": \"%%1842\"}]}}",
    "Channel": "Security",
    "Provider": "Microsoft-Windows-Security-Auditing",
    "EventId": 4624,
    "EventRecordId": "6410",
    "ProcessId": 669,
    "ThreadId": 7988,
    "Level": "LogAlways",
    "Keywords": "Audit success",
    "SourceFile": "C:\\Windows\\system32\\winevt\\Logs\\Security.evtx",
    "ExtraDataOffset": 0,
    "HiddenRecord": false,
    "TimeCreated": "2021-03-16T12:04:52.3937240+00:00",
    "RecordNumber": "6410"
}, 