{
    "PayloadData1": "Target: OOPS.NET\\OOPS-WORKSTATION_6$",
    "PayloadData2": "LogonType 3",
    "PayloadData3": "LogonId: 0X30D688",
    "UserName": "-\\-",
    "RemoteHost": "- (10.58.121.65)",
    "ExecutableInfo": "-",
    "MapDescription": "Successful logon",
    "ChunkNumber": 0,
    "Computer": "OOPS-DC.oops.net",
    "Payload": "{\"EventData\": {\"Data\": [{\"@Name\": \"SubjectUserSid\", \"#text\": \"S-1-0-0\"}, {\"@Name\": \"SubjectUserName\", \"#text\": \"-\"}, {\"@Name\": \"SubjectDomainName\", \"#text\": \"-\"}, {\"@Name\": \"SubjectLogonId\", \"#text\": \"0x0\"}, {\"@Name\": \"TargetUserSid\", \"#text\": \"S-1-5-21-4271829-611451204-6422678655-1225\"}, {\"@Name\": \"TargetUserName\", \"#text\": \"OOPS-WORKSTATION_6$\"}, {\"@Name\": \"TargetDomainName\", \"#text\": \"OOPS.NET\"}, {\"@Name\": \"TargetLogonId\", \"#text\": \"0X30D688\"}, {\"@Name\": \"LogonType\", \"#text\": \"3\"}, {\"@Name\": \"LogonProcessName\", \"#text\": \"Kerberos\"}, {\"@Name\": \"AuthenticationPackageName\", \"#text\": \"Kerberos\"}, {\"@Name\": \"WorkstationName\", \"#text\": \"-\"}, {\"@Name\": \"LogonGuid\", \"#text\": \"1ec9a1b1-14c3-4609-8057-0d921ab33948\"}, {\"@Name\": \"TransmittedServices\", \"#text\": \"-\"}, {\"@Name\": \"LmPackageName\", \"#text\": \"-\"}, {\"@Name\": \"KeyLength\", \"#text\": \"0\"}, {\"@Name\": \"ProcessId\", \"#text\": \"0x0\"}, {\"@Name\": \"ProcessName\", \"#text\": \"-\"}, {\"@Name\": \"IpAddress\", \"#text\": \"10.58.121.65\"}, {\"@Name\": \"IpPort\", \"#text\": \"30778\"}, {\"@Name\": \"ImpersonationLevel\", \"#text\": \"%%1833\"}, {\"@Name\": \"RestrictedAdminMode\", \"#text\": \"-\"}, {\"@Name\": \"TargetOutboundUserName\", \"#text\": \"-\"}, {\"@Name\": \"TargetOutboundDomainName\", \"#text\": \"-\"}, {\"@Name\": \"VirtualAccount\", \"#text\": \"%%1843\"}, {\"@Name\": \"TargetLinkedLogonId\", \"#text\": \"0x0\"}, {\"@Name\": \"ElevatedToken\", \"#text\": \"%%1842\"}]}}",
    "Channel": "Security",
    "Provider": "Microsoft-Windows-Security-Auditing",
    "EventId": 4624,
    "EventRecordId": "6525",
    "ProcessId": 669,
    "ThreadId": 3825,
    "Level": "LogAlways",
    "Keywords": "Audit success",
    "SourceFile": "C:\\Windows\\system32\\winevt\\Logs\\Security.evtx",
    "ExtraDataOffset": 0,
    "HiddenRecord": false,
    "TimeCreated": "2021-03-16T12:20:07.7847732+00:00",
    "RecordNumber": "6525"
}, {
    "PayloadData1": "Target: OOPS.NET\\OOPS-WORKSTATION_6$",
    "PayloadData2": "LogonType 3",
    "PayloadData3": "LogonId: 0X30D694",
    "UserName": "-\\-",
    "RemoteHost": "- (10.58.121.65)",
    "ExecutableInfo": "-",
    "MapDescription": "Successful logon",
    "ChunkNumber": 0,
    "Computer": "OOPS-DC.oops.net",
    "Payload": "{\"EventData\": {\"Data\": [{\"@Name\": \"SubjectUserSid\", \"#text\": \"S-1-0-0\"}, {\"@Name\": \"SubjectUserName\", \"#text\": \"-\"}, {\"@Name\": \"SubjectDomainName\", \"#text\": \"-\"}, {\"@Name\": \"SubjectLogonId\", \"#text\": \"0x0\"}, {\"@Name\": \"TargetUserSid\", \"#text\": \"S-1-5-21-4271829-611451204-6422678655-1225\"}, {\"@Name\": \"TargetUserName\", \"#text\": \"OOPS-WORKSTATION_6$\"}, {\"@Name\": \"TargetDomainName\", \"#text\": \"OOPS.NET\"}, {\"@Name\": \"TargetLogonId\", \"#text\": \"0X30D694\"}, {\"@Name\": \"LogonType\", \"#text\": \"3\"}, {\"@Name\": \"LogonProcessName\", \"#text\": \"Kerberos\"}, {\"@Name\": \"AuthenticationPackageName\", \"#text\": \"Kerberos\"}, {\"@Name\": \"WorkstationName\", \"#text\": \"-\"}, {\"@Name\": \"LogonGuid\", \"#text\": \"c85687db-1b7b-4ad8-8788-91a5c8a6467a\"}, {\"@Name\": \"TransmittedServices\", \"#text\": \"-\"}, {\"@Name\": \"LmPackageName\", \"#text\": \"-\"}, {\"@Name\": \"KeyLength\", \"#text\": \"0\"}, {\"@Name\": \"ProcessId\", \"#text\": \"0x0\"}, {\"@Name\": \"ProcessName\", \"#text\": \"-\"}, {\"@Name\": \"IpAddress\", \"#text\": \"10.58.121.65\"}, {\"@Name\": \"IpPort\", \"#text\": \"30780\"}, {\"@Name\": \"ImpersonationLevel\", \"#text\": \"%%1833\"}, {\"@Name\": \"RestrictedAdminMode\", \"#text\": \"-\"}, {\"@Name\": \"TargetOutboundUserName\", \"#text\": \"-\"}, {\"@Name\": \"TargetOutboundDomainName\", \"#text\": \"-\"}, {\"@Name\": \"VirtualAccount\", \"#text\": \"%%1843\"}, {\"@Name\": \"TargetLinkedLogonId\", \"#text\": \"0x0\"}, {\"@Name\": \"ElevatedToken\", \"#text\": \"%%1842\"}]}}",
    "Channel": "Security",
    "Provider": "Microsoft-Windows-Security-Auditing",
    "EventId": 4624,
    "EventRecordId": "6528",
    "ProcessId": 669,
    "ThreadId": 3977,
    "Level": "LogAlways",
    "Keywords": "Audit success",
    "SourceFile": "C:\\Windows\\system32\\winevt\\Logs\\Security.evtx",
    "ExtraDataOffset": 0,
    "HiddenRecord": false,
    "TimeCreated": "2021-03-16T12:20:07.8563231+00:00",
    "RecordNumber": "6528"
}, {
    "PayloadData1": "Target: OOPS.NET\\reilly.danny",
    "PayloadData2": "LogonType 3",
    "PayloadData3": "LogonId: 0X30D6BC",
    "UserName": "-\\-",
    "RemoteHost": "- (10.58.121.65)",
    "ExecutableInfo": "-",
    "MapDescription": "Successful logon",
    "ChunkNumber": 0,
    "Computer": "OOPS-DC.oops.net",
    "Payload": "{\"EventData\": {\"Data\": [{\"@Name\": \"SubjectUserSid\", \"#text\": \"S-1-0-0\"}, {\"@Name\": \"SubjectUserName\", \"#text\": \"-\"}, {\"@Name\": \"SubjectDomainName\", \"#text\": \"-\"}, {\"@Name\": \"SubjectLogonId\", \"#text\": \"0x0\"}, {\"@Name\": \"TargetUserSid\", \"#text\": \"S-1-5-21-4271829-611451204-6422678655-1227\"}, {\"@Name\": \"TargetUserName\", \"#text\": \"reilly.danny\"}, {\"@Name\": \"TargetDomainName\", \"#text\": \"OOPS.NET\"}, {\"@Name\": \"TargetLogonId\", \"#text\": \"0X30D6BC\"}, {\"@Name\": \"LogonType\", \"#text\": \"3\"}, {\"@Name\": \"LogonProcessName\", \"#text\": \"Kerberos\"}, {\"@Name\": \"AuthenticationPackageName\", \"#text\": \"Kerberos\"}, {\"@Name\": \"WorkstationName\", \"#text\": \"-\"}, {\"@Name\": \"LogonGuid\", \"#text\": \"d830cbda-5c09-4eb6-ae76-3937d77dc2e4\"}, {\"@Name\": \"TransmittedServices\", \"#text\": \"-\"}, {\"@Name\": \"LmPackageName\", \"#text\": \"-\"}, {\"@Name\": \"KeyLength\", \"#text\": \"0\"}, {\"@Name\": \"ProcessId\", \"#text\": \"0x0\"}, {\"@Name\": \"ProcessName\", \"#text\": \"-\"}, {\"@Name\": \"IpAddress\", \"#text\": \"10.58.121.65\"}, {\"@Name\": \"IpPort\", \"#text\": \"30782\"}, {\"@Name\": \"ImpersonationLevel\", \"#text\": \"%%1833\"}, {\"@Name\": \"RestrictedAdminMode\", \"#text\": \"-\"}, {\"@Name\": \"TargetOutboundUserName\", \"#text\": \"-\"}, {\"@Name\": \"TargetOutboundDomainName\", \"#text\": \"-\"}, {\"@Name\": \"VirtualAccount\", \"#text\": \"%%1843\"}, {\"@Name\": \"TargetLinkedLogonId\", \"#text\": \"0x0\"}, {\"@Name\": \"ElevatedToken\", \"#text\": \"%%1842\"}]}}",
    "Channel": "Security",
    "Provider": "Microsoft-Windows-Security-Auditing",
    "EventId": 4624,
    "EventRecordId": "6531",
    "ProcessId": 669,
    "ThreadId": 3977,
    "Level": "LogAlways",
    "Keywords": "Audit success",
    "SourceFile": "C:\\Windows\\system32\\winevt\\Logs\\Security.evtx",
    "ExtraDataOffset": 0,
    "HiddenRecord": false,
    "TimeCreated": "2021-03-16T12:20:07.8868484+00:00",
    "RecordNumber": "6531"
}, {
    "PayloadData1": "Target: OOPS\\OOPS-WORKSTATION_6$",
    "PayloadData2": "LogonType 3",
    "PayloadData3": "LogonId: 0X30D694",
    "MapDescription": "An account was logged off",
    "ChunkNumber": 0,
    "Computer": "OOPS-DC.oops.net",
    "Payload": "{\"EventData\": {\"Data\": [{\"@Name\": \"TargetUserSid\", \"#text\": \"S-1-5-21-4271829-611451204-6422678655-1225\"}, {\"@Name\": \"TargetUserName\", \"#text\": \"OOPS-WORKSTATION_6$\"}, {\"@Name\": \"TargetDomainName\", \"#text\": \"OOPS\"}, {\"@Name\": \"TargetLogonId\", \"#text\": \"0X30D694\"}, {\"@Name\": \"LogonType\", \"#text\": \"3\"}]}}",
    "Channel": "Security",
    "Provider": "Microsoft-Windows-Security-Auditing",
    "EventId": 4634,
    "EventRecordId": "6532",
    "ProcessId": 669,
    "ThreadId": 7988,
    "Level": "LogAlways",
    "Keywords": "Audit success",
    "SourceFile": "C:\\Windows\\system32\\winevt\\Logs\\Security.evtx",
    "ExtraDataOffset": 0,
    "HiddenRecord": false,
    "TimeCreated": "2021-03-16T12:20:07.9425016+00:00",
    "RecordNumber": "6532"
}, {
    "PayloadData1": "Target: OOPS\\reilly.danny",
    "PayloadData2": "LogonType 3",
    "PayloadData3": "LogonId: 0X30D6BC",
    "MapDescription": "An account was logged off",
    "ChunkNumber": 0,
    "Computer": "OOPS-DC.oops.net",
    "Payload": "{\"EventData\": {\"Data\": [{\"@Name\": \"TargetUserSid\", \"#text\": \"S-1-5-21-4271829-611451204-6422678655-1227\"}, {\"@Name\": \"TargetUserName\", \"#text\": \"reilly.danny\"}, {\"@Name\": \"TargetDomainName\", \"#text\": \"OOPS\"}, {\"@Name\": \"TargetLogonId\", \"#text\": \"0X30D6BC\"}, {\"@Name\": \"LogonType\", \"#text\": \"3\"}]}}",
    "Channel": "Security",
    "Provider": "Microsoft-Windows-Security-Auditing",
    "EventId": 4634,
    "EventRecordId": "6537",
    "ProcessId": 669,
    "ThreadId": 3977,
    "Level": "LogAlways",
    "Keywords": "Audit success",
    "SourceFile": "C:\\Windows\\system32\\winevt\\Logs\\Security.evtx",
    "ExtraDataOffset": 0,
    "HiddenRecord": false,
    "TimeCreated": "2021-03-16T12:20:07.9938090+00:00",
    "RecordNumber": "6537"
}, {
    "PayloadData1": "Target: OOPS\\OOPS-WORKSTATION_6$",
    "PayloadData2": "LogonType 3",
    "PayloadData3": "LogonId: 0X30D688",
    "MapDescription": "An account was logged off",
    "ChunkNumber": 0,
    "Computer": "OOPS-DC.oops.net",
    "Payload": "{\"EventData\": {\"Data\": [{\"@Name\": \"TargetUserSid\", \"#text\": \"S-1-5-21-4271829-611451204-6422678655-1225\"}, {\"@Name\": \"TargetUserName\", \"#text\": \"OOPS-WORKSTATION_6$\"}, {\"@Name\": \"TargetDomainName\", \"#text\": \"OOPS\"}, {\"@Name\": \"TargetLogonId\", \"#text\": \"0X30D688\"}, {\"@Name\": \"LogonType\", \"#text\": \"3\"}]}}",
    "Channel": "Security",
    "Provider": "Microsoft-Windows-Security-Auditing",
    "EventId": 4634,
    "EventRecordId": "6542",
    "ProcessId": 669,
    "ThreadId": 2444,
    "Level": "LogAlways",
    "Keywords": "Audit success",
    "SourceFile": "C:\\Windows\\system32\\winevt\\Logs\\Security.evtx",
    "ExtraDataOffset": 0,
    "HiddenRecord": false,
    "TimeCreated": "2021-03-16T12:20:08.0542908+00:00",
    "RecordNumber": "6542"
}, {
    "PayloadData1": "Target: OOPS.NET\\OOPS-WORKSTATION_6$@OOPS.NET",
    "PayloadData2": "ServiceName: OOPS-WORKSTATION_6$",
    "PayloadData3": "ServiceSid: S-1-5-21-4271829-611451204-6422678655-1225",
    "PayloadData4": "TicketEncryptionType: AES256-CTS-HMAC-SHA1-96",
    "PayloadData5": "Status: KDC_ERR_NONE - No error - No errors were found.",
    "RemoteHost": "::ffff:10.58.121.65:30783",
    "MapDescription": "A Kerberos service ticket was requested",
    "ChunkNumber": 0,
    "Computer": "OOPS-DC.oops.net",
    "Payload": "{\"EventData\": {\"Data\": [{\"@Name\": \"TargetUserName\", \"#text\": \"OOPS-WORKSTATION_6$@OOPS.NET\"}, {\"@Name\": \"TargetDomainName\", \"#text\": \"OOPS.NET\"}, {\"@Name\": \"ServiceName\", \"#text\": \"OOPS-WORKSTATION_6$\"}, {\"@Name\": \"ServiceSid\", \"#text\": \"S-1-5-21-4271829-611451204-6422678655-1225\"}, {\"@Name\": \"TicketOptions\", \"#text\": \"0x40810000\"}, {\"@Name\": \"TicketEncryptionType\", \"#text\": \"0x12\"}, {\"@Name\": \"IpAddress\", \"#text\": \"::ffff:10.58.121.65\"}, {\"@Name\": \"IpPort\", \"#text\": \"30783\"}, {\"@Name\": \"Status\", \"#text\": \"0x0\"}, {\"@Name\": \"LogonGuid\", \"#text\": \"f8da9028-4a11-4826-8fe1-a47c2cb46df2\"}, {\"@Name\": \"TransmittedServices\", \"#text\": \"-\"}]}}",
    "Channel": "Security",
    "Provider": "Microsoft-Windows-Security-Auditing",
    "EventId": 4769,
    "EventRecordId": "6543",
    "ProcessId": 669,
    "ThreadId": 3825,
    "Level": "LogAlways",
    "Keywords": "Audit success",
    "SourceFile": "C:\\Windows\\system32\\winevt\\Logs\\Security.evtx",
    "ExtraDataOffset": 0,
    "HiddenRecord": false,
    "TimeCreated": "2021-03-16T12:20:08.1371250+00:00",
    "RecordNumber": "6543"
}, {
    "PayloadData1": "Target: OOPS.NET\\OOPS-WORKSTATION_6$",
    "PayloadData2": "LogonType 3",
    "PayloadData3": "LogonId: 0X30D6CD",
    "UserName": "-\\-",
    "RemoteHost": "- (10.58.121.65)",
    "ExecutableInfo": "-",
    "MapDescription": "Successful logon",
    "ChunkNumber": 0,
    "Computer": "OOPS-DC.oops.net",
    "Payload": "{\"EventData\": {\"Data\": [{\"@Name\": \"SubjectUserSid\", \"#text\": \"S-1-0-0\"}, {\"@Name\": \"SubjectUserName\", \"#text\": \"-\"}, {\"@Name\": \"SubjectDomainName\", \"#text\": \"-\"}, {\"@Name\": \"SubjectLogonId\", \"#text\": \"0x0\"}, {\"@Name\": \"TargetUserSid\", \"#text\": \"S-1-5-21-4271829-611451204-6422678655-1225\"}, {\"@Name\": \"TargetUserName\", \"#text\": \"OOPS-WORKSTATION_6$\"}, {\"@Name\": \"TargetDomainName\", \"#text\": \"OOPS.NET\"}, {\"@Name\": \"TargetLogonId\", \"#text\": \"0X30D6CD\"}, {\"@Name\": \"LogonType\", \"#text\": \"3\"}, {\"@Name\": \"LogonProcessName\", \"#text\": \"Kerberos\"}, {\"@Name\": \"AuthenticationPackageName\", \"#text\": \"Kerberos\"}, {\"@Name\": \"WorkstationName\", \"#text\": \"-\"}, {\"@Name\": \"LogonGuid\", \"#text\": \"3f858c7e-53d6-4df2-967c-e29877edc7ef\"}, {\"@Name\": \"TransmittedServices\", \"#text\": \"-\"}, {\"@Name\": \"LmPackageName\", \"#text\": \"-\"}, {\"@Name\": \"KeyLength\", \"#text\": \"0\"}, {\"@Name\": \"ProcessId\", \"#text\": \"0x0\"}, {\"@Name\": \"ProcessName\", \"#text\": \"-\"}, {\"@Name\": \"IpAddress\", \"#text\": \"10.58.121.65\"}, {\"@Name\": \"IpPort\", \"#text\": \"30784\"}, {\"@Name\": \"ImpersonationLevel\", \"#text\": \"%%1833\"}, {\"@Name\": \"RestrictedAdminMode\", \"#text\": \"-\"}, {\"@Name\": \"TargetOutboundUserName\", \"#text\": \"-\"}, {\"@Name\": \"TargetOutboundDomainName\", \"#text\": \"-\"}, {\"@Name\": \"VirtualAccount\", \"#text\": \"%%1843\"}, {\"@Name\": \"TargetLinkedLogonId\", \"#text\": \"0x0\"}, {\"@Name\": \"ElevatedToken\", \"#text\": \"%%1842\"}]}}",
    "Channel": "Security",
    "Provider": "Microsoft-Windows-Security-Auditing",
    "EventId": 4624,
    "EventRecordId": "6547",
    "ProcessId": 669,
    "ThreadId": 2777,
    "Level": "LogAlways",
    "Keywords": "Audit success",
    "SourceFile": "C:\\Windows\\system32\\winevt\\Logs\\Security.evtx",
    "ExtraDataOffset": 0,
    "HiddenRecord": false,
    "TimeCreated": "2021-03-16T12:20:08.1990200+00:00",
    "RecordNumber": "6547"
}, {
    "PayloadData1": "Target: OOPS.NET\\OOPS-WORKSTATION_6$",
    "PayloadData2": "LogonType 3",
    "PayloadData3": "LogonId: 0X30D6DF",
    "UserName": "-\\-",
    "RemoteHost": "- (10.58.121.65)",
    "ExecutableInfo": "-",
    "MapDescription": "Successful logon",
    "ChunkNumber": 0,
    "Computer": "OOPS-DC.oops.net",
    "Payload": "{\"EventData\": {\"Data\": [{\"@Name\": \"SubjectUserSid\", \"#text\": \"S-1-0-0\"}, {\"@Name\": \"SubjectUserName\", \"#text\": \"-\"}, {\"@Name\": \"SubjectDomainName\", \"#text\": \"-\"}, {\"@Name\": \"SubjectLogonId\", \"#text\": \"0x0\"}, {\"@Name\": \"TargetUserSid\", \"#text\": \"S-1-5-21-4271829-611451204-6422678655-1225\"}, {\"@Name\": \"TargetUserName\", \"#text\": \"OOPS-WORKSTATION_6$\"}, {\"@Name\": \"TargetDomainName\", \"#text\": \"OOPS.NET\"}, {\"@Name\": \"TargetLogonId\", \"#text\": \"0X30D6DF\"}, {\"@Name\": \"LogonType\", \"#text\": \"3\"}, {\"@Name\": \"LogonProcessName\", \"#text\": \"Kerberos\"}, {\"@Name\": \"AuthenticationPackageName\", \"#text\": \"Kerberos\"}, {\"@Name\": \"WorkstationName\", \"#text\": \"-\"}, {\"@Name\": \"LogonGuid\", \"#text\": \"ddafb9a6-d920-4be7-91b4-dbe79f537bab\"}, {\"@Name\": \"TransmittedServices\", \"#text\": \"-\"}, {\"@Name\": \"LmPackageName\", \"#text\": \"-\"}, {\"@Name\": \"KeyLength\", \"#text\": \"0\"}, {\"@Name\": \"ProcessId\", \"#text\": \"0x0\"}, {\"@Name\": \"ProcessName\", \"#text\": \"-\"}, {\"@Name\": \"IpAddress\", \"#text\": \"10.58.121.65\"}, {\"@Name\": \"IpPort\", \"#text\": \"30785\"}, {\"@Name\": \"ImpersonationLevel\", \"#text\": \"%%1833\"}, {\"@Name\": \"RestrictedAdminMode\", \"#text\": \"-\"}, {\"@Name\": \"TargetOutboundUserName\", \"#text\": \"-\"}, {\"@Name\": \"TargetOutboundDomainName\", \"#text\": \"-\"}, {\"@Name\": \"VirtualAccount\", \"#text\": \"%%1843\"}, {\"@Name\": \"TargetLinkedLogonId\", \"#text\": \"0x0\"}, {\"@Name\": \"ElevatedToken\", \"#text\": \"%%1842\"}]}}",
    "Channel": "Security",
    "Provider": "Microsoft-Windows-Security-Auditing",
    "EventId": 4624,
    "EventRecordId": "6548",
    "ProcessId": 669,
    "ThreadId": 3977,
    "Level": "LogAlways",
    "Keywords": "Audit success",
    "SourceFile": "C:\\Windows\\system32\\winevt\\Logs\\Security.evtx",
    "ExtraDataOffset": 0,
    "HiddenRecord": false,
    "TimeCreated": "2021-03-16T12:20:08.2355167+00:00",
    "RecordNumber": "6548"
}, {
    "PayloadData1": "Target: OOPS.NET\\OOPS-WORKSTATION_6$",
    "PayloadData2": "LogonType 3",
    "PayloadData3": "LogonId: 0X30D702",
    "UserName": "-\\-",
    "RemoteHost": "- (10.58.121.65)",
    "ExecutableInfo": "-",
    "MapDescription": "Successful logon",
    "ChunkNumber": 0,
    "Computer": "OOPS-DC.oops.net",
    "Payload": "{\"EventData\": {\"Data\": [{\"@Name\": \"SubjectUserSid\", \"#text\": \"S-1-0-0\"}, {\"@Name\": \"SubjectUserName\", \"#text\": \"-\"}, {\"@Name\": \"SubjectDomainName\", \"#text\": \"-\"}, {\"@Name\": \"SubjectLogonId\", \"#text\": \"0x0\"}, {\"@Name\": \"TargetUserSid\", \"#text\": \"S-1-5-21-4271829-611451204-6422678655-1225\"}, {\"@Name\": \"TargetUserName\", \"#text\": \"OOPS-WORKSTATION_6$\"}, {\"@Name\": \"TargetDomainName\", \"#text\": \"OOPS.NET\"}, {\"@Name\": \"TargetLogonId\", \"#text\": \"0X30D702\"}, {\"@Name\": \"LogonType\", \"#text\": \"3\"}, {\"@Name\": \"LogonProcessName\", \"#text\": \"Kerberos\"}, {\"@Name\": \"AuthenticationPackageName\", \"#text\": \"Kerberos\"}, {\"@Name\": \"WorkstationName\", \"#text\": \"-\"}, {\"@Name\": \"LogonGuid\", \"#text\": \"7c3e0434-95a0-4f89-9e78-c673e15e2481\"}, {\"@Name\": \"TransmittedServices\", \"#text\": \"-\"}, {\"@Name\": \"LmPackageName\", \"#text\": \"-\"}, {\"@Name\": \"KeyLength\", \"#text\": \"0\"}, {\"@Name\": \"ProcessId\", \"#text\": \"0x0\"}, {\"@Name\": \"ProcessName\", \"#text\": \"-\"}, {\"@Name\": \"IpAddress\", \"#text\": \"10.58.121.65\"}, {\"@Name\": \"IpPort\", \"#text\": \"30786\"}, {\"@Name\": \"ImpersonationLevel\", \"#text\": \"%%1833\"}, {\"@Name\": \"RestrictedAdminMode\", \"#text\": \"-\"}, {\"@Name\": \"TargetOutboundUserName\", \"#text\": \"-\"}, {\"@Name\": \"TargetOutboundDomainName\", \"#text\": \"-\"}, {\"@Name\": \"VirtualAccount\", \"#text\": \"%%1843\"}, {\"@Name\": \"TargetLinkedLogonId\", \"#text\": \"0x0\"}, {\"@Name\": \"ElevatedToken\", \"#text\": \"%%1842\"}]}}",
    "Channel": "Security",
    "Provider": "Microsoft-Windows-Security-Auditing",
    "EventId": 4624,
    "EventRecordId": "6550",
    "ProcessId": 669,
    "ThreadId": 2777,
    "Level": "LogAlways",
    "Keywords": "Audit success",
    "SourceFile": "C:\\Windows\\system32\\winevt\\Logs\\Security.evtx",
    "ExtraDataOffset": 0,
    "HiddenRecord": false,
    "TimeCreated": "2021-03-16T12:20:08.2556860+00:00",
    "RecordNumber": "6550"
}, {
    "PayloadData1": "Target: OOPS\\OOPS-WORKSTATION_6$",
    "PayloadData2": "LogonType 3",
    "PayloadData3": "LogonId: 0X30D702",
    "MapDescription": "An account was logged off",
    "ChunkNumber": 0,
    "Computer": "OOPS-DC.oops.net",
    "Payload": "{\"EventData\": {\"Data\": [{\"@Name\": \"TargetUserSid\", \"#text\": \"S-1-5-21-4271829-611451204-6422678655-1225\"}, {\"@Name\": \"TargetUserName\", \"#text\": \"OOPS-WORKSTATION_6$\"}, {\"@Name\": \"TargetDomainName\", \"#text\": \"OOPS\"}, {\"@Name\": \"TargetLogonId\", \"#text\": \"0X30D702\"}, {\"@Name\": \"LogonType\", \"#text\": \"3\"}]}}",
    "Channel": "Security",
    "Provider": "Microsoft-Windows-Security-Auditing",
    "EventId": 4634,
    "EventRecordId": "6554",
    "ProcessId": 669,
    "ThreadId": 3825,
    "Level": "LogAlways",
    "Keywords": "Audit success",
    "SourceFile": "C:\\Windows\\system32\\winevt\\Logs\\Security.evtx",
    "ExtraDataOffset": 0,
    "HiddenRecord": false,
    "TimeCreated": "2021-03-16T12:20:08.3106075+00:00",
    "RecordNumber": "6554"
}, {
    "PayloadData1": "Target: OOPS\\OOPS-WORKSTATION_6$",
    "PayloadData2": "LogonType 3",
    "PayloadData3": "LogonId: 0X30D6DF",
    "MapDescription": "An account was logged off",
    "ChunkNumber": 0,
    "Computer": "OOPS-DC.oops.net",
    "Payload": "{\"EventData\": {\"Data\": [{\"@Name\": \"TargetUserSid\", \"#text\": \"S-1-5-21-4271829-611451204-6422678655-1225\"}, {\"@Name\": \"TargetUserName\", \"#text\": \"OOPS-WORKSTATION_6$\"}, {\"@Name\": \"TargetDomainName\", \"#text\": \"OOPS\"}, {\"@Name\": \"TargetLogonId\", \"#text\": \"0X30D6DF\"}, {\"@Name\": \"LogonType\", \"#text\": \"3\"}]}}",
    "Channel": "Security",
    "Provider": "Microsoft-Windows-Security-Auditing",
    "EventId": 4634,
    "EventRecordId": "6556",
    "ProcessId": 669,
    "ThreadId": 3977,
    "Level": "LogAlways",
    "Keywords": "Audit success",
    "SourceFile": "C:\\Windows\\system32\\winevt\\Logs\\Security.evtx",
    "ExtraDataOffset": 0,
    "HiddenRecord": false,
    "TimeCreated": "2021-03-16T12:20:08.3381015+00:00",
    "RecordNumber": "6556"
}, {
    "PayloadData1": "Target: OOPS\\OOPS-WORKSTATION_6$",
    "PayloadData2": "LogonType 3",
    "PayloadData3": "LogonId: 0X30D6CD",
    "MapDescription": "An account was logged off",
    "ChunkNumber": 0,
    "Computer": "OOPS-DC.oops.net",
    "Payload": "{\"EventData\": {\"Data\": [{\"@Name\": \"TargetUserSid\", \"#text\": \"S-1-5-21-4271829-611451204-6422678655-1225\"}, {\"@Name\": \"TargetUserName\", \"#text\": \"OOPS-WORKSTATION_6$\"}, {\"@Name\": \"TargetDomainName\", \"#text\": \"OOPS\"}, {\"@Name\": \"TargetLogonId\", \"#text\": \"0X30D6CD\"}, {\"@Name\": \"LogonType\", \"#text\": \"3\"}]}}",
    "Channel": "Security",
    "Provider": "Microsoft-Windows-Security-Auditing",
    "EventId": 4634,
    "EventRecordId": "6560",
    "ProcessId": 669,
    "ThreadId": 2777,
    "Level": "LogAlways",
    "Keywords": "Audit success",
    "SourceFile": "C:\\Windows\\system32\\winevt\\Logs\\Security.evtx",
    "ExtraDataOffset": 0,
    "HiddenRecord": false,
    "TimeCreated": "2021-03-16T12:20:08.4010158+00:00",
    "RecordNumber": "6560"
}, {
    "PayloadData1": "Target: OOPS\\long.warren",
    "PayloadData2": "ServiceName: krbtgt",
    "PayloadData3": "ServiceSid: S-1-5-21-4271829-611451204-6422678655-502",
    "PayloadData4": "TicketEncryptionType: AES256-CTS-HMAC-SHA1-96",
    "PayloadData5": "Status: KDC_ERR_NONE - No error - No errors were found.",
    "PayloadData6": "PreAuthType: PA-ENC-TIMESTAMP - This type is normal for standard password authentication.",
    "RemoteHost": "::ffff:10.58.121.103:45702",
    "MapDescription": "A Kerberos authentication ticket (TGT) was requested",
    "ChunkNumber": 0,
    "Computer": "OOPS-DC.oops.net",
    "Payload": "{\"EventData\": {\"Data\": [{\"@Name\": \"TargetUserName\", \"#text\": \"long.warren\"}, {\"@Name\": \"TargetDomainName\", \"#text\": \"OOPS\"}, {\"@Name\": \"TargetSid\", \"#text\": \"S-1-5-21-4271829-611451204-6422678655-1164\"}, {\"@Name\": \"ServiceName\", \"#text\": \"krbtgt\"}, {\"@Name\": \"ServiceSid\", \"#text\": \"S-1-5-21-4271829-611451204-6422678655-502\"}, {\"@Name\": \"TicketOptions\", \"#text\": \"0x40810010\"}, {\"@Name\": \"Status\", \"#text\": \"0x0\"}, {\"@Name\": \"TicketEncryptionType\", \"#text\": \"0x12\"}, {\"@Name\": \"PreAuthType\", \"#text\": \"2\"}, {\"@Name\": \"IpAddress\", \"#text\": \"::ffff:10.58.121.103\"}, {\"@Name\": \"IpPort\", \"#text\": \"45702\"}, {\"@Name\": \"CertIssuerName\"}, {\"@Name\": \"CertSerialNumber\"}, {\"@Name\": \"CertThumbprint\"}]}}",
    "Channel": "Security",
    "Provider": "Microsoft-Windows-Security-Auditing",
    "EventId": 4768,
    "EventRecordId": "6563",
    "ProcessId": 669,
    "ThreadId": 7988,
    "Level": "LogAlways",
    "Keywords": "Audit success",
    "SourceFile": "C:\\Windows\\system32\\winevt\\Logs\\Security.evtx",
    "ExtraDataOffset": 0,
    "HiddenRecord": false,
    "TimeCreated": "2021-03-16T12:37:24.3179498+00:00",
    "RecordNumber": "6563"
}, {
    "PayloadData1": "Target: OOPS.NET\\long.warren@OOPS.NET",
    "PayloadData2": "ServiceName: OOPS-WORKSTATION_3$",
    "PayloadData3": "ServiceSid: S-1-5-21-4271829-611451204-6422678655-1231",
    "PayloadData4": "TicketEncryptionType: AES256-CTS-HMAC-SHA1-96",
    "PayloadData5": "Status: KDC_ERR_NONE - No error - No errors were found.",
    "RemoteHost": "::ffff:10.58.121.103:45703",
    "MapDescription": "A Kerberos service ticket was requested",
    "ChunkNumber": 0,
    "Computer": "OOPS-DC.oops.net",
    "Payload": "{\"EventData\": {\"Data\": [{\"@Name\": \"TargetUserName\", \"#text\": \"long.warren@OOPS.NET\"}, {\"@Name\": \"TargetDomainName\", \"#text\": \"OOPS.NET\"}, {\"@Name\": \"ServiceName\", \"#text\": \"OOPS-WORKSTATION_3$\"}, {\"@Name\": \"ServiceSid\", \"#text\": \"S-1-5-21-4271829-611451204-6422678655-1231\"}, {\"@Name\": \"TicketOptions\", \"#text\": \"0x40810000\"}, {\"@Name\": \"TicketEncryptionType\", \"#text\": \"0x12\"}, {\"@Name\": \"IpAddress\", \"#text\": \"::ffff:10.58.121.103\"}, {\"@Name\": \"IpPort\", \"#text\": \"45703\"}, {\"@Name\": \"Status\", \"#text\": \"0x0\"}, {\"@Name\": \"LogonGuid\", \"#text\": \"ece0a6e9-3c3e-4834-ae25-32727b3bfe3b\"}, {\"@Name\": \"TransmittedServices\", \"#text\": \"-\"}]}}",
    "Channel": "Security",
    "Provider": "Microsoft-Windows-Security-Auditing",
    "EventId": 4769,
    "EventRecordId": "6564",
    "ProcessId": 669,
    "ThreadId": 2777,
    "Level": "LogAlways",
    "Keywords": "Audit success",
    "SourceFile": "C:\\Windows\\system32\\winevt\\Logs\\Security.evtx",
    "ExtraDataOffset": 0,
    "HiddenRecord": false,
    "TimeCreated": "2021-03-16T12:37:24.3490841+00:00",
    "RecordNumber": "6564"
}, {
    "PayloadData1": "Target: OOPS.NET\\long.warren@OOPS.NET",
    "PayloadData2": "ServiceName: OOPS-DC$",
    "PayloadData3": "ServiceSid: S-1-5-21-4271829-611451204-6422678655-1000",
    "PayloadData4": "TicketEncryptionType: AES256-CTS-HMAC-SHA1-96",
    "PayloadData5": "Status: KDC_ERR_NONE - No error - No errors were found.",
    "RemoteHost": "::ffff:10.58.121.103:45704",
    "MapDescription": "A Kerberos service ticket was requested",
    "ChunkNumber": 0,
    "Computer": "OOPS-DC.oops.net",
    "Payload": "{\"EventData\": {\"Data\": [{\"@Name\": \"TargetUserName\", \"#text\": \"long.warren@OOPS.NET\"}, {\"@Name\": \"TargetDomainName\", \"#text\": \"OOPS.NET\"}, {\"@Name\": \"ServiceName\", \"#text\": \"OOPS-DC$\"}, {\"@Name\": \"ServiceSid\", \"#text\": \"S-1-5-21-4271829-611451204-6422678655-1000\"}, {\"@Name\": \"TicketOptions\", \"#text\": \"0x40800000\"}, {\"@Name\": \"TicketEncryptionType\", \"#text\": \"0x12\"}, {\"@Name\": \"IpAddress\", \"#text\": \"::ffff:10.58.121.103\"}, {\"@Name\": \"IpPort\", \"#text\": \"45704\"}, {\"@Name\": \"Status\", \"#text\": \"0x0\"}, {\"@Name\": \"LogonGuid\", \"#text\": \"56b005db-01f4-4350-8c35-382722b37f7e\"}, {\"@Name\": \"TransmittedServices\", \"#text\": \"-\"}]}}",
    "Channel": "Security",
    "Provider": "Microsoft-Windows-Security-Auditing",
    "EventId": 4769,
    "EventRecordId": "6566",
    "ProcessId": 669,
    "ThreadId": 3825,
    "Level": "LogAlways",
    "Keywords": "Audit success",
    "SourceFile": "C:\\Windows\\system32\\winevt\\Logs\\Security.evtx",
    "ExtraDataOffset": 0,
    "HiddenRecord": false,
    "TimeCreated": "2021-03-16T12:37:25.4244445+00:00",
    "RecordNumber": "6566"
}, {
    "PayloadData1": "Target: OOPS.NET\\long.warren",
    "PayloadData2": "LogonType 3",
    "PayloadData3": "LogonId: 0X30D752",
    "UserName": "-\\-",
    "RemoteHost": "- (10.58.121.103)",
    "ExecutableInfo": "-",
    "MapDescription": "Successful logon",
    "ChunkNumber": 0,
    "Computer": "OOPS-DC.oops.net",
    "Payload": "{\"EventData\": {\"Data\": [{\"@Name\": \"SubjectUserSid\", \"#text\": \"S-1-0-0\"}, {\"@Name\": \"SubjectUserName\", \"#text\": \"-\"}, {\"@Name\": \"SubjectDomainName\", \"#text\": \"-\"}, {\"@Name\": \"SubjectLogonId\", \"#text\": \"0x0\"}, {\"@Name\": \"TargetUserSid\", \"#text\": \"S-1-5-21-4271829-611451204-6422678655-1164\"}, {\"@Name\": \"TargetUserName\", \"#text\": \"long.warren\"}, {\"@Name\": \"TargetDomainName\", \"#text\": \"OOPS.NET\"}, {\"@Name\": \"TargetLogonId\", \"#text\": \"0X30D752\"}, {\"@Name\": \"LogonType\", \"#text\": \"3\"}, {\"@Name\": \"LogonProcessName\", \"#text\": \"Kerberos\"}, {\"@Name\": \"AuthenticationPackageName\", \"#text\": \"Kerberos\"}, {\"@Name\": \"WorkstationName\", \"#text\": \"-\"}, {\"@Name\": \"LogonGuid\", \"#text\": \"36e5c95c-36a2-4be7-9651-cf85fb1b1893\"}, {\"@Name\": \"TransmittedServices\", \"#text\": \"-\"}, {\"@Name\": \"LmPackageName\", \"#text\": \"-\"}, {\"@Name\": \"KeyLength\", \"#text\": \"0\"}, {\"@Name\": \"ProcessId\", \"#text\": \"0x0\"}, {\"@Name\": \"ProcessName\", \"#text\": \"-\"}, {\"@Name\": \"IpAddress\", \"#text\": \"10.58.121.103\"}, {\"@Name\": \"IpPort\", \"#text\": \"45705\"}, {\"@Name\": \"ImpersonationLevel\", \"#text\": \"%%1833\"}, {\"@Name\": \"RestrictedAdminMode\", \"#text\": \"-\"}, {\"@Name\": \"TargetOutboundUserName\", \"#text\": \"-\"}, {\"@Name\": \"TargetOutboundDomainName\", \"#text\": \"-\"}, {\"@Name\": \"VirtualAccount\", \"#text\": \"%%1843\"}, {\"@Name\": \"TargetLinkedLogonId\", \"#text\": \"0x0\"}, {\"@Name\": \"ElevatedToken\", \"#text\": \"%%1842\"}]}}",
    "Channel": "Security",
    "Provider": "Microsoft-Windows-Security-Auditing",
    "EventId": 4624,
    "EventRecordId": "6570",
    "ProcessId": 669,
    "ThreadId": 2444,
    "Level": "LogAlways",
    "Keywords": "Audit success",
    "SourceFile": "C:\\Windows\\system32\\winevt\\Logs\\Security.evtx",
    "ExtraDataOffset": 0,
    "HiddenRecord": false,
    "TimeCreated": "2021-03-16T12:37:25.4723397+00:00",
    "RecordNumber": "6570"
}, {
    "PayloadData1": "Target: OOPS.NET\\OOPS-WORKSTATION_3$",
    "PayloadData2": "LogonType 3",
    "PayloadData3": "LogonId: 0X30D757",
    "UserName": "-\\-",
    "RemoteHost": "- (10.58.121.103)",
    "ExecutableInfo": "-",
    "MapDescription": "Successful logon",
    "ChunkNumber": 0,
    "Computer": "OOPS-DC.oops.net",
    "Payload": "{\"EventData\": {\"Data\": [{\"@Name\": \"SubjectUserSid\", \"#text\": \"S-1-0-0\"}, {\"@Name\": \"SubjectUserName\", \"#text\": \"-\"}, {\"@Name\": \"SubjectDomainName\", \"#text\": \"-\"}, {\"@Name\": \"SubjectLogonId\", \"#text\": \"0x0\"}, {\"@Name\": \"TargetUserSid\", \"#text\": \"S-1-5-21-4271829-611451204-6422678655-1231\"}, {\"@Name\": \"TargetUserName\", \"#text\": \"OOPS-WORKSTATION_3$\"}, {\"@Name\": \"TargetDomainName\", \"#text\": \"OOPS.NET\"}, {\"@Name\": \"TargetLogonId\", \"#text\": \"0X30D757\"}, {\"@Name\": \"LogonType\", \"#text\": \"3\"}, {\"@Name\": \"LogonProcessName\", \"#text\": \"Kerberos\"}, {\"@Name\": \"AuthenticationPackageName\", \"#text\": \"Kerberos\"}, {\"@Name\": \"WorkstationName\", \"#text\": \"-\"}, {\"@Name\": \"LogonGuid\", \"#text\": \"2b69cedd-9239-4d33-8441-e88211695352\"}, {\"@Name\": \"TransmittedServices\", \"#text\": \"-\"}, {\"@Name\": \"LmPackageName\", \"#text\": \"-\"}, {\"@Name\": \"KeyLength\", \"#text\": \"0\"}, {\"@Name\": \"ProcessId\", \"#text\": \"0x0\"}, {\"@Name\": \"ProcessName\", \"#text\": \"-\"}, {\"@Name\": \"IpAddress\", \"#text\": \"10.58.121.103\"}, {\"@Name\": \"IpPort\", \"#text\": \"45706\"}, {\"@Name\": \"ImpersonationLevel\", \"#text\": \"%%1833\"}, {\"@Name\": \"RestrictedAdminMode\", \"#text\": \"-\"}, {\"@Name\": \"TargetOutboundUserName\", \"#text\": \"-\"}, {\"@Name\": \"TargetOutboundDomainName\", \"#text\": \"-\"}, {\"@Name\": \"VirtualAccount\", \"#text\": \"%%1843\"}, {\"@Name\": \"TargetLinkedLogonId\", \"#text\": \"0x0\"}, {\"@Name\": \"ElevatedToken\", \"#text\": \"%%1842\"}]}}",
    "Channel": "Security",
    "Provider": "Microsoft-Windows-Security-Auditing",
    "EventId": 4624,
    "EventRecordId": "6571",
    "ProcessId": 669,
    "ThreadId": 3977,
    "Level": "LogAlways",
    "Keywords": "Audit success",
    "SourceFile": "C:\\Windows\\system32\\winevt\\Logs\\Security.evtx",
    "ExtraDataOffset": 0,
    "HiddenRecord": false,
    "TimeCreated": "2021-03-16T12:37:25.5465324+00:00",
    "RecordNumber": "6571"
}, {
    "PayloadData1": "Target: OOPS.NET\\long.warren",
    "PayloadData2": "LogonType 3",
    "PayloadData3": "LogonId: 0X30D774",
    "UserName": "-\\-",
    "RemoteHost": "- (10.58.121.103)",
    "ExecutableInfo": "-",
    "MapDescription": "Successful logon",
    "ChunkNumber": 0,
    "Computer": "OOPS-DC.oops.net",
    "Payload": "{\"EventData\": {\"Data\": [{\"@Name\": \"SubjectUserSid\", \"#text\": \"S-1-0-0\"}, {\"@Name\": \"SubjectUserName\", \"#text\": \"-\"}, {\"@Name\": \"SubjectDomainName\", \"#text\": \"-\"}, {\"@Name\": \"SubjectLogonId\", \"#text\": \"0x0\"}, {\"@Name\": \"TargetUserSid\", \"#text\": \"S-1-5-21-4271829-611451204-6422678655-1164\"}, {\"@Name\": \"TargetUserName\", \"#text\": \"long.warren\"}, {\"@Name\": \"TargetDomainName\", \"#text\": \"OOPS.NET\"}, {\"@Name\": \"TargetLogonId\", \"#text\": \"0X30D774\"}, {\"@Name\": \"LogonType\", \"#text\": \"3\"}, {\"@Name\": \"LogonProcessName\", \"#text\": \"Kerberos\"}, {\"@Name\": \"AuthenticationPackageName\", \"#text\": \"Kerberos\"}, {\"@Name\": \"WorkstationName\", \"#text\": \"-\"}, {\"@Name\": \"LogonGuid\", \"#text\": \"62d4f201-a066-40d1-9c31-edfdfdf13e77\"}, {\"@Name\": \"TransmittedServices\", \"#text\": \"-\"}, {\"@Name\": \"LmPackageName\", \"#text\": \"-\"}, {\"@Name\": \"KeyLength\", \"#text\": \"0\"}, {\"@Name\": \"ProcessId\", \"#text\": \"0x0\"}, {\"@Name\": \"ProcessName\", \"#text\": \"-\"}, {\"@Name\": \"IpAddress\", \"#text\": \"10.58.121.103\"}, {\"@Name\": \"IpPort\", \"#text\": \"45709\"}, {\"@Name\": \"ImpersonationLevel\", \"#text\": \"%%1833\"}, {\"@Name\": \"RestrictedAdminMode\", \"#text\": \"-\"}, {\"@Name\": \"TargetOutboundUserName\", \"#text\": \"-\"}, {\"@Name\": \"TargetOutboundDomainName\", \"#text\": \"-\"}, {\"@Name\": \"VirtualAccount\", \"#text\": \"%%1843\"}, {\"@Name\": \"TargetLinkedLogonId\", \"#text\": \"0x0\"}, {\"@Name\": \"ElevatedToken\", \"#text\": \"%%1842\"}]}}",
    "Channel": "Security",
    "Provider": "Microsoft-Windows-Security-Auditing",
    "EventId": 4624,
    "EventRecordId": "6578",
    "ProcessId": 669,
    "ThreadId": 2777,
    "Level": "LogAlways",
    "Keywords": "Audit success",
    "SourceFile": "C:\\Windows\\system32\\winevt\\Logs\\Security.evtx",
    "ExtraDataOffset": 0,
    "HiddenRecord": false,
    "TimeCreated": "2021-03-16T12:37:25.6259652+00:00",
    "RecordNumber": "6578"
}, {
    "PayloadData1": "Target: OOPS\\long.warren",
    "PayloadData2": "LogonType 3",
    "PayloadData3": "LogonId: 0X30D774",
    "MapDescription": "An account was logged off",
    "ChunkNumber": 0,
    "Computer": "OOPS-DC.oops.net",
    "Payload": "{\"EventData\": {\"Data\": [{\"@Name\": \"TargetUserSid\", \"#text\": \"S-1-5-21-4271829-611451204-6422678655-1164\"}, {\"@Name\": \"TargetUserName\", \"#text\": \"long.warren\"}, {\"@Name\": \"TargetDomainName\", \"#text\": \"OOPS\"}, {\"@Name\": \"TargetLogonId\", \"#text\": \"0X30D774\"}, {\"@Name\": \"LogonType\", \"#text\": \"3\"}]}}",
    "Channel": "Security",
    "Provider": "Microsoft-Windows-Security-Auditing",
    "EventId": 4634,
    "EventRecordId": "6580",
    "ProcessId": 669,
    "ThreadId": 3977,
    "Level": "LogAlways",
    "Keywords": "Audit success",
    "SourceFile": "C:\\Windows\\system32\\winevt\\Logs\\Security.evtx",
    "ExtraDataOffset": 0,
    "HiddenRecord": false,
    "TimeCreated": "2021-03-16T12:37:25.6489836+00:00",
    "RecordNumber": "6580"
}, {
    "PayloadData1": "Target: OOPS\\OOPS-WORKSTATION_3$",
    "PayloadData2": "LogonType 3",
    "PayloadData3": "LogonId: 0X30D757",
    "MapDescription": "An account was logged off",
    "ChunkNumber": 0,
    "Computer": "OOPS-DC.oops.net",
    "Payload": "{\"EventData\": {\"Data\": [{\"@Name\": \"TargetUserSid\", \"#text\": \"S-1-5-21-4271829-611451204-6422678655-1231\"}, {\"@Name\": \"TargetUserName\", \"#text\": \"OOPS-WORKSTATION_3$\"}, {\"@Name\": \"TargetDomainName\", \"#text\": \"OOPS\"}, {\"@Name\": \"TargetLogonId\", \"#text\": \"0X30D757\"}, {\"@Name\": \"LogonType\", \"#text\": \"3\"}]}}",
    "Channel": "Security",
    "Provider": "Microsoft-Windows-Security-Auditing",
    "EventId": 4634,
    "EventRecordId": "6582",
    "ProcessId": 669,
    "ThreadId": 2444,
    "Level": "LogAlways",
    "Keywords": "Audit success",
    "SourceFile": "C:\\Windows\\system32\\winevt\\Logs\\Security.evtx",
    "ExtraDataOffset": 0,
    "HiddenRecord": false,
    "TimeCreated": "2021-03-16T12:37:25.7139378+00:00",
    "RecordNumber": "6582"
}, {
    "PayloadData1": "Target: OOPS.NET\\OOPS-WORKSTATION_3$@OOPS.NET",
    "PayloadData2": "ServiceName: OOPS-DC$",
    "PayloadData3": "ServiceSid: S-1-5-21-4271829-611451204-6422678655-1000",
    "PayloadData4": "TicketEncryptionType: AES256-CTS-HMAC-SHA1-96",
    "PayloadData5": "Status: KDC_ERR_NONE - No error - No errors were found.",
    "RemoteHost": "::ffff:10.58.121.103:45710",
    "MapDescription": "A Kerberos service ticket was requested",
    "ChunkNumber": 0,
    "Computer": "OOPS-DC.oops.net",
    "Payload": "{\"EventData\": {\"Data\": [{\"@Name\": \"TargetUserName\", \"#text\": \"OOPS-WORKSTATION_3$@OOPS.NET\"}, {\"@Name\": \"TargetDomainName\", \"#text\": \"OOPS.NET\"}, {\"@Name\": \"ServiceName\", \"#text\": \"OOPS-DC$\"}, {\"@Name\": \"ServiceSid\", \"#text\": \"S-1-5-21-4271829-611451204-6422678655-1000\"}, {\"@Name\": \"TicketOptions\", \"#text\": \"0x40800000\"}, {\"@Name\": \"TicketEncryptionType\", \"#text\": \"0x12\"}, {\"@Name\": \"IpAddress\", \"#text\": \"::ffff:10.58.121.103\"}, {\"@Name\": \"IpPort\", \"#text\": \"45710\"}, {\"@Name\": \"Status\", \"#text\": \"0x0\"}, {\"@Name\": \"LogonGuid\", \"#text\": \"5d7c04ea-2644-4ae6-8faa-b764c7a21a3e\"}, {\"@Name\": \"TransmittedServices\", \"#text\": \"-\"}]}}",
    "Channel": "Security",
    "Provider": "Microsoft-Windows-Security-Auditing",
    "EventId": 4769,
    "EventRecordId": "6589",
    "ProcessId": 669,
    "ThreadId": 3977,
    "Level": "LogAlways",
    "Keywords": "Audit success",
    "SourceFile": "C:\\Windows\\system32\\winevt\\Logs\\Security.evtx",
    "ExtraDataOffset": 0,
    "HiddenRecord": false,
    "TimeCreated": "2021-03-16T12:37:28.7544572+00:00",
    "RecordNumber": "6589"
}, {
    "PayloadData1": "Target: OOPS.NET\\long.warren@OOPS.NET",
    "PayloadData2": "ServiceName: OOPS-DC$",
    "PayloadData3": "ServiceSid: S-1-5-21-4271829-611451204-6422678655-1000",
    "PayloadData4": "TicketEncryptionType: AES256-CTS-HMAC-SHA1-96",
    "PayloadData5": "Status: KDC_ERR_NONE - No error - No errors were found.",
    "RemoteHost": "::ffff:10.58.121.103:45711",
    "MapDescription": "A Kerberos service ticket was requested",
    "ChunkNumber": 0,
    "Computer": "OOPS-DC.oops.net",
    "Payload": "{\"EventData\": {\"Data\": [{\"@Name\": \"TargetUserName\", \"#text\": \"long.warren@OOPS.NET\"}, {\"@Name\": \"TargetDomainName\", \"#text\": \"OOPS.NET\"}, {\"@Name\": \"ServiceName\", \"#text\": \"OOPS-DC$\"}, {\"@Name\": \"ServiceSid\", \"#text\": \"S-1-5-21-4271829-611451204-6422678655-1000\"}, {\"@Name\": \"TicketOptions\", \"#text\": \"0x40810000\"}, {\"@Name\": \"TicketEncryptionType\", \"#text\": \"0x12\"}, {\"@Name\": \"IpAddress\", \"#text\": \"::ffff:10.58.121.103\"}, {\"@Name\": \"IpPort\", \"#text\": \"45711\"}, {\"@Name\": \"Status\", \"#text\": \"0x0\"}, {\"@Name\": \"LogonGuid\", \"#text\": \"5bece269-b9ce-468a-ad8e-a484e04c2498\"}, {\"@Name\": \"TransmittedServices\", \"#text\": \"-\"}]}}",
    "Channel": "Security",
    "Provider": "Microsoft-Windows-Security-Auditing",
    "EventId": 4769,
    "EventRecordId": "6592",
    "ProcessId": 669,
    "ThreadId": 2444,
    "Level": "LogAlways",
    "Keywords": "Audit success",
    "SourceFile": "C:\\Windows\\system32\\winevt\\Logs\\Security.evtx",
    "ExtraDataOffset": 0,
    "HiddenRecord": false,
    "TimeCreated": "2021-03-16T12:37:28.8063153+00:00",
    "RecordNumber": "6592"
}, {
    "PayloadData1": "Target: OOPS.NET\\OOPS-WORKSTATION_3$",
    "PayloadData2": "LogonType 3",
    "PayloadData3": "LogonId: 0X30D77C",
    "UserName": "-\\-",
    "RemoteHost": "- (10.58.121.103)",
    "ExecutableInfo": "-",
    "MapDescription": "Successful logon",
    "ChunkNumber": 0,
    "Computer": "OOPS-DC.oops.net",
    "Payload": "{\"EventData\": {\"Data\": [{\"@Name\": \"SubjectUserSid\", \"#text\": \"S-1-0-0\"}, {\"@Name\": \"SubjectUserName\", \"#text\": \"-\"}, {\"@Name\": \"SubjectDomainName\", \"#text\": \"-\"}, {\"@Name\": \"SubjectLogonId\", \"#text\": \"0x0\"}, {\"@Name\": \"TargetUserSid\", \"#text\": \"S-1-5-21-4271829-611451204-6422678655-1231\"}, {\"@Name\": \"TargetUserName\", \"#text\": \"OOPS-WORKSTATION_3$\"}, {\"@Name\": \"TargetDomainName\", \"#text\": \"OOPS.NET\"}, {\"@Name\": \"TargetLogonId\", \"#text\": \"0X30D77C\"}, {\"@Name\": \"LogonType\", \"#text\": \"3\"}, {\"@Name\": \"LogonProcessName\", \"#text\": \"Kerberos\"}, {\"@Name\": \"AuthenticationPackageName\", \"#text\": \"Kerberos\"}, {\"@Name\": \"WorkstationName\", \"#text\": \"-\"}, {\"@Name\": \"LogonGuid\", \"#text\": \"187b1fcf-1cef-4c49-ad6e-b719ea9150db\"}, {\"@Name\": \"TransmittedServices\", \"#text\": \"-\"}, {\"@Name\": \"LmPackageName\", \"#text\": \"-\"}, {\"@Name\": \"KeyLength\", \"#text\": \"0\"}, {\"@Name\": \"ProcessId\", \"#text\": \"0x0\"}, {\"@Name\": \"ProcessName\", \"#text\": \"-\"}, {\"@Name\": \"IpAddress\", \"#text\": \"10.58.121.103\"}, {\"@Name\": \"IpPort\", \"#text\": \"45712\"}, {\"@Name\": \"ImpersonationLevel\", \"#text\": \"%%1833\"}, {\"@Name\": \"RestrictedAdminMode\", \"#text\": \"-\"}, {\"@Name\": \"TargetOutboundUserName\", \"#text\": \"-\"}, {\"@Name\": \"TargetOutboundDomainName\", \"#text\": \"-\"}, {\"@Name\": \"VirtualAccount\", \"#text\": \"%%1843\"}, {\"@Name\": \"TargetLinkedLogonId\", \"#text\": \"0x0\"}, {\"@Name\": \"ElevatedToken\", \"#text\": \"%%1842\"}]}}",
    "Channel": "Security",
    "Provider": "Microsoft-Windows-Security-Auditing",
    "EventId": 4624,
    "EventRecordId": "6594",
    "ProcessId": 669,
    "ThreadId": 3977,
    "Level": "LogAlways",
    "Keywords": "Audit success",
    "SourceFile": "C:\\Windows\\system32\\winevt\\Logs\\Security.evtx",
    "ExtraDataOffset": 0,
    "HiddenRecord": false,
    "TimeCreated": "2021-03-16T12:37:28.8338216+00:00",
    "RecordNumber": "6594"
}, {
    "PayloadData1": "Target: OOPS.NET\\OOPS-WORKSTATION_3$",
    "PayloadData2": "LogonType 3",
    "PayloadData3": "LogonId: 0X30D78A",
    "UserName": "-\\-",
    "RemoteHost": "- (10.58.121.103)",
    "ExecutableInfo": "-",
    "MapDescription": "Successful logon",
    "ChunkNumber": 0,
    "Computer": "OOPS-DC.oops.net",
    "Payload": "{\"EventData\": {\"Data\": [{\"@Name\": \"SubjectUserSid\", \"#text\": \"S-1-0-0\"}, {\"@Name\": \"SubjectUserName\", \"#text\": \"-\"}, {\"@Name\": \"SubjectDomainName\", \"#text\": \"-\"}, {\"@Name\": \"SubjectLogonId\", \"#text\": \"0x0\"}, {\"@Name\": \"TargetUserSid\", \"#text\": \"S-1-5-21-4271829-611451204-6422678655-1231\"}, {\"@Name\": \"TargetUserName\", \"#text\": \"OOPS-WORKSTATION_3$\"}, {\"@Name\": \"TargetDomainName\", \"#text\": \"OOPS.NET\"}, {\"@Name\": \"TargetLogonId\", \"#text\": \"0X30D78A\"}, {\"@Name\": \"LogonType\", \"#text\": \"3\"}, {\"@Name\": \"LogonProcessName\", \"#text\": \"Kerberos\"}, {\"@Name\": \"AuthenticationPackageName\", \"#text\": \"Kerberos\"}, {\"@Name\": \"WorkstationName\", \"#text\": \"-\"}, {\"@Name\": \"LogonGuid\", \"#text\": \"747c4578-85d1-40cc-ab76-bdbd7d339db3\"}, {\"@Name\": \"TransmittedServices\", \"#text\": \"-\"}, {\"@Name\": \"LmPackageName\", \"#text\": \"-\"}, {\"@Name\": \"KeyLength\", \"#text\": \"0\"}, {\"@Name\": \"ProcessId\", \"#text\": \"0x0\"}, {\"@Name\": \"ProcessName\", \"#text\": \"-\"}, {\"@Name\": \"IpAddress\", \"#text\": \"10.58.121.103\"}, {\"@Name\": \"IpPort\", \"#text\": \"45714\"}, {\"@Name\": \"ImpersonationLevel\", \"#text\": \"%%1833\"}, {\"@Name\": \"RestrictedAdminMode\", \"#text\": \"-\"}, {\"@Name\": \"TargetOutboundUserName\", \"#text\": \"-\"}, {\"@Name\": \"TargetOutboundDomainName\", \"#text\": \"-\"}, {\"@Name\": \"VirtualAccount\", \"#text\": \"%%1843\"}, {\"@Name\": \"TargetLinkedLogonId\", \"#text\": \"0x0\"}, {\"@Name\": \"ElevatedToken\", \"#text\": \"%%1842\"}]}}",
    "Channel": "Security",
    "Provider": "Microsoft-Windows-Security-Auditing",
    "EventId": 4624,
    "EventRecordId": "6595",
    "ProcessId": 669,
    "ThreadId": 3977,
    "Level": "LogAlways",
    "Keywords": "Audit success",
    "SourceFile": "C:\\Windows\\system32\\winevt\\Logs\\Security.evtx",
    "ExtraDataOffset": 0,
    "HiddenRecord": false,
    "TimeCreated": "2021-03-16T12:37:28.8767410+00:00",
    "RecordNumber": "6595"
}, {
    "PayloadData1": "Target: OOPS.NET\\long.warren",
    "PayloadData2": "LogonType 3",
    "PayloadData3": "LogonId: 0X30D7B6",
    "UserName": "-\\-",
    "RemoteHost": "- (10.58.121.103)",
    "ExecutableInfo": "-",
    "MapDescription": "Successful logon",
    "ChunkNumber": 0,
    "Computer": "OOPS-DC.oops.net",
    "Payload": "{\"EventData\": {\"Data\": [{\"@Name\": \"SubjectUserSid\", \"#text\": \"S-1-0-0\"}, {\"@Name\": \"SubjectUserName\", \"#text\": \"-\"}, {\"@Name\": \"SubjectDomainName\", \"#text\": \"-\"}, {\"@Name\": \"SubjectLogonId\", \"#text\": \"0x0\"}, {\"@Name\": \"TargetUserSid\", \"#text\": \"S-1-5-21-4271829-611451204-6422678655-1164\"}, {\"@Name\": \"TargetUserName\", \"#text\": \"long.warren\"}, {\"@Name\": \"TargetDomainName\", \"#text\": \"OOPS.NET\"}, {\"@Name\": \"TargetLogonId\", \"#text\": \"0X30D7B6\"}, {\"@Name\": \"LogonType\", \"#text\": \"3\"}, {\"@Name\": \"LogonProcessName\", \"#text\": \"Kerberos\"}, {\"@Name\": \"AuthenticationPackageName\", \"#text\": \"Kerberos\"}, {\"@Name\": \"WorkstationName\", \"#text\": \"-\"}, {\"@Name\": \"LogonGuid\", \"#text\": \"aabffb00-adf9-4a3a-82d5-157fe32c8f36\"}, {\"@Name\": \"TransmittedServices\", \"#text\": \"-\"}, {\"@Name\": \"LmPackageName\", \"#text\": \"-\"}, {\"@Name\": \"KeyLength\", \"#text\": \"0\"}, {\"@Name\": \"ProcessId\", \"#text\": \"0x0\"}, {\"@Name\": \"ProcessName\", \"#text\": \"-\"}, {\"@Name\": \"IpAddress\", \"#text\": \"10.58.121.103\"}, {\"@Name\": \"IpPort\", \"#text\": \"45715\"}, {\"@Name\": \"ImpersonationLevel\", \"#text\": \"%%1833\"}, {\"@Name\": \"RestrictedAdminMode\", \"#text\": \"-\"}, {\"@Name\": \"TargetOutboundUserName\", \"#text\": \"-\"}, {\"@Name\": \"TargetOutboundDomainName\", \"#text\": \"-\"}, {\"@Name\": \"VirtualAccount\", \"#text\": \"%%1843\"}, {\"@Name\": \"TargetLinkedLogonId\", \"#text\": \"0x0\"}, {\"@Name\": \"ElevatedToken\", \"#text\": \"%%1842\"}]}}",
    "Channel": "Security",
    "Provider": "Microsoft-Windows-Security-Auditing",
    "EventId": 4624,
    "EventRecordId": "6597",
    "ProcessId": 669,
    "ThreadId": 2444,
    "Level": "LogAlways",
    "Keywords": "Audit success",
    "SourceFile": "C:\\Windows\\system32\\winevt\\Logs\\Security.evtx",
    "ExtraDataOffset": 0,
    "HiddenRecord": false,
    "TimeCreated": "2021-03-16T12:37:28.8989594+00:00",
    "RecordNumber": "6597"
}, {
    "PayloadData1": "Target: OOPS\\OOPS-WORKSTATION_3$",
    "PayloadData2": "LogonType 3",
    "PayloadData3": "LogonId: 0X30D78A",
    "MapDescription": "An account was logged off",
    "ChunkNumber": 0,
    "Computer": "OOPS-DC.oops.net",
    "Payload": "{\"EventData\": {\"Data\": [{\"@Name\": \"TargetUserSid\", \"#text\": \"S-1-5-21-4271829-611451204-6422678655-1231\"}, {\"@Name\": \"TargetUserName\", \"#text\": \"OOPS-WORKSTATION_3$\"}, {\"@Name\": \"TargetDomainName\", \"#text\": \"OOPS\"}, {\"@Name\": \"TargetLogonId\", \"#text\": \"0X30D78A\"}, {\"@Name\": \"LogonType\", \"#text\": \"3\"}]}}",
    "Channel": "Security",
    "Provider": "Microsoft-Windows-Security-Auditing",
    "EventId": 4634,
    "EventRecordId": "6600",
    "ProcessId": 669,
    "ThreadId": 2777,
    "Level": "LogAlways",
    "Keywords": "Audit success",
    "SourceFile": "C:\\Windows\\system32\\winevt\\Logs\\Security.evtx",
    "ExtraDataOffset": 0,
    "HiddenRecord": false,
    "TimeCreated": "2021-03-16T12:37:28.9341157+00:00",
    "RecordNumber": "6600"
}, {
    "PayloadData1": "Target: OOPS\\long.warren",
    "PayloadData2": "LogonType 3",
    "PayloadData3": "LogonId: 0X30D7B6",
    "MapDescription": "An account was logged off",
    "ChunkNumber": 0,
    "Computer": "OOPS-DC.oops.net",
    "Payload": "{\"EventData\": {\"Data\": [{\"@Name\": \"TargetUserSid\", \"#text\": \"S-1-5-21-4271829-611451204-6422678655-1164\"}, {\"@Name\": \"TargetUserName\", \"#text\": \"long.warren\"}, {\"@Name\": \"TargetDomainName\", \"#text\": \"OOPS\"}, {\"@Name\": \"TargetLogonId\", \"#text\": \"0X30D7B6\"}, {\"@Name\": \"LogonType\", \"#text\": \"3\"}]}}",
    "Channel": "Security",
    "Provider": "Microsoft-Windows-Security-Auditing",
    "EventId": 4634,
    "EventRecordId": "6604",
    "ProcessId": 669,
    "ThreadId": 2777,
    "Level": "LogAlways",
    "Keywords": "Audit success",
    "SourceFile": "C:\\Windows\\system32\\winevt\\Logs\\Security.evtx",
    "ExtraDataOffset": 0,
    "HiddenRecord": false,
    "TimeCreated": "2021-03-16T12:37:29.0055910+00:00",
    "RecordNumber": "6604"
}, 