{
    "PayloadData1": "Target: OOPS.NET\\lowrie.harold@OOPS.NET",
    "PayloadData2": "ServiceName: OOPS-DC$",
    "PayloadData3": "ServiceSid: S-1-5-21-4271829-611451204-6422678655-1000",
    "PayloadData4": "TicketEncryptionType: AES256-CTS-HMAC-SHA1-96",
    "PayloadData5": "Status: KDC_ERR_NONE - No error - No errors were found.",
    "RemoteHost": "::ffff:10.58.121.78:21846",
    "MapDescription": "A Kerberos service ticket was requested",
    "ChunkNumber": 0,
    "Computer": "OOPS-DC.oops.net",
    "Payload": "{\"EventData\": {\"Data\": [{\"@Name\": \"TargetUserName\", \"#text\": \"lowrie.harold@OOPS.NET\"}, {\"@Name\": \"TargetDomainName\", \"#text\": \"OOPS.NET\"}, {\"@Name\": \"ServiceName\", \"#text\": \"OOPS-DC$\"}, {\"@Name\": \"ServiceSid\", \"#text\": \"S-1-5-21-4271829-611451204-6422678655-1000\"}, {\"@Name\": \"TicketOptions\", \"#text\": \"0x40800000\"}, {\"@Name\": \"TicketEncryptionType\", \"#text\": \"0x12\"}, {\"@Name\": \"IpAddress\", \"#text\": \"::ffff:10.58.121.78\"}, {\"@Name\": \"IpPort\", \"#text\": \"21846\"}, {\"@Name\": \"Status\", \"#text\": \"0x0\"}, {\"@Name\": \"LogonGuid\", \"#text\": \"afaf57c3-1873-4472-80e0-074f45ba759b\"}, {\"@Name\": \"TransmittedServices\", \"#text\": \"-\"}]}}",
    "Channel": "Security",
    "Provider": "Microsoft-Windows-Security-Auditing",
    "EventId": 4769,
    "EventRecordId": "8286",
    "ProcessId": 669,
    "ThreadId": 7988,
    "Level": "LogAlways",
    "Keywords": "Audit success",
    "SourceFile": "C:\\Windows\\system32\\winevt\\Logs\\Security.evtx",
    "ExtraDataOffset": 0,
    "HiddenRecord": false,
    "TimeCreated": "2021-03-16T18:33:10.1619585+00:00",
    "RecordNumber": "8286"
}, {
    "PayloadData1": "Target: OOPS.NET\\lowrie.harold",
    "PayloadData2": "LogonType 3",
    "PayloadData3": "LogonId: 0X30E8D6",
    "UserName": "-\\-",
    "RemoteHost": "- (10.58.121.78)",
    "ExecutableInfo": "-",
    "MapDescription": "Successful logon",
    "ChunkNumber": 0,
    "Computer": "OOPS-DC.oops.net",
    "Payload": "{\"EventData\": {\"Data\": [{\"@Name\": \"SubjectUserSid\", \"#text\": \"S-1-0-0\"}, {\"@Name\": \"SubjectUserName\", \"#text\": \"-\"}, {\"@Name\": \"SubjectDomainName\", \"#text\": \"-\"}, {\"@Name\": \"SubjectLogonId\", \"#text\": \"0x0\"}, {\"@Name\": \"TargetUserSid\", \"#text\": \"S-1-5-21-4271829-611451204-6422678655-1105\"}, {\"@Name\": \"TargetUserName\", \"#text\": \"lowrie.harold\"}, {\"@Name\": \"TargetDomainName\", \"#text\": \"OOPS.NET\"}, {\"@Name\": \"TargetLogonId\", \"#text\": \"0X30E8D6\"}, {\"@Name\": \"LogonType\", \"#text\": \"3\"}, {\"@Name\": \"LogonProcessName\", \"#text\": \"Kerberos\"}, {\"@Name\": \"AuthenticationPackageName\", \"#text\": \"Kerberos\"}, {\"@Name\": \"WorkstationName\", \"#text\": \"-\"}, {\"@Name\": \"LogonGuid\", \"#text\": \"bfbfbbf1-0a8b-43f2-872d-ca9a7cb9bc4b\"}, {\"@Name\": \"TransmittedServices\", \"#text\": \"-\"}, {\"@Name\": \"LmPackageName\", \"#text\": \"-\"}, {\"@Name\": \"KeyLength\", \"#text\": \"0\"}, {\"@Name\": \"ProcessId\", \"#text\": \"0x0\"}, {\"@Name\": \"ProcessName\", \"#text\": \"-\"}, {\"@Name\": \"IpAddress\", \"#text\": \"10.58.121.78\"}, {\"@Name\": \"IpPort\", \"#text\": \"21848\"}, {\"@Name\": \"ImpersonationLevel\", \"#text\": \"%%1833\"}, {\"@Name\": \"RestrictedAdminMode\", \"#text\": \"-\"}, {\"@Name\": \"TargetOutboundUserName\", \"#text\": \"-\"}, {\"@Name\": \"TargetOutboundDomainName\", \"#text\": \"-\"}, {\"@Name\": \"VirtualAccount\", \"#text\": \"%%1843\"}, {\"@Name\": \"TargetLinkedLogonId\", \"#text\": \"0x0\"}, {\"@Name\": \"ElevatedToken\", \"#text\": \"%%1842\"}]}}",
    "Channel": "Security",
    "Provider": "Microsoft-Windows-Security-Auditing",
    "EventId": 4624,
    "EventRecordId": "8294",
    "ProcessId": 669,
    "ThreadId": 3977,
    "Level": "LogAlways",
    "Keywords": "Audit success",
    "SourceFile": "C:\\Windows\\system32\\winevt\\Logs\\Security.evtx",
    "ExtraDataOffset": 0,
    "HiddenRecord": false,
    "TimeCreated": "2021-03-16T18:33:10.2453346+00:00",
    "RecordNumber": "8294"
}, {
    "PayloadData1": "Target: OOPS.NET\\OOPS-RESERVED$",
    "PayloadData2": "LogonType 3",
    "PayloadData3": "LogonId: 0X30E8E3",
    "UserName": "-\\-",
    "RemoteHost": "- (10.58.121.78)",
    "ExecutableInfo": "-",
    "MapDescription": "Successful logon",
    "ChunkNumber": 0,
    "Computer": "OOPS-DC.oops.net",
    "Payload": "{\"EventData\": {\"Data\": [{\"@Name\": \"SubjectUserSid\", \"#text\": \"S-1-0-0\"}, {\"@Name\": \"SubjectUserName\", \"#text\": \"-\"}, {\"@Name\": \"SubjectDomainName\", \"#text\": \"-\"}, {\"@Name\": \"SubjectLogonId\", \"#text\": \"0x0\"}, {\"@Name\": \"TargetUserSid\", \"#text\": \"S-1-5-21-4271829-611451204-6422678655-1188\"}, {\"@Name\": \"TargetUserName\", \"#text\": \"OOPS-RESERVED$\"}, {\"@Name\": \"TargetDomainName\", \"#text\": \"OOPS.NET\"}, {\"@Name\": \"TargetLogonId\", \"#text\": \"0X30E8E3\"}, {\"@Name\": \"LogonType\", \"#text\": \"3\"}, {\"@Name\": \"LogonProcessName\", \"#text\": \"Kerberos\"}, {\"@Name\": \"AuthenticationPackageName\", \"#text\": \"Kerberos\"}, {\"@Name\": \"WorkstationName\", \"#text\": \"-\"}, {\"@Name\": \"LogonGuid\", \"#text\": \"184bca5b-408d-45d3-9b94-9714e029dfbb\"}, {\"@Name\": \"TransmittedServices\", \"#text\": \"-\"}, {\"@Name\": \"LmPackageName\", \"#text\": \"-\"}, {\"@Name\": \"KeyLength\", \"#text\": \"0\"}, {\"@Name\": \"ProcessId\", \"#text\": \"0x0\"}, {\"@Name\": \"ProcessName\", \"#text\": \"-\"}, {\"@Name\": \"IpAddress\", \"#text\": \"10.58.121.78\"}, {\"@Name\": \"IpPort\", \"#text\": \"21849\"}, {\"@Name\": \"ImpersonationLevel\", \"#text\": \"%%1833\"}, {\"@Name\": \"RestrictedAdminMode\", \"#text\": \"-\"}, {\"@Name\": \"TargetOutboundUserName\", \"#text\": \"-\"}, {\"@Name\": \"TargetOutboundDomainName\", \"#text\": \"-\"}, {\"@Name\": \"VirtualAccount\", \"#text\": \"%%1843\"}, {\"@Name\": \"TargetLinkedLogonId\", \"#text\": \"0x0\"}, {\"@Name\": \"ElevatedToken\", \"#text\": \"%%1842\"}]}}",
    "Channel": "Security",
    "Provider": "Microsoft-Windows-Security-Auditing",
    "EventId": 4624,
    "EventRecordId": "8298",
    "ProcessId": 669,
    "ThreadId": 7988,
    "Level": "LogAlways",
    "Keywords": "Audit success",
    "SourceFile": "C:\\Windows\\system32\\winevt\\Logs\\Security.evtx",
    "ExtraDataOffset": 0,
    "HiddenRecord": false,
    "TimeCreated": "2021-03-16T18:33:10.3324925+00:00",
    "RecordNumber": "8298"
}, {
    "PayloadData1": "Target: OOPS.NET\\lowrie.harold",
    "PayloadData2": "LogonType 3",
    "PayloadData3": "LogonId: 0X30E8F7",
    "UserName": "-\\-",
    "RemoteHost": "- (10.58.121.78)",
    "ExecutableInfo": "-",
    "MapDescription": "Successful logon",
    "ChunkNumber": 0,
    "Computer": "OOPS-DC.oops.net",
    "Payload": "{\"EventData\": {\"Data\": [{\"@Name\": \"SubjectUserSid\", \"#text\": \"S-1-0-0\"}, {\"@Name\": \"SubjectUserName\", \"#text\": \"-\"}, {\"@Name\": \"SubjectDomainName\", \"#text\": \"-\"}, {\"@Name\": \"SubjectLogonId\", \"#text\": \"0x0\"}, {\"@Name\": \"TargetUserSid\", \"#text\": \"S-1-5-21-4271829-611451204-6422678655-1105\"}, {\"@Name\": \"TargetUserName\", \"#text\": \"lowrie.harold\"}, {\"@Name\": \"TargetDomainName\", \"#text\": \"OOPS.NET\"}, {\"@Name\": \"TargetLogonId\", \"#text\": \"0X30E8F7\"}, {\"@Name\": \"LogonType\", \"#text\": \"3\"}, {\"@Name\": \"LogonProcessName\", \"#text\": \"Kerberos\"}, {\"@Name\": \"AuthenticationPackageName\", \"#text\": \"Kerberos\"}, {\"@Name\": \"WorkstationName\", \"#text\": \"-\"}, {\"@Name\": \"LogonGuid\", \"#text\": \"8876588c-0522-4fad-9aed-9d983221a9a3\"}, {\"@Name\": \"TransmittedServices\", \"#text\": \"-\"}, {\"@Name\": \"LmPackageName\", \"#text\": \"-\"}, {\"@Name\": \"KeyLength\", \"#text\": \"0\"}, {\"@Name\": \"ProcessId\", \"#text\": \"0x0\"}, {\"@Name\": \"ProcessName\", \"#text\": \"-\"}, {\"@Name\": \"IpAddress\", \"#text\": \"10.58.121.78\"}, {\"@Name\": \"IpPort\", \"#text\": \"21850\"}, {\"@Name\": \"ImpersonationLevel\", \"#text\": \"%%1833\"}, {\"@Name\": \"RestrictedAdminMode\", \"#text\": \"-\"}, {\"@Name\": \"TargetOutboundUserName\", \"#text\": \"-\"}, {\"@Name\": \"TargetOutboundDomainName\", \"#text\": \"-\"}, {\"@Name\": \"VirtualAccount\", \"#text\": \"%%1843\"}, {\"@Name\": \"TargetLinkedLogonId\", \"#text\": \"0x0\"}, {\"@Name\": \"ElevatedToken\", \"#text\": \"%%1842\"}]}}",
    "Channel": "Security",
    "Provider": "Microsoft-Windows-Security-Auditing",
    "EventId": 4624,
    "EventRecordId": "8301",
    "ProcessId": 669,
    "ThreadId": 3825,
    "Level": "LogAlways",
    "Keywords": "Audit success",
    "SourceFile": "C:\\Windows\\system32\\winevt\\Logs\\Security.evtx",
    "ExtraDataOffset": 0,
    "HiddenRecord": false,
    "TimeCreated": "2021-03-16T18:33:10.3660918+00:00",
    "RecordNumber": "8301"
}, {
    "PayloadData1": "Target: OOPS\\lowrie.harold",
    "PayloadData2": "LogonType 3",
    "PayloadData3": "LogonId: 0X30E8F7",
    "MapDescription": "An account was logged off",
    "ChunkNumber": 0,
    "Computer": "OOPS-DC.oops.net",
    "Payload": "{\"EventData\": {\"Data\": [{\"@Name\": \"TargetUserSid\", \"#text\": \"S-1-5-21-4271829-611451204-6422678655-1105\"}, {\"@Name\": \"TargetUserName\", \"#text\": \"lowrie.harold\"}, {\"@Name\": \"TargetDomainName\", \"#text\": \"OOPS\"}, {\"@Name\": \"TargetLogonId\", \"#text\": \"0X30E8F7\"}, {\"@Name\": \"LogonType\", \"#text\": \"3\"}]}}",
    "Channel": "Security",
    "Provider": "Microsoft-Windows-Security-Auditing",
    "EventId": 4634,
    "EventRecordId": "8306",
    "ProcessId": 669,
    "ThreadId": 7988,
    "Level": "LogAlways",
    "Keywords": "Audit success",
    "SourceFile": "C:\\Windows\\system32\\winevt\\Logs\\Security.evtx",
    "ExtraDataOffset": 0,
    "HiddenRecord": false,
    "TimeCreated": "2021-03-16T18:33:10.4223091+00:00",
    "RecordNumber": "8306"
}, {
    "PayloadData1": "Target: OOPS\\OOPS-RESERVED$",
    "PayloadData2": "LogonType 3",
    "PayloadData3": "LogonId: 0X30E8E3",
    "MapDescription": "An account was logged off",
    "ChunkNumber": 0,
    "Computer": "OOPS-DC.oops.net",
    "Payload": "{\"EventData\": {\"Data\": [{\"@Name\": \"TargetUserSid\", \"#text\": \"S-1-5-21-4271829-611451204-6422678655-1188\"}, {\"@Name\": \"TargetUserName\", \"#text\": \"OOPS-RESERVED$\"}, {\"@Name\": \"TargetDomainName\", \"#text\": \"OOPS\"}, {\"@Name\": \"TargetLogonId\", \"#text\": \"0X30E8E3\"}, {\"@Name\": \"LogonType\", \"#text\": \"3\"}]}}",
    "Channel": "Security",
    "Provider": "Microsoft-Windows-Security-Auditing",
    "EventId": 4634,
    "EventRecordId": "8308",
    "ProcessId": 669,
    "ThreadId": 2444,
    "Level": "LogAlways",
    "Keywords": "Audit success",
    "SourceFile": "C:\\Windows\\system32\\winevt\\Logs\\Security.evtx",
    "ExtraDataOffset": 0,
    "HiddenRecord": false,
    "TimeCreated": "2021-03-16T18:33:10.4477801+00:00",
    "RecordNumber": "8308"
}, {
    "PayloadData1": "Target: OOPS.NET\\OOPS-RESERVED$@OOPS.NET",
    "PayloadData2": "ServiceName: OOPS-DC$",
    "PayloadData3": "ServiceSid: S-1-5-21-4271829-611451204-6422678655-1000",
    "PayloadData4": "TicketEncryptionType: AES256-CTS-HMAC-SHA1-96",
    "PayloadData5": "Status: KDC_ERR_NONE - No error - No errors were found.",
    "RemoteHost": "::ffff:10.58.121.78:21851",
    "MapDescription": "A Kerberos service ticket was requested",
    "ChunkNumber": 0,
    "Computer": "OOPS-DC.oops.net",
    "Payload": "{\"EventData\": {\"Data\": [{\"@Name\": \"TargetUserName\", \"#text\": \"OOPS-RESERVED$@OOPS.NET\"}, {\"@Name\": \"TargetDomainName\", \"#text\": \"OOPS.NET\"}, {\"@Name\": \"ServiceName\", \"#text\": \"OOPS-DC$\"}, {\"@Name\": \"ServiceSid\", \"#text\": \"S-1-5-21-4271829-611451204-6422678655-1000\"}, {\"@Name\": \"TicketOptions\", \"#text\": \"0x40800000\"}, {\"@Name\": \"TicketEncryptionType\", \"#text\": \"0x12\"}, {\"@Name\": \"IpAddress\", \"#text\": \"::ffff:10.58.121.78\"}, {\"@Name\": \"IpPort\", \"#text\": \"21851\"}, {\"@Name\": \"Status\", \"#text\": \"0x0\"}, {\"@Name\": \"LogonGuid\", \"#text\": \"b3fc4591-3b4d-42a2-9eba-234e86181a7d\"}, {\"@Name\": \"TransmittedServices\", \"#text\": \"-\"}]}}",
    "Channel": "Security",
    "Provider": "Microsoft-Windows-Security-Auditing",
    "EventId": 4769,
    "EventRecordId": "8315",
    "ProcessId": 669,
    "ThreadId": 3977,
    "Level": "LogAlways",
    "Keywords": "Audit success",
    "SourceFile": "C:\\Windows\\system32\\winevt\\Logs\\Security.evtx",
    "ExtraDataOffset": 0,
    "HiddenRecord": false,
    "TimeCreated": "2021-03-16T18:33:13.5225973+00:00",
    "RecordNumber": "8315"
}, {
    "PayloadData1": "Target: OOPS.NET\\lowrie.harold@OOPS.NET",
    "PayloadData2": "ServiceName: OOPS-DC$",
    "PayloadData3": "ServiceSid: S-1-5-21-4271829-611451204-6422678655-1000",
    "PayloadData4": "TicketEncryptionType: AES256-CTS-HMAC-SHA1-96",
    "PayloadData5": "Status: KDC_ERR_NONE - No error - No errors were found.",
    "RemoteHost": "::ffff:10.58.121.78:21852",
    "MapDescription": "A Kerberos service ticket was requested",
    "ChunkNumber": 0,
    "Computer": "OOPS-DC.oops.net",
    "Payload": "{\"EventData\": {\"Data\": [{\"@Name\": \"TargetUserName\", \"#text\": \"lowrie.harold@OOPS.NET\"}, {\"@Name\": \"TargetDomainName\", \"#text\": \"OOPS.NET\"}, {\"@Name\": \"ServiceName\", \"#text\": \"OOPS-DC$\"}, {\"@Name\": \"ServiceSid\", \"#text\": \"S-1-5-21-4271829-611451204-6422678655-1000\"}, {\"@Name\": \"TicketOptions\", \"#text\": \"0x40810000\"}, {\"@Name\": \"TicketEncryptionType\", \"#text\": \"0x12\"}, {\"@Name\": \"IpAddress\", \"#text\": \"::ffff:10.58.121.78\"}, {\"@Name\": \"IpPort\", \"#text\": \"21852\"}, {\"@Name\": \"Status\", \"#text\": \"0x0\"}, {\"@Name\": \"LogonGuid\", \"#text\": \"431f81a1-499e-46b8-a71a-42aeb1a1dcbe\"}, {\"@Name\": \"TransmittedServices\", \"#text\": \"-\"}]}}",
    "Channel": "Security",
    "Provider": "Microsoft-Windows-Security-Auditing",
    "EventId": 4769,
    "EventRecordId": "8319",
    "ProcessId": 669,
    "ThreadId": 3977,
    "Level": "LogAlways",
    "Keywords": "Audit success",
    "SourceFile": "C:\\Windows\\system32\\winevt\\Logs\\Security.evtx",
    "ExtraDataOffset": 0,
    "HiddenRecord": false,
    "TimeCreated": "2021-03-16T18:33:13.5659615+00:00",
    "RecordNumber": "8319"
}, {
    "PayloadData1": "Target: OOPS.NET\\OOPS-RESERVED$",
    "PayloadData2": "LogonType 3",
    "PayloadData3": "LogonId: 0X30E912",
    "UserName": "-\\-",
    "RemoteHost": "- (10.58.121.78)",
    "ExecutableInfo": "-",
    "MapDescription": "Successful logon",
    "ChunkNumber": 0,
    "Computer": "OOPS-DC.oops.net",
    "Payload": "{\"EventData\": {\"Data\": [{\"@Name\": \"SubjectUserSid\", \"#text\": \"S-1-0-0\"}, {\"@Name\": \"SubjectUserName\", \"#text\": \"-\"}, {\"@Name\": \"SubjectDomainName\", \"#text\": \"-\"}, {\"@Name\": \"SubjectLogonId\", \"#text\": \"0x0\"}, {\"@Name\": \"TargetUserSid\", \"#text\": \"S-1-5-21-4271829-611451204-6422678655-1188\"}, {\"@Name\": \"TargetUserName\", \"#text\": \"OOPS-RESERVED$\"}, {\"@Name\": \"TargetDomainName\", \"#text\": \"OOPS.NET\"}, {\"@Name\": \"TargetLogonId\", \"#text\": \"0X30E912\"}, {\"@Name\": \"LogonType\", \"#text\": \"3\"}, {\"@Name\": \"LogonProcessName\", \"#text\": \"Kerberos\"}, {\"@Name\": \"AuthenticationPackageName\", \"#text\": \"Kerberos\"}, {\"@Name\": \"WorkstationName\", \"#text\": \"-\"}, {\"@Name\": \"LogonGuid\", \"#text\": \"5096fa74-d6ba-4e36-a89d-6ce2649387ca\"}, {\"@Name\": \"TransmittedServices\", \"#text\": \"-\"}, {\"@Name\": \"LmPackageName\", \"#text\": \"-\"}, {\"@Name\": \"KeyLength\", \"#text\": \"0\"}, {\"@Name\": \"ProcessId\", \"#text\": \"0x0\"}, {\"@Name\": \"ProcessName\", \"#text\": \"-\"}, {\"@Name\": \"IpAddress\", \"#text\": \"10.58.121.78\"}, {\"@Name\": \"IpPort\", \"#text\": \"21853\"}, {\"@Name\": \"ImpersonationLevel\", \"#text\": \"%%1833\"}, {\"@Name\": \"RestrictedAdminMode\", \"#text\": \"-\"}, {\"@Name\": \"TargetOutboundUserName\", \"#text\": \"-\"}, {\"@Name\": \"TargetOutboundDomainName\", \"#text\": \"-\"}, {\"@Name\": \"VirtualAccount\", \"#text\": \"%%1843\"}, {\"@Name\": \"TargetLinkedLogonId\", \"#text\": \"0x0\"}, {\"@Name\": \"ElevatedToken\", \"#text\": \"%%1842\"}]}}",
    "Channel": "Security",
    "Provider": "Microsoft-Windows-Security-Auditing",
    "EventId": 4624,
    "EventRecordId": "8320",
    "ProcessId": 669,
    "ThreadId": 2777,
    "Level": "LogAlways",
    "Keywords": "Audit success",
    "SourceFile": "C:\\Windows\\system32\\winevt\\Logs\\Security.evtx",
    "ExtraDataOffset": 0,
    "HiddenRecord": false,
    "TimeCreated": "2021-03-16T18:33:13.6377478+00:00",
    "RecordNumber": "8320"
}, {
    "PayloadData1": "Target: OOPS.NET\\OOPS-RESERVED$",
    "PayloadData2": "LogonType 3",
    "PayloadData3": "LogonId: 0X30E926",
    "UserName": "-\\-",
    "RemoteHost": "- (10.58.121.78)",
    "ExecutableInfo": "-",
    "MapDescription": "Successful logon",
    "ChunkNumber": 0,
    "Computer": "OOPS-DC.oops.net",
    "Payload": "{\"EventData\": {\"Data\": [{\"@Name\": \"SubjectUserSid\", \"#text\": \"S-1-0-0\"}, {\"@Name\": \"SubjectUserName\", \"#text\": \"-\"}, {\"@Name\": \"SubjectDomainName\", \"#text\": \"-\"}, {\"@Name\": \"SubjectLogonId\", \"#text\": \"0x0\"}, {\"@Name\": \"TargetUserSid\", \"#text\": \"S-1-5-21-4271829-611451204-6422678655-1188\"}, {\"@Name\": \"TargetUserName\", \"#text\": \"OOPS-RESERVED$\"}, {\"@Name\": \"TargetDomainName\", \"#text\": \"OOPS.NET\"}, {\"@Name\": \"TargetLogonId\", \"#text\": \"0X30E926\"}, {\"@Name\": \"LogonType\", \"#text\": \"3\"}, {\"@Name\": \"LogonProcessName\", \"#text\": \"Kerberos\"}, {\"@Name\": \"AuthenticationPackageName\", \"#text\": \"Kerberos\"}, {\"@Name\": \"WorkstationName\", \"#text\": \"-\"}, {\"@Name\": \"LogonGuid\", \"#text\": \"9d1290de-3544-404c-85c4-430fa48c7381\"}, {\"@Name\": \"TransmittedServices\", \"#text\": \"-\"}, {\"@Name\": \"LmPackageName\", \"#text\": \"-\"}, {\"@Name\": \"KeyLength\", \"#text\": \"0\"}, {\"@Name\": \"ProcessId\", \"#text\": \"0x0\"}, {\"@Name\": \"ProcessName\", \"#text\": \"-\"}, {\"@Name\": \"IpAddress\", \"#text\": \"10.58.121.78\"}, {\"@Name\": \"IpPort\", \"#text\": \"21854\"}, {\"@Name\": \"ImpersonationLevel\", \"#text\": \"%%1833\"}, {\"@Name\": \"RestrictedAdminMode\", \"#text\": \"-\"}, {\"@Name\": \"TargetOutboundUserName\", \"#text\": \"-\"}, {\"@Name\": \"TargetOutboundDomainName\", \"#text\": \"-\"}, {\"@Name\": \"VirtualAccount\", \"#text\": \"%%1843\"}, {\"@Name\": \"TargetLinkedLogonId\", \"#text\": \"0x0\"}, {\"@Name\": \"ElevatedToken\", \"#text\": \"%%1842\"}]}}",
    "Channel": "Security",
    "Provider": "Microsoft-Windows-Security-Auditing",
    "EventId": 4624,
    "EventRecordId": "8325",
    "ProcessId": 669,
    "ThreadId": 7988,
    "Level": "LogAlways",
    "Keywords": "Audit success",
    "SourceFile": "C:\\Windows\\system32\\winevt\\Logs\\Security.evtx",
    "ExtraDataOffset": 0,
    "HiddenRecord": false,
    "TimeCreated": "2021-03-16T18:33:13.6935158+00:00",
    "RecordNumber": "8325"
}, {
    "PayloadData1": "Target: OOPS.NET\\lowrie.harold",
    "PayloadData2": "LogonType 3",
    "PayloadData3": "LogonId: 0X30E933",
    "UserName": "-\\-",
    "RemoteHost": "- (10.58.121.78)",
    "ExecutableInfo": "-",
    "MapDescription": "Successful logon",
    "ChunkNumber": 0,
    "Computer": "OOPS-DC.oops.net",
    "Payload": "{\"EventData\": {\"Data\": [{\"@Name\": \"SubjectUserSid\", \"#text\": \"S-1-0-0\"}, {\"@Name\": \"SubjectUserName\", \"#text\": \"-\"}, {\"@Name\": \"SubjectDomainName\", \"#text\": \"-\"}, {\"@Name\": \"SubjectLogonId\", \"#text\": \"0x0\"}, {\"@Name\": \"TargetUserSid\", \"#text\": \"S-1-5-21-4271829-611451204-6422678655-1105\"}, {\"@Name\": \"TargetUserName\", \"#text\": \"lowrie.harold\"}, {\"@Name\": \"TargetDomainName\", \"#text\": \"OOPS.NET\"}, {\"@Name\": \"TargetLogonId\", \"#text\": \"0X30E933\"}, {\"@Name\": \"LogonType\", \"#text\": \"3\"}, {\"@Name\": \"LogonProcessName\", \"#text\": \"Kerberos\"}, {\"@Name\": \"AuthenticationPackageName\", \"#text\": \"Kerberos\"}, {\"@Name\": \"WorkstationName\", \"#text\": \"-\"}, {\"@Name\": \"LogonGuid\", \"#text\": \"232c3f42-32ba-4509-9ed1-c120b743975c\"}, {\"@Name\": \"TransmittedServices\", \"#text\": \"-\"}, {\"@Name\": \"LmPackageName\", \"#text\": \"-\"}, {\"@Name\": \"KeyLength\", \"#text\": \"0\"}, {\"@Name\": \"ProcessId\", \"#text\": \"0x0\"}, {\"@Name\": \"ProcessName\", \"#text\": \"-\"}, {\"@Name\": \"IpAddress\", \"#text\": \"10.58.121.78\"}, {\"@Name\": \"IpPort\", \"#text\": \"21856\"}, {\"@Name\": \"ImpersonationLevel\", \"#text\": \"%%1833\"}, {\"@Name\": \"RestrictedAdminMode\", \"#text\": \"-\"}, {\"@Name\": \"TargetOutboundUserName\", \"#text\": \"-\"}, {\"@Name\": \"TargetOutboundDomainName\", \"#text\": \"-\"}, {\"@Name\": \"VirtualAccount\", \"#text\": \"%%1843\"}, {\"@Name\": \"TargetLinkedLogonId\", \"#text\": \"0x0\"}, {\"@Name\": \"ElevatedToken\", \"#text\": \"%%1842\"}]}}",
    "Channel": "Security",
    "Provider": "Microsoft-Windows-Security-Auditing",
    "EventId": 4624,
    "EventRecordId": "8329",
    "ProcessId": 669,
    "ThreadId": 3825,
    "Level": "LogAlways",
    "Keywords": "Audit success",
    "SourceFile": "C:\\Windows\\system32\\winevt\\Logs\\Security.evtx",
    "ExtraDataOffset": 0,
    "HiddenRecord": false,
    "TimeCreated": "2021-03-16T18:33:13.7469067+00:00",
    "RecordNumber": "8329"
}, {
    "PayloadData1": "Target: OOPS\\OOPS-RESERVED$",
    "PayloadData2": "LogonType 3",
    "PayloadData3": "LogonId: 0X30E926",
    "MapDescription": "An account was logged off",
    "ChunkNumber": 0,
    "Computer": "OOPS-DC.oops.net",
    "Payload": "{\"EventData\": {\"Data\": [{\"@Name\": \"TargetUserSid\", \"#text\": \"S-1-5-21-4271829-611451204-6422678655-1188\"}, {\"@Name\": \"TargetUserName\", \"#text\": \"OOPS-RESERVED$\"}, {\"@Name\": \"TargetDomainName\", \"#text\": \"OOPS\"}, {\"@Name\": \"TargetLogonId\", \"#text\": \"0X30E926\"}, {\"@Name\": \"LogonType\", \"#text\": \"3\"}]}}",
    "Channel": "Security",
    "Provider": "Microsoft-Windows-Security-Auditing",
    "EventId": 4634,
    "EventRecordId": "8331",
    "ProcessId": 669,
    "ThreadId": 3825,
    "Level": "LogAlways",
    "Keywords": "Audit success",
    "SourceFile": "C:\\Windows\\system32\\winevt\\Logs\\Security.evtx",
    "ExtraDataOffset": 0,
    "HiddenRecord": false,
    "TimeCreated": "2021-03-16T18:33:13.8352366+00:00",
    "RecordNumber": "8331"
}, {
    "PayloadData1": "Target: OOPS\\lowrie.harold",
    "PayloadData2": "LogonType 3",
    "PayloadData3": "LogonId: 0X30E933",
    "MapDescription": "An account was logged off",
    "ChunkNumber": 0,
    "Computer": "OOPS-DC.oops.net",
    "Payload": "{\"EventData\": {\"Data\": [{\"@Name\": \"TargetUserSid\", \"#text\": \"S-1-5-21-4271829-611451204-6422678655-1105\"}, {\"@Name\": \"TargetUserName\", \"#text\": \"lowrie.harold\"}, {\"@Name\": \"TargetDomainName\", \"#text\": \"OOPS\"}, {\"@Name\": \"TargetLogonId\", \"#text\": \"0X30E933\"}, {\"@Name\": \"LogonType\", \"#text\": \"3\"}]}}",
    "Channel": "Security",
    "Provider": "Microsoft-Windows-Security-Auditing",
    "EventId": 4634,
    "EventRecordId": "8334",
    "ProcessId": 669,
    "ThreadId": 3977,
    "Level": "LogAlways",
    "Keywords": "Audit success",
    "SourceFile": "C:\\Windows\\system32\\winevt\\Logs\\Security.evtx",
    "ExtraDataOffset": 0,
    "HiddenRecord": false,
    "TimeCreated": "2021-03-16T18:33:13.9203107+00:00",
    "RecordNumber": "8334"
}, {
    "PayloadData1": "Target: OOPS\\OOPS-RESERVED$",
    "PayloadData2": "LogonType 3",
    "PayloadData3": "LogonId: 0X30E912",
    "MapDescription": "An account was logged off",
    "ChunkNumber": 0,
    "Computer": "OOPS-DC.oops.net",
    "Payload": "{\"EventData\": {\"Data\": [{\"@Name\": \"TargetUserSid\", \"#text\": \"S-1-5-21-4271829-611451204-6422678655-1188\"}, {\"@Name\": \"TargetUserName\", \"#text\": \"OOPS-RESERVED$\"}, {\"@Name\": \"TargetDomainName\", \"#text\": \"OOPS\"}, {\"@Name\": \"TargetLogonId\", \"#text\": \"0X30E912\"}, {\"@Name\": \"LogonType\", \"#text\": \"3\"}]}}",
    "Channel": "Security",
    "Provider": "Microsoft-Windows-Security-Auditing",
    "EventId": 4634,
    "EventRecordId": "8340",
    "ProcessId": 669,
    "ThreadId": 2444,
    "Level": "LogAlways",
    "Keywords": "Audit success",
    "SourceFile": "C:\\Windows\\system32\\winevt\\Logs\\Security.evtx",
    "ExtraDataOffset": 0,
    "HiddenRecord": false,
    "TimeCreated": "2021-03-16T18:33:13.9991724+00:00",
    "RecordNumber": "8340"
}, {
    "PayloadData1": "Target: OOPS.NET\\OOPS-RESERVED$@OOPS.NET",
    "PayloadData2": "ServiceName: OOPS-RESERVED$",
    "PayloadData3": "ServiceSid: S-1-5-21-4271829-611451204-6422678655-1188",
    "PayloadData4": "TicketEncryptionType: AES256-CTS-HMAC-SHA1-96",
    "PayloadData5": "Status: KDC_ERR_NONE - No error - No errors were found.",
    "RemoteHost": "::ffff:10.58.121.78:21857",
    "MapDescription": "A Kerberos service ticket was requested",
    "ChunkNumber": 0,
    "Computer": "OOPS-DC.oops.net",
    "Payload": "{\"EventData\": {\"Data\": [{\"@Name\": \"TargetUserName\", \"#text\": \"OOPS-RESERVED$@OOPS.NET\"}, {\"@Name\": \"TargetDomainName\", \"#text\": \"OOPS.NET\"}, {\"@Name\": \"ServiceName\", \"#text\": \"OOPS-RESERVED$\"}, {\"@Name\": \"ServiceSid\", \"#text\": \"S-1-5-21-4271829-611451204-6422678655-1188\"}, {\"@Name\": \"TicketOptions\", \"#text\": \"0x40810000\"}, {\"@Name\": \"TicketEncryptionType\", \"#text\": \"0x12\"}, {\"@Name\": \"IpAddress\", \"#text\": \"::ffff:10.58.121.78\"}, {\"@Name\": \"IpPort\", \"#text\": \"21857\"}, {\"@Name\": \"Status\", \"#text\": \"0x0\"}, {\"@Name\": \"LogonGuid\", \"#text\": \"bac41257-d5e0-4a1e-ae15-ebeb856d68c1\"}, {\"@Name\": \"TransmittedServices\", \"#text\": \"-\"}]}}",
    "Channel": "Security",
    "Provider": "Microsoft-Windows-Security-Auditing",
    "EventId": 4769,
    "EventRecordId": "8342",
    "ProcessId": 669,
    "ThreadId": 2444,
    "Level": "LogAlways",
    "Keywords": "Audit success",
    "SourceFile": "C:\\Windows\\system32\\winevt\\Logs\\Security.evtx",
    "ExtraDataOffset": 0,
    "HiddenRecord": false,
    "TimeCreated": "2021-03-16T18:33:14.0278833+00:00",
    "RecordNumber": "8342"
}, {
    "PayloadData1": "Target: OOPS.NET\\OOPS-RESERVED$",
    "PayloadData2": "LogonType 3",
    "PayloadData3": "LogonId: 0X30E957",
    "UserName": "-\\-",
    "RemoteHost": "- (10.58.121.78)",
    "ExecutableInfo": "-",
    "MapDescription": "Successful logon",
    "ChunkNumber": 0,
    "Computer": "OOPS-DC.oops.net",
    "Payload": "{\"EventData\": {\"Data\": [{\"@Name\": \"SubjectUserSid\", \"#text\": \"S-1-0-0\"}, {\"@Name\": \"SubjectUserName\", \"#text\": \"-\"}, {\"@Name\": \"SubjectDomainName\", \"#text\": \"-\"}, {\"@Name\": \"SubjectLogonId\", \"#text\": \"0x0\"}, {\"@Name\": \"TargetUserSid\", \"#text\": \"S-1-5-21-4271829-611451204-6422678655-1188\"}, {\"@Name\": \"TargetUserName\", \"#text\": \"OOPS-RESERVED$\"}, {\"@Name\": \"TargetDomainName\", \"#text\": \"OOPS.NET\"}, {\"@Name\": \"TargetLogonId\", \"#text\": \"0X30E957\"}, {\"@Name\": \"LogonType\", \"#text\": \"3\"}, {\"@Name\": \"LogonProcessName\", \"#text\": \"Kerberos\"}, {\"@Name\": \"AuthenticationPackageName\", \"#text\": \"Kerberos\"}, {\"@Name\": \"WorkstationName\", \"#text\": \"-\"}, {\"@Name\": \"LogonGuid\", \"#text\": \"61a93ff5-fadd-4a45-9834-34d77f671b0a\"}, {\"@Name\": \"TransmittedServices\", \"#text\": \"-\"}, {\"@Name\": \"LmPackageName\", \"#text\": \"-\"}, {\"@Name\": \"KeyLength\", \"#text\": \"0\"}, {\"@Name\": \"ProcessId\", \"#text\": \"0x0\"}, {\"@Name\": \"ProcessName\", \"#text\": \"-\"}, {\"@Name\": \"IpAddress\", \"#text\": \"10.58.121.78\"}, {\"@Name\": \"IpPort\", \"#text\": \"21859\"}, {\"@Name\": \"ImpersonationLevel\", \"#text\": \"%%1833\"}, {\"@Name\": \"RestrictedAdminMode\", \"#text\": \"-\"}, {\"@Name\": \"TargetOutboundUserName\", \"#text\": \"-\"}, {\"@Name\": \"TargetOutboundDomainName\", \"#text\": \"-\"}, {\"@Name\": \"VirtualAccount\", \"#text\": \"%%1843\"}, {\"@Name\": \"TargetLinkedLogonId\", \"#text\": \"0x0\"}, {\"@Name\": \"ElevatedToken\", \"#text\": \"%%1842\"}]}}",
    "Channel": "Security",
    "Provider": "Microsoft-Windows-Security-Auditing",
    "EventId": 4624,
    "EventRecordId": "8344",
    "ProcessId": 669,
    "ThreadId": 2444,
    "Level": "LogAlways",
    "Keywords": "Audit success",
    "SourceFile": "C:\\Windows\\system32\\winevt\\Logs\\Security.evtx",
    "ExtraDataOffset": 0,
    "HiddenRecord": false,
    "TimeCreated": "2021-03-16T18:33:14.0810900+00:00",
    "RecordNumber": "8344"
}, {
    "PayloadData1": "Target: OOPS.NET\\OOPS-RESERVED$",
    "PayloadData2": "LogonType 3",
    "PayloadData3": "LogonId: 0X30E96B",
    "UserName": "-\\-",
    "RemoteHost": "- (10.58.121.78)",
    "ExecutableInfo": "-",
    "MapDescription": "Successful logon",
    "ChunkNumber": 0,
    "Computer": "OOPS-DC.oops.net",
    "Payload": "{\"EventData\": {\"Data\": [{\"@Name\": \"SubjectUserSid\", \"#text\": \"S-1-0-0\"}, {\"@Name\": \"SubjectUserName\", \"#text\": \"-\"}, {\"@Name\": \"SubjectDomainName\", \"#text\": \"-\"}, {\"@Name\": \"SubjectLogonId\", \"#text\": \"0x0\"}, {\"@Name\": \"TargetUserSid\", \"#text\": \"S-1-5-21-4271829-611451204-6422678655-1188\"}, {\"@Name\": \"TargetUserName\", \"#text\": \"OOPS-RESERVED$\"}, {\"@Name\": \"TargetDomainName\", \"#text\": \"OOPS.NET\"}, {\"@Name\": \"TargetLogonId\", \"#text\": \"0X30E96B\"}, {\"@Name\": \"LogonType\", \"#text\": \"3\"}, {\"@Name\": \"LogonProcessName\", \"#text\": \"Kerberos\"}, {\"@Name\": \"AuthenticationPackageName\", \"#text\": \"Kerberos\"}, {\"@Name\": \"WorkstationName\", \"#text\": \"-\"}, {\"@Name\": \"LogonGuid\", \"#text\": \"7af48802-95f7-475d-9867-01eceaa7b6bb\"}, {\"@Name\": \"TransmittedServices\", \"#text\": \"-\"}, {\"@Name\": \"LmPackageName\", \"#text\": \"-\"}, {\"@Name\": \"KeyLength\", \"#text\": \"0\"}, {\"@Name\": \"ProcessId\", \"#text\": \"0x0\"}, {\"@Name\": \"ProcessName\", \"#text\": \"-\"}, {\"@Name\": \"IpAddress\", \"#text\": \"10.58.121.78\"}, {\"@Name\": \"IpPort\", \"#text\": \"21861\"}, {\"@Name\": \"ImpersonationLevel\", \"#text\": \"%%1833\"}, {\"@Name\": \"RestrictedAdminMode\", \"#text\": \"-\"}, {\"@Name\": \"TargetOutboundUserName\", \"#text\": \"-\"}, {\"@Name\": \"TargetOutboundDomainName\", \"#text\": \"-\"}, {\"@Name\": \"VirtualAccount\", \"#text\": \"%%1843\"}, {\"@Name\": \"TargetLinkedLogonId\", \"#text\": \"0x0\"}, {\"@Name\": \"ElevatedToken\", \"#text\": \"%%1842\"}]}}",
    "Channel": "Security",
    "Provider": "Microsoft-Windows-Security-Auditing",
    "EventId": 4624,
    "EventRecordId": "8346",
    "ProcessId": 669,
    "ThreadId": 2444,
    "Level": "LogAlways",
    "Keywords": "Audit success",
    "SourceFile": "C:\\Windows\\system32\\winevt\\Logs\\Security.evtx",
    "ExtraDataOffset": 0,
    "HiddenRecord": false,
    "TimeCreated": "2021-03-16T18:33:14.1327012+00:00",
    "RecordNumber": "8346"
}, {
    "PayloadData1": "Target: OOPS.NET\\OOPS-RESERVED$",
    "PayloadData2": "LogonType 3",
    "PayloadData3": "LogonId: 0X30E978",
    "UserName": "-\\-",
    "RemoteHost": "- (10.58.121.78)",
    "ExecutableInfo": "-",
    "MapDescription": "Successful logon",
    "ChunkNumber": 0,
    "Computer": "OOPS-DC.oops.net",
    "Payload": "{\"EventData\": {\"Data\": [{\"@Name\": \"SubjectUserSid\", \"#text\": \"S-1-0-0\"}, {\"@Name\": \"SubjectUserName\", \"#text\": \"-\"}, {\"@Name\": \"SubjectDomainName\", \"#text\": \"-\"}, {\"@Name\": \"SubjectLogonId\", \"#text\": \"0x0\"}, {\"@Name\": \"TargetUserSid\", \"#text\": \"S-1-5-21-4271829-611451204-6422678655-1188\"}, {\"@Name\": \"TargetUserName\", \"#text\": \"OOPS-RESERVED$\"}, {\"@Name\": \"TargetDomainName\", \"#text\": \"OOPS.NET\"}, {\"@Name\": \"TargetLogonId\", \"#text\": \"0X30E978\"}, {\"@Name\": \"LogonType\", \"#text\": \"3\"}, {\"@Name\": \"LogonProcessName\", \"#text\": \"Kerberos\"}, {\"@Name\": \"AuthenticationPackageName\", \"#text\": \"Kerberos\"}, {\"@Name\": \"WorkstationName\", \"#text\": \"-\"}, {\"@Name\": \"LogonGuid\", \"#text\": \"bd370165-39a2-4fa4-9e81-23dfbf50a2cf\"}, {\"@Name\": \"TransmittedServices\", \"#text\": \"-\"}, {\"@Name\": \"LmPackageName\", \"#text\": \"-\"}, {\"@Name\": \"KeyLength\", \"#text\": \"0\"}, {\"@Name\": \"ProcessId\", \"#text\": \"0x0\"}, {\"@Name\": \"ProcessName\", \"#text\": \"-\"}, {\"@Name\": \"IpAddress\", \"#text\": \"10.58.121.78\"}, {\"@Name\": \"IpPort\", \"#text\": \"21862\"}, {\"@Name\": \"ImpersonationLevel\", \"#text\": \"%%1833\"}, {\"@Name\": \"RestrictedAdminMode\", \"#text\": \"-\"}, {\"@Name\": \"TargetOutboundUserName\", \"#text\": \"-\"}, {\"@Name\": \"TargetOutboundDomainName\", \"#text\": \"-\"}, {\"@Name\": \"VirtualAccount\", \"#text\": \"%%1843\"}, {\"@Name\": \"TargetLinkedLogonId\", \"#text\": \"0x0\"}, {\"@Name\": \"ElevatedToken\", \"#text\": \"%%1842\"}]}}",
    "Channel": "Security",
    "Provider": "Microsoft-Windows-Security-Auditing",
    "EventId": 4624,
    "EventRecordId": "8353",
    "ProcessId": 669,
    "ThreadId": 3825,
    "Level": "LogAlways",
    "Keywords": "Audit success",
    "SourceFile": "C:\\Windows\\system32\\winevt\\Logs\\Security.evtx",
    "ExtraDataOffset": 0,
    "HiddenRecord": false,
    "TimeCreated": "2021-03-16T18:33:14.2110384+00:00",
    "RecordNumber": "8353"
}, {
    "PayloadData1": "Target: OOPS\\OOPS-RESERVED$",
    "PayloadData2": "LogonType 3",
    "PayloadData3": "LogonId: 0X30E978",
    "MapDescription": "An account was logged off",
    "ChunkNumber": 0,
    "Computer": "OOPS-DC.oops.net",
    "Payload": "{\"EventData\": {\"Data\": [{\"@Name\": \"TargetUserSid\", \"#text\": \"S-1-5-21-4271829-611451204-6422678655-1188\"}, {\"@Name\": \"TargetUserName\", \"#text\": \"OOPS-RESERVED$\"}, {\"@Name\": \"TargetDomainName\", \"#text\": \"OOPS\"}, {\"@Name\": \"TargetLogonId\", \"#text\": \"0X30E978\"}, {\"@Name\": \"LogonType\", \"#text\": \"3\"}]}}",
    "Channel": "Security",
    "Provider": "Microsoft-Windows-Security-Auditing",
    "EventId": 4634,
    "EventRecordId": "8357",
    "ProcessId": 669,
    "ThreadId": 2444,
    "Level": "LogAlways",
    "Keywords": "Audit success",
    "SourceFile": "C:\\Windows\\system32\\winevt\\Logs\\Security.evtx",
    "ExtraDataOffset": 0,
    "HiddenRecord": false,
    "TimeCreated": "2021-03-16T18:33:14.2520544+00:00",
    "RecordNumber": "8357"
}, {
    "PayloadData1": "Target: OOPS\\OOPS-RESERVED$",
    "PayloadData2": "LogonType 3",
    "PayloadData3": "LogonId: 0X30E96B",
    "MapDescription": "An account was logged off",
    "ChunkNumber": 0,
    "Computer": "OOPS-DC.oops.net",
    "Payload": "{\"EventData\": {\"Data\": [{\"@Name\": \"TargetUserSid\", \"#text\": \"S-1-5-21-4271829-611451204-6422678655-1188\"}, {\"@Name\": \"TargetUserName\", \"#text\": \"OOPS-RESERVED$\"}, {\"@Name\": \"TargetDomainName\", \"#text\": \"OOPS\"}, {\"@Name\": \"TargetLogonId\", \"#text\": \"0X30E96B\"}, {\"@Name\": \"LogonType\", \"#text\": \"3\"}]}}",
    "Channel": "Security",
    "Provider": "Microsoft-Windows-Security-Auditing",
    "EventId": 4634,
    "EventRecordId": "8359",
    "ProcessId": 669,
    "ThreadId": 7988,
    "Level": "LogAlways",
    "Keywords": "Audit success",
    "SourceFile": "C:\\Windows\\system32\\winevt\\Logs\\Security.evtx",
    "ExtraDataOffset": 0,
    "HiddenRecord": false,
    "TimeCreated": "2021-03-16T18:33:14.3295594+00:00",
    "RecordNumber": "8359"
}, {
    "PayloadData1": "Target: OOPS\\OOPS-RESERVED$",
    "PayloadData2": "LogonType 3",
    "PayloadData3": "LogonId: 0X30E957",
    "MapDescription": "An account was logged off",
    "ChunkNumber": 0,
    "Computer": "OOPS-DC.oops.net",
    "Payload": "{\"EventData\": {\"Data\": [{\"@Name\": \"TargetUserSid\", \"#text\": \"S-1-5-21-4271829-611451204-6422678655-1188\"}, {\"@Name\": \"TargetUserName\", \"#text\": \"OOPS-RESERVED$\"}, {\"@Name\": \"TargetDomainName\", \"#text\": \"OOPS\"}, {\"@Name\": \"TargetLogonId\", \"#text\": \"0X30E957\"}, {\"@Name\": \"LogonType\", \"#text\": \"3\"}]}}",
    "Channel": "Security",
    "Provider": "Microsoft-Windows-Security-Auditing",
    "EventId": 4634,
    "EventRecordId": "8364",
    "ProcessId": 669,
    "ThreadId": 7988,
    "Level": "LogAlways",
    "Keywords": "Audit success",
    "SourceFile": "C:\\Windows\\system32\\winevt\\Logs\\Security.evtx",
    "ExtraDataOffset": 0,
    "HiddenRecord": false,
    "TimeCreated": "2021-03-16T18:33:14.3922404+00:00",
    "RecordNumber": "8364"
}, {
    "PayloadData1": "Target: OOPS\\long.warren",
    "PayloadData2": "ServiceName: krbtgt",
    "PayloadData3": "ServiceSid: S-1-5-21-4271829-611451204-6422678655-502",
    "PayloadData4": "TicketEncryptionType: AES256-CTS-HMAC-SHA1-96",
    "PayloadData5": "Status: KDC_ERR_NONE - No error - No errors were found.",
    "PayloadData6": "PreAuthType: PA-ENC-TIMESTAMP - This type is normal for standard password authentication.",
    "RemoteHost": "::ffff:10.58.121.63:31849",
    "MapDescription": "A Kerberos authentication ticket (TGT) was requested",
    "ChunkNumber": 0,
    "Computer": "OOPS-DC.oops.net",
    "Payload": "{\"EventData\": {\"Data\": [{\"@Name\": \"TargetUserName\", \"#text\": \"long.warren\"}, {\"@Name\": \"TargetDomainName\", \"#text\": \"OOPS\"}, {\"@Name\": \"TargetSid\", \"#text\": \"S-1-5-21-4271829-611451204-6422678655-1164\"}, {\"@Name\": \"ServiceName\", \"#text\": \"krbtgt\"}, {\"@Name\": \"ServiceSid\", \"#text\": \"S-1-5-21-4271829-611451204-6422678655-502\"}, {\"@Name\": \"TicketOptions\", \"#text\": \"0x40810010\"}, {\"@Name\": \"Status\", \"#text\": \"0x0\"}, {\"@Name\": \"TicketEncryptionType\", \"#text\": \"0x12\"}, {\"@Name\": \"PreAuthType\", \"#text\": \"2\"}, {\"@Name\": \"IpAddress\", \"#text\": \"::ffff:10.58.121.63\"}, {\"@Name\": \"IpPort\", \"#text\": \"31849\"}, {\"@Name\": \"CertIssuerName\"}, {\"@Name\": \"CertSerialNumber\"}, {\"@Name\": \"CertThumbprint\"}]}}",
    "Channel": "Security",
    "Provider": "Microsoft-Windows-Security-Auditing",
    "EventId": 4768,
    "EventRecordId": "8370",
    "ProcessId": 669,
    "ThreadId": 2777,
    "Level": "LogAlways",
    "Keywords": "Audit success",
    "SourceFile": "C:\\Windows\\system32\\winevt\\Logs\\Security.evtx",
    "ExtraDataOffset": 0,
    "HiddenRecord": false,
    "TimeCreated": "2021-03-16T18:48:00.0766353+00:00",
    "RecordNumber": "8370"
}, {
    "PayloadData1": "Target: OOPS.NET\\long.warren@OOPS.NET",
    "PayloadData2": "ServiceName: OOPS-WORKSTATION_8$",
    "PayloadData3": "ServiceSid: S-1-5-21-4271829-611451204-6422678655-1169",
    "PayloadData4": "TicketEncryptionType: AES256-CTS-HMAC-SHA1-96",
    "PayloadData5": "Status: KDC_ERR_NONE - No error - No errors were found.",
    "RemoteHost": "::ffff:10.58.121.63:31851",
    "MapDescription": "A Kerberos service ticket was requested",
    "ChunkNumber": 0,
    "Computer": "OOPS-DC.oops.net",
    "Payload": "{\"EventData\": {\"Data\": [{\"@Name\": \"TargetUserName\", \"#text\": \"long.warren@OOPS.NET\"}, {\"@Name\": \"TargetDomainName\", \"#text\": \"OOPS.NET\"}, {\"@Name\": \"ServiceName\", \"#text\": \"OOPS-WORKSTATION_8$\"}, {\"@Name\": \"ServiceSid\", \"#text\": \"S-1-5-21-4271829-611451204-6422678655-1169\"}, {\"@Name\": \"TicketOptions\", \"#text\": \"0x40810000\"}, {\"@Name\": \"TicketEncryptionType\", \"#text\": \"0x12\"}, {\"@Name\": \"IpAddress\", \"#text\": \"::ffff:10.58.121.63\"}, {\"@Name\": \"IpPort\", \"#text\": \"31851\"}, {\"@Name\": \"Status\", \"#text\": \"0x0\"}, {\"@Name\": \"LogonGuid\", \"#text\": \"903a72d6-ad02-4dfe-86c0-1e247763c115\"}, {\"@Name\": \"TransmittedServices\", \"#text\": \"-\"}]}}",
    "Channel": "Security",
    "Provider": "Microsoft-Windows-Security-Auditing",
    "EventId": 4769,
    "EventRecordId": "8372",
    "ProcessId": 669,
    "ThreadId": 3825,
    "Level": "LogAlways",
    "Keywords": "Audit success",
    "SourceFile": "C:\\Windows\\system32\\winevt\\Logs\\Security.evtx",
    "ExtraDataOffset": 0,
    "HiddenRecord": false,
    "TimeCreated": "2021-03-16T18:48:00.1484934+00:00",
    "RecordNumber": "8372"
}, {
    "PayloadData1": "Target: OOPS.NET\\long.warren@OOPS.NET",
    "PayloadData2": "ServiceName: OOPS-DC$",
    "PayloadData3": "ServiceSid: S-1-5-21-4271829-611451204-6422678655-1000",
    "PayloadData4": "TicketEncryptionType: AES256-CTS-HMAC-SHA1-96",
    "PayloadData5": "Status: KDC_ERR_NONE - No error - No errors were found.",
    "RemoteHost": "::ffff:10.58.121.63:31852",
    "MapDescription": "A Kerberos service ticket was requested",
    "ChunkNumber": 0,
    "Computer": "OOPS-DC.oops.net",
    "Payload": "{\"EventData\": {\"Data\": [{\"@Name\": \"TargetUserName\", \"#text\": \"long.warren@OOPS.NET\"}, {\"@Name\": \"TargetDomainName\", \"#text\": \"OOPS.NET\"}, {\"@Name\": \"ServiceName\", \"#text\": \"OOPS-DC$\"}, {\"@Name\": \"ServiceSid\", \"#text\": \"S-1-5-21-4271829-611451204-6422678655-1000\"}, {\"@Name\": \"TicketOptions\", \"#text\": \"0x40800000\"}, {\"@Name\": \"TicketEncryptionType\", \"#text\": \"0x12\"}, {\"@Name\": \"IpAddress\", \"#text\": \"::ffff:10.58.121.63\"}, {\"@Name\": \"IpPort\", \"#text\": \"31852\"}, {\"@Name\": \"Status\", \"#text\": \"0x0\"}, {\"@Name\": \"LogonGuid\", \"#text\": \"881f6203-2444-43b2-853f-13f337070d5c\"}, {\"@Name\": \"TransmittedServices\", \"#text\": \"-\"}]}}",
    "Channel": "Security",
    "Provider": "Microsoft-Windows-Security-Auditing",
    "EventId": 4769,
    "EventRecordId": "8378",
    "ProcessId": 669,
    "ThreadId": 2444,
    "Level": "LogAlways",
    "Keywords": "Audit success",
    "SourceFile": "C:\\Windows\\system32\\winevt\\Logs\\Security.evtx",
    "ExtraDataOffset": 0,
    "HiddenRecord": false,
    "TimeCreated": "2021-03-16T18:48:01.2184011+00:00",
    "RecordNumber": "8378"
}, {
    "PayloadData1": "Target: OOPS.NET\\long.warren",
    "PayloadData2": "LogonType 3",
    "PayloadData3": "LogonId: 0X30E9A4",
    "UserName": "-\\-",
    "RemoteHost": "- (10.58.121.63)",
    "ExecutableInfo": "-",
    "MapDescription": "Successful logon",
    "ChunkNumber": 0,
    "Computer": "OOPS-DC.oops.net",
    "Payload": "{\"EventData\": {\"Data\": [{\"@Name\": \"SubjectUserSid\", \"#text\": \"S-1-0-0\"}, {\"@Name\": \"SubjectUserName\", \"#text\": \"-\"}, {\"@Name\": \"SubjectDomainName\", \"#text\": \"-\"}, {\"@Name\": \"SubjectLogonId\", \"#text\": \"0x0\"}, {\"@Name\": \"TargetUserSid\", \"#text\": \"S-1-5-21-4271829-611451204-6422678655-1164\"}, {\"@Name\": \"TargetUserName\", \"#text\": \"long.warren\"}, {\"@Name\": \"TargetDomainName\", \"#text\": \"OOPS.NET\"}, {\"@Name\": \"TargetLogonId\", \"#text\": \"0X30E9A4\"}, {\"@Name\": \"LogonType\", \"#text\": \"3\"}, {\"@Name\": \"LogonProcessName\", \"#text\": \"Kerberos\"}, {\"@Name\": \"AuthenticationPackageName\", \"#text\": \"Kerberos\"}, {\"@Name\": \"WorkstationName\", \"#text\": \"-\"}, {\"@Name\": \"LogonGuid\", \"#text\": \"6f4cd99a-3434-4865-84d0-701ec109618e\"}, {\"@Name\": \"TransmittedServices\", \"#text\": \"-\"}, {\"@Name\": \"LmPackageName\", \"#text\": \"-\"}, {\"@Name\": \"KeyLength\", \"#text\": \"0\"}, {\"@Name\": \"ProcessId\", \"#text\": \"0x0\"}, {\"@Name\": \"ProcessName\", \"#text\": \"-\"}, {\"@Name\": \"IpAddress\", \"#text\": \"10.58.121.63\"}, {\"@Name\": \"IpPort\", \"#text\": \"31854\"}, {\"@Name\": \"ImpersonationLevel\", \"#text\": \"%%1833\"}, {\"@Name\": \"RestrictedAdminMode\", \"#text\": \"-\"}, {\"@Name\": \"TargetOutboundUserName\", \"#text\": \"-\"}, {\"@Name\": \"TargetOutboundDomainName\", \"#text\": \"-\"}, {\"@Name\": \"VirtualAccount\", \"#text\": \"%%1843\"}, {\"@Name\": \"TargetLinkedLogonId\", \"#text\": \"0x0\"}, {\"@Name\": \"ElevatedToken\", \"#text\": \"%%1842\"}]}}",
    "Channel": "Security",
    "Provider": "Microsoft-Windows-Security-Auditing",
    "EventId": 4624,
    "EventRecordId": "8383",
    "ProcessId": 669,
    "ThreadId": 3825,
    "Level": "LogAlways",
    "Keywords": "Audit success",
    "SourceFile": "C:\\Windows\\system32\\winevt\\Logs\\Security.evtx",
    "ExtraDataOffset": 0,
    "HiddenRecord": false,
    "TimeCreated": "2021-03-16T18:48:01.2763257+00:00",
    "RecordNumber": "8383"
}, {
    "PayloadData1": "Target: OOPS.NET\\OOPS-WORKSTATION_8$",
    "PayloadData2": "LogonType 3",
    "PayloadData3": "LogonId: 0X30E9B1",
    "UserName": "-\\-",
    "RemoteHost": "- (10.58.121.63)",
    "ExecutableInfo": "-",
    "MapDescription": "Successful logon",
    "ChunkNumber": 0,
    "Computer": "OOPS-DC.oops.net",
    "Payload": "{\"EventData\": {\"Data\": [{\"@Name\": \"SubjectUserSid\", \"#text\": \"S-1-0-0\"}, {\"@Name\": \"SubjectUserName\", \"#text\": \"-\"}, {\"@Name\": \"SubjectDomainName\", \"#text\": \"-\"}, {\"@Name\": \"SubjectLogonId\", \"#text\": \"0x0\"}, {\"@Name\": \"TargetUserSid\", \"#text\": \"S-1-5-21-4271829-611451204-6422678655-1169\"}, {\"@Name\": \"TargetUserName\", \"#text\": \"OOPS-WORKSTATION_8$\"}, {\"@Name\": \"TargetDomainName\", \"#text\": \"OOPS.NET\"}, {\"@Name\": \"TargetLogonId\", \"#text\": \"0X30E9B1\"}, {\"@Name\": \"LogonType\", \"#text\": \"3\"}, {\"@Name\": \"LogonProcessName\", \"#text\": \"Kerberos\"}, {\"@Name\": \"AuthenticationPackageName\", \"#text\": \"Kerberos\"}, {\"@Name\": \"WorkstationName\", \"#text\": \"-\"}, {\"@Name\": \"LogonGuid\", \"#text\": \"30644f13-f9e2-47d5-8508-e0005f43b239\"}, {\"@Name\": \"TransmittedServices\", \"#text\": \"-\"}, {\"@Name\": \"LmPackageName\", \"#text\": \"-\"}, {\"@Name\": \"KeyLength\", \"#text\": \"0\"}, {\"@Name\": \"ProcessId\", \"#text\": \"0x0\"}, {\"@Name\": \"ProcessName\", \"#text\": \"-\"}, {\"@Name\": \"IpAddress\", \"#text\": \"10.58.121.63\"}, {\"@Name\": \"IpPort\", \"#text\": \"31856\"}, {\"@Name\": \"ImpersonationLevel\", \"#text\": \"%%1833\"}, {\"@Name\": \"RestrictedAdminMode\", \"#text\": \"-\"}, {\"@Name\": \"TargetOutboundUserName\", \"#text\": \"-\"}, {\"@Name\": \"TargetOutboundDomainName\", \"#text\": \"-\"}, {\"@Name\": \"VirtualAccount\", \"#text\": \"%%1843\"}, {\"@Name\": \"TargetLinkedLogonId\", \"#text\": \"0x0\"}, {\"@Name\": \"ElevatedToken\", \"#text\": \"%%1842\"}]}}",
    "Channel": "Security",
    "Provider": "Microsoft-Windows-Security-Auditing",
    "EventId": 4624,
    "EventRecordId": "8384",
    "ProcessId": 669,
    "ThreadId": 2444,
    "Level": "LogAlways",
    "Keywords": "Audit success",
    "SourceFile": "C:\\Windows\\system32\\winevt\\Logs\\Security.evtx",
    "ExtraDataOffset": 0,
    "HiddenRecord": false,
    "TimeCreated": "2021-03-16T18:48:01.3292555+00:00",
    "RecordNumber": "8384"
}, {
    "PayloadData1": "Target: OOPS.NET\\long.warren",
    "PayloadData2": "LogonType 3",
    "PayloadData3": "LogonId: 0X30E9D5",
    "UserName": "-\\-",
    "RemoteHost": "- (10.58.121.63)",
    "ExecutableInfo": "-",
    "MapDescription": "Successful logon",
    "ChunkNumber": 0,
    "Computer": "OOPS-DC.oops.net",
    "Payload": "{\"EventData\": {\"Data\": [{\"@Name\": \"SubjectUserSid\", \"#text\": \"S-1-0-0\"}, {\"@Name\": \"SubjectUserName\", \"#text\": \"-\"}, {\"@Name\": \"SubjectDomainName\", \"#text\": \"-\"}, {\"@Name\": \"SubjectLogonId\", \"#text\": \"0x0\"}, {\"@Name\": \"TargetUserSid\", \"#text\": \"S-1-5-21-4271829-611451204-6422678655-1164\"}, {\"@Name\": \"TargetUserName\", \"#text\": \"long.warren\"}, {\"@Name\": \"TargetDomainName\", \"#text\": \"OOPS.NET\"}, {\"@Name\": \"TargetLogonId\", \"#text\": \"0X30E9D5\"}, {\"@Name\": \"LogonType\", \"#text\": \"3\"}, {\"@Name\": \"LogonProcessName\", \"#text\": \"Kerberos\"}, {\"@Name\": \"AuthenticationPackageName\", \"#text\": \"Kerberos\"}, {\"@Name\": \"WorkstationName\", \"#text\": \"-\"}, {\"@Name\": \"LogonGuid\", \"#text\": \"ea560878-dba8-4718-9442-9bfe3e01aae3\"}, {\"@Name\": \"TransmittedServices\", \"#text\": \"-\"}, {\"@Name\": \"LmPackageName\", \"#text\": \"-\"}, {\"@Name\": \"KeyLength\", \"#text\": \"0\"}, {\"@Name\": \"ProcessId\", \"#text\": \"0x0\"}, {\"@Name\": \"ProcessName\", \"#text\": \"-\"}, {\"@Name\": \"IpAddress\", \"#text\": \"10.58.121.63\"}, {\"@Name\": \"IpPort\", \"#text\": \"31857\"}, {\"@Name\": \"ImpersonationLevel\", \"#text\": \"%%1833\"}, {\"@Name\": \"RestrictedAdminMode\", \"#text\": \"-\"}, {\"@Name\": \"TargetOutboundUserName\", \"#text\": \"-\"}, {\"@Name\": \"TargetOutboundDomainName\", \"#text\": \"-\"}, {\"@Name\": \"VirtualAccount\", \"#text\": \"%%1843\"}, {\"@Name\": \"TargetLinkedLogonId\", \"#text\": \"0x0\"}, {\"@Name\": \"ElevatedToken\", \"#text\": \"%%1842\"}]}}",
    "Channel": "Security",
    "Provider": "Microsoft-Windows-Security-Auditing",
    "EventId": 4624,
    "EventRecordId": "8388",
    "ProcessId": 669,
    "ThreadId": 2777,
    "Level": "LogAlways",
    "Keywords": "Audit success",
    "SourceFile": "C:\\Windows\\system32\\winevt\\Logs\\Security.evtx",
    "ExtraDataOffset": 0,
    "HiddenRecord": false,
    "TimeCreated": "2021-03-16T18:48:01.3941529+00:00",
    "RecordNumber": "8388"
}, {
    "PayloadData1": "Target: OOPS\\long.warren",
    "PayloadData2": "LogonType 3",
    "PayloadData3": "LogonId: 0X30E9D5",
    "MapDescription": "An account was logged off",
    "ChunkNumber": 0,
    "Computer": "OOPS-DC.oops.net",
    "Payload": "{\"EventData\": {\"Data\": [{\"@Name\": \"TargetUserSid\", \"#text\": \"S-1-5-21-4271829-611451204-6422678655-1164\"}, {\"@Name\": \"TargetUserName\", \"#text\": \"long.warren\"}, {\"@Name\": \"TargetDomainName\", \"#text\": \"OOPS\"}, {\"@Name\": \"TargetLogonId\", \"#text\": \"0X30E9D5\"}, {\"@Name\": \"LogonType\", \"#text\": \"3\"}]}}",
    "Channel": "Security",
    "Provider": "Microsoft-Windows-Security-Auditing",
    "EventId": 4634,
    "EventRecordId": "8395",
    "ProcessId": 669,
    "ThreadId": 7988,
    "Level": "LogAlways",
    "Keywords": "Audit success",
    "SourceFile": "C:\\Windows\\system32\\winevt\\Logs\\Security.evtx",
    "ExtraDataOffset": 0,
    "HiddenRecord": false,
    "TimeCreated": "2021-03-16T18:48:01.4688599+00:00",
    "RecordNumber": "8395"
}, 