[{
    "PayloadData1": "Target: OOPS\\bower.george",
    "PayloadData2": "ServiceName: krbtgt",
    "PayloadData3": "ServiceSid: S-1-5-21-4271829-611451204-6422678655-502",
    "PayloadData4": "TicketEncryptionType: AES256-CTS-HMAC-SHA1-96",
    "PayloadData5": "Status: KDC_ERR_NONE - No error - No errors were found.",
    "PayloadData6": "PreAuthType: PA-ENC-TIMESTAMP - This type is normal for standard password authentication.",
    "RemoteHost": "::ffff:10.58.121.64:32663",
    "MapDescription": "A Kerberos authentication ticket (TGT) was requested",
    "ChunkNumber": 0,
    "Computer": "OOPS-DC.oops.net",
    "Payload": "{\"EventData\": {\"Data\": [{\"@Name\": \"TargetUserName\", \"#text\": \"bower.george\"}, {\"@Name\": \"TargetDomainName\", \"#text\": \"OOPS\"}, {\"@Name\": \"TargetSid\", \"#text\": \"S-1-5-21-4271829-611451204-6422678655-1203\"}, {\"@Name\": \"ServiceName\", \"#text\": \"krbtgt\"}, {\"@Name\": \"ServiceSid\", \"#text\": \"S-1-5-21-4271829-611451204-6422678655-502\"}, {\"@Name\": \"TicketOptions\", \"#text\": \"0x40810010\"}, {\"@Name\": \"Status\", \"#text\": \"0x0\"}, {\"@Name\": \"TicketEncryptionType\", \"#text\": \"0x12\"}, {\"@Name\": \"PreAuthType\", \"#text\": \"2\"}, {\"@Name\": \"IpAddress\", \"#text\": \"::ffff:10.58.121.64\"}, {\"@Name\": \"IpPort\", \"#text\": \"32663\"}, {\"@Name\": \"CertIssuerName\"}, {\"@Name\": \"CertSerialNumber\"}, {\"@Name\": \"CertThumbprint\"}]}}",
    "Channel": "Security",
    "Provider": "Microsoft-Windows-Security-Auditing",
    "EventId": 4768,
    "EventRecordId": "5970",
    "ProcessId": 669,
    "ThreadId": 2777,
    "Level": "LogAlways",
    "Keywords": "Audit success",
    "SourceFile": "C:\\Windows\\system32\\winevt\\Logs\\Security.evtx",
    "ExtraDataOffset": 0,
    "HiddenRecord": false,
    "TimeCreated": "2021-03-16T10:49:59.0744007+00:00",
    "RecordNumber": "5970"
}, {
    "PayloadData1": "Target: OOPS.NET\\bower.george@OOPS.NET",
    "PayloadData2": "ServiceName: OOPS-WORKSTATION_4$",
    "PayloadData3": "ServiceSid: S-1-5-21-4271829-611451204-6422678655-1217",
    "PayloadData4": "TicketEncryptionType: AES256-CTS-HMAC-SHA1-96",
    "PayloadData5": "Status: KDC_ERR_NONE - No error - No errors were found.",
    "RemoteHost": "::ffff:10.58.121.64:32664",
    "MapDescription": "A Kerberos service ticket was requested",
    "ChunkNumber": 0,
    "Computer": "OOPS-DC.oops.net",
    "Payload": "{\"EventData\": {\"Data\": [{\"@Name\": \"TargetUserName\", \"#text\": \"bower.george@OOPS.NET\"}, {\"@Name\": \"TargetDomainName\", \"#text\": \"OOPS.NET\"}, {\"@Name\": \"ServiceName\", \"#text\": \"OOPS-WORKSTATION_4$\"}, {\"@Name\": \"ServiceSid\", \"#text\": \"S-1-5-21-4271829-611451204-6422678655-1217\"}, {\"@Name\": \"TicketOptions\", \"#text\": \"0x40810000\"}, {\"@Name\": \"TicketEncryptionType\", \"#text\": \"0x12\"}, {\"@Name\": \"IpAddress\", \"#text\": \"::ffff:10.58.121.64\"}, {\"@Name\": \"IpPort\", \"#text\": \"32664\"}, {\"@Name\": \"Status\", \"#text\": \"0x0\"}, {\"@Name\": \"LogonGuid\", \"#text\": \"6d4d83d6-b880-4be8-86fd-762d7ce65341\"}, {\"@Name\": \"TransmittedServices\", \"#text\": \"-\"}]}}",
    "Channel": "Security",
    "Provider": "Microsoft-Windows-Security-Auditing",
    "EventId": 4769,
    "EventRecordId": "5978",
    "ProcessId": 669,
    "ThreadId": 2444,
    "Level": "LogAlways",
    "Keywords": "Audit success",
    "SourceFile": "C:\\Windows\\system32\\winevt\\Logs\\Security.evtx",
    "ExtraDataOffset": 0,
    "HiddenRecord": false,
    "TimeCreated": "2021-03-16T10:49:59.1573653+00:00",
    "RecordNumber": "5978"
}, {
    "PayloadData1": "Target: OOPS.NET\\bower.george@OOPS.NET",
    "PayloadData2": "ServiceName: OOPS-DC$",
    "PayloadData3": "ServiceSid: S-1-5-21-4271829-611451204-6422678655-1000",
    "PayloadData4": "TicketEncryptionType: AES256-CTS-HMAC-SHA1-96",
    "PayloadData5": "Status: KDC_ERR_NONE - No error - No errors were found.",
    "RemoteHost": "::ffff:10.58.121.64:32665",
    "MapDescription": "A Kerberos service ticket was requested",
    "ChunkNumber": 0,
    "Computer": "OOPS-DC.oops.net",
    "Payload": "{\"EventData\": {\"Data\": [{\"@Name\": \"TargetUserName\", \"#text\": \"bower.george@OOPS.NET\"}, {\"@Name\": \"TargetDomainName\", \"#text\": \"OOPS.NET\"}, {\"@Name\": \"ServiceName\", \"#text\": \"OOPS-DC$\"}, {\"@Name\": \"ServiceSid\", \"#text\": \"S-1-5-21-4271829-611451204-6422678655-1000\"}, {\"@Name\": \"TicketOptions\", \"#text\": \"0x40800000\"}, {\"@Name\": \"TicketEncryptionType\", \"#text\": \"0x12\"}, {\"@Name\": \"IpAddress\", \"#text\": \"::ffff:10.58.121.64\"}, {\"@Name\": \"IpPort\", \"#text\": \"32665\"}, {\"@Name\": \"Status\", \"#text\": \"0x0\"}, {\"@Name\": \"LogonGuid\", \"#text\": \"fe703cdf-5506-46e8-8c82-d7cfedf05667\"}, {\"@Name\": \"TransmittedServices\", \"#text\": \"-\"}]}}",
    "Channel": "Security",
    "Provider": "Microsoft-Windows-Security-Auditing",
    "EventId": 4769,
    "EventRecordId": "5986",
    "ProcessId": 669,
    "ThreadId": 3977,
    "Level": "LogAlways",
    "Keywords": "Audit success",
    "SourceFile": "C:\\Windows\\system32\\winevt\\Logs\\Security.evtx",
    "ExtraDataOffset": 0,
    "HiddenRecord": false,
    "TimeCreated": "2021-03-16T10:50:00.2213546+00:00",
    "RecordNumber": "5986"
}, {
    "PayloadData1": "Target: OOPS.NET\\bower.george",
    "PayloadData2": "LogonType 3",
    "PayloadData3": "LogonId: 0X30D207",
    "UserName": "-\\-",
    "RemoteHost": "- (10.58.121.64)",
    "ExecutableInfo": "-",
    "MapDescription": "Successful logon",
    "ChunkNumber": 0,
    "Computer": "OOPS-DC.oops.net",
    "Payload": "{\"EventData\": {\"Data\": [{\"@Name\": \"SubjectUserSid\", \"#text\": \"S-1-0-0\"}, {\"@Name\": \"SubjectUserName\", \"#text\": \"-\"}, {\"@Name\": \"SubjectDomainName\", \"#text\": \"-\"}, {\"@Name\": \"SubjectLogonId\", \"#text\": \"0x0\"}, {\"@Name\": \"TargetUserSid\", \"#text\": \"S-1-5-21-4271829-611451204-6422678655-1203\"}, {\"@Name\": \"TargetUserName\", \"#text\": \"bower.george\"}, {\"@Name\": \"TargetDomainName\", \"#text\": \"OOPS.NET\"}, {\"@Name\": \"TargetLogonId\", \"#text\": \"0X30D207\"}, {\"@Name\": \"LogonType\", \"#text\": \"3\"}, {\"@Name\": \"LogonProcessName\", \"#text\": \"Kerberos\"}, {\"@Name\": \"AuthenticationPackageName\", \"#text\": \"Kerberos\"}, {\"@Name\": \"WorkstationName\", \"#text\": \"-\"}, {\"@Name\": \"LogonGuid\", \"#text\": \"cf1ef0c3-615b-4680-b697-aaff50850a71\"}, {\"@Name\": \"TransmittedServices\", \"#text\": \"-\"}, {\"@Name\": \"LmPackageName\", \"#text\": \"-\"}, {\"@Name\": \"KeyLength\", \"#text\": \"0\"}, {\"@Name\": \"ProcessId\", \"#text\": \"0x0\"}, {\"@Name\": \"ProcessName\", \"#text\": \"-\"}, {\"@Name\": \"IpAddress\", \"#text\": \"10.58.121.64\"}, {\"@Name\": \"IpPort\", \"#text\": \"32668\"}, {\"@Name\": \"ImpersonationLevel\", \"#text\": \"%%1833\"}, {\"@Name\": \"RestrictedAdminMode\", \"#text\": \"-\"}, {\"@Name\": \"TargetOutboundUserName\", \"#text\": \"-\"}, {\"@Name\": \"TargetOutboundDomainName\", \"#text\": \"-\"}, {\"@Name\": \"VirtualAccount\", \"#text\": \"%%1843\"}, {\"@Name\": \"TargetLinkedLogonId\", \"#text\": \"0x0\"}, {\"@Name\": \"ElevatedToken\", \"#text\": \"%%1842\"}]}}",
    "Channel": "Security",
    "Provider": "Microsoft-Windows-Security-Auditing",
    "EventId": 4624,
    "EventRecordId": "5991",
    "ProcessId": 669,
    "ThreadId": 2444,
    "Level": "LogAlways",
    "Keywords": "Audit success",
    "SourceFile": "C:\\Windows\\system32\\winevt\\Logs\\Security.evtx",
    "ExtraDataOffset": 0,
    "HiddenRecord": false,
    "TimeCreated": "2021-03-16T10:50:00.2766472+00:00",
    "RecordNumber": "5991"
}, {
    "PayloadData1": "Target: OOPS.NET\\OOPS-WORKSTATION_4$",
    "PayloadData2": "LogonType 3",
    "PayloadData3": "LogonId: 0X30D237",
    "UserName": "-\\-",
    "RemoteHost": "- (10.58.121.64)",
    "ExecutableInfo": "-",
    "MapDescription": "Successful logon",
    "ChunkNumber": 0,
    "Computer": "OOPS-DC.oops.net",
    "Payload": "{\"EventData\": {\"Data\": [{\"@Name\": \"SubjectUserSid\", \"#text\": \"S-1-0-0\"}, {\"@Name\": \"SubjectUserName\", \"#text\": \"-\"}, {\"@Name\": \"SubjectDomainName\", \"#text\": \"-\"}, {\"@Name\": \"SubjectLogonId\", \"#text\": \"0x0\"}, {\"@Name\": \"TargetUserSid\", \"#text\": \"S-1-5-21-4271829-611451204-6422678655-1217\"}, {\"@Name\": \"TargetUserName\", \"#text\": \"OOPS-WORKSTATION_4$\"}, {\"@Name\": \"TargetDomainName\", \"#text\": \"OOPS.NET\"}, {\"@Name\": \"TargetLogonId\", \"#text\": \"0X30D237\"}, {\"@Name\": \"LogonType\", \"#text\": \"3\"}, {\"@Name\": \"LogonProcessName\", \"#text\": \"Kerberos\"}, {\"@Name\": \"AuthenticationPackageName\", \"#text\": \"Kerberos\"}, {\"@Name\": \"WorkstationName\", \"#text\": \"-\"}, {\"@Name\": \"LogonGuid\", \"#text\": \"652cb52f-ed8c-47d6-8785-eb8fa0bb8863\"}, {\"@Name\": \"TransmittedServices\", \"#text\": \"-\"}, {\"@Name\": \"LmPackageName\", \"#text\": \"-\"}, {\"@Name\": \"KeyLength\", \"#text\": \"0\"}, {\"@Name\": \"ProcessId\", \"#text\": \"0x0\"}, {\"@Name\": \"ProcessName\", \"#text\": \"-\"}, {\"@Name\": \"IpAddress\", \"#text\": \"10.58.121.64\"}, {\"@Name\": \"IpPort\", \"#text\": \"32669\"}, {\"@Name\": \"ImpersonationLevel\", \"#text\": \"%%1833\"}, {\"@Name\": \"RestrictedAdminMode\", \"#text\": \"-\"}, {\"@Name\": \"TargetOutboundUserName\", \"#text\": \"-\"}, {\"@Name\": \"TargetOutboundDomainName\", \"#text\": \"-\"}, {\"@Name\": \"VirtualAccount\", \"#text\": \"%%1843\"}, {\"@Name\": \"TargetLinkedLogonId\", \"#text\": \"0x0\"}, {\"@Name\": \"ElevatedToken\", \"#text\": \"%%1842\"}]}}",
    "Channel": "Security",
    "Provider": "Microsoft-Windows-Security-Auditing",
    "EventId": 4624,
    "EventRecordId": "5995",
    "ProcessId": 669,
    "ThreadId": 2777,
    "Level": "LogAlways",
    "Keywords": "Audit success",
    "SourceFile": "C:\\Windows\\system32\\winevt\\Logs\\Security.evtx",
    "ExtraDataOffset": 0,
    "HiddenRecord": false,
    "TimeCreated": "2021-03-16T10:50:00.3271291+00:00",
    "RecordNumber": "5995"
}, {
    "PayloadData1": "Target: OOPS.NET\\bower.george",
    "PayloadData2": "LogonType 3",
    "PayloadData3": "LogonId: 0X30D23E",
    "UserName": "-\\-",
    "RemoteHost": "- (10.58.121.64)",
    "ExecutableInfo": "-",
    "MapDescription": "Successful logon",
    "ChunkNumber": 0,
    "Computer": "OOPS-DC.oops.net",
    "Payload": "{\"EventData\": {\"Data\": [{\"@Name\": \"SubjectUserSid\", \"#text\": \"S-1-0-0\"}, {\"@Name\": \"SubjectUserName\", \"#text\": \"-\"}, {\"@Name\": \"SubjectDomainName\", \"#text\": \"-\"}, {\"@Name\": \"SubjectLogonId\", \"#text\": \"0x0\"}, {\"@Name\": \"TargetUserSid\", \"#text\": \"S-1-5-21-4271829-611451204-6422678655-1203\"}, {\"@Name\": \"TargetUserName\", \"#text\": \"bower.george\"}, {\"@Name\": \"TargetDomainName\", \"#text\": \"OOPS.NET\"}, {\"@Name\": \"TargetLogonId\", \"#text\": \"0X30D23E\"}, {\"@Name\": \"LogonType\", \"#text\": \"3\"}, {\"@Name\": \"LogonProcessName\", \"#text\": \"Kerberos\"}, {\"@Name\": \"AuthenticationPackageName\", \"#text\": \"Kerberos\"}, {\"@Name\": \"WorkstationName\", \"#text\": \"-\"}, {\"@Name\": \"LogonGuid\", \"#text\": \"2616a1ae-817e-4b17-8be1-b1e684709341\"}, {\"@Name\": \"TransmittedServices\", \"#text\": \"-\"}, {\"@Name\": \"LmPackageName\", \"#text\": \"-\"}, {\"@Name\": \"KeyLength\", \"#text\": \"0\"}, {\"@Name\": \"ProcessId\", \"#text\": \"0x0\"}, {\"@Name\": \"ProcessName\", \"#text\": \"-\"}, {\"@Name\": \"IpAddress\", \"#text\": \"10.58.121.64\"}, {\"@Name\": \"IpPort\", \"#text\": \"32671\"}, {\"@Name\": \"ImpersonationLevel\", \"#text\": \"%%1833\"}, {\"@Name\": \"RestrictedAdminMode\", \"#text\": \"-\"}, {\"@Name\": \"TargetOutboundUserName\", \"#text\": \"-\"}, {\"@Name\": \"TargetOutboundDomainName\", \"#text\": \"-\"}, {\"@Name\": \"VirtualAccount\", \"#text\": \"%%1843\"}, {\"@Name\": \"TargetLinkedLogonId\", \"#text\": \"0x0\"}, {\"@Name\": \"ElevatedToken\", \"#text\": \"%%1842\"}]}}",
    "Channel": "Security",
    "Provider": "Microsoft-Windows-Security-Auditing",
    "EventId": 4624,
    "EventRecordId": "5996",
    "ProcessId": 669,
    "ThreadId": 3825,
    "Level": "LogAlways",
    "Keywords": "Audit success",
    "SourceFile": "C:\\Windows\\system32\\winevt\\Logs\\Security.evtx",
    "ExtraDataOffset": 0,
    "HiddenRecord": false,
    "TimeCreated": "2021-03-16T10:50:00.4006228+00:00",
    "RecordNumber": "5996"
}, {
    "PayloadData1": "Target: OOPS\\bower.george",
    "PayloadData2": "LogonType 3",
    "PayloadData3": "LogonId: 0X30D23E",
    "MapDescription": "An account was logged off",
    "ChunkNumber": 0,
    "Computer": "OOPS-DC.oops.net",
    "Payload": "{\"EventData\": {\"Data\": [{\"@Name\": \"TargetUserSid\", \"#text\": \"S-1-5-21-4271829-611451204-6422678655-1203\"}, {\"@Name\": \"TargetUserName\", \"#text\": \"bower.george\"}, {\"@Name\": \"TargetDomainName\", \"#text\": \"OOPS\"}, {\"@Name\": \"TargetLogonId\", \"#text\": \"0X30D23E\"}, {\"@Name\": \"LogonType\", \"#text\": \"3\"}]}}",
    "Channel": "Security",
    "Provider": "Microsoft-Windows-Security-Auditing",
    "EventId": 4634,
    "EventRecordId": "6000",
    "ProcessId": 669,
    "ThreadId": 3825,
    "Level": "LogAlways",
    "Keywords": "Audit success",
    "SourceFile": "C:\\Windows\\system32\\winevt\\Logs\\Security.evtx",
    "ExtraDataOffset": 0,
    "HiddenRecord": false,
    "TimeCreated": "2021-03-16T10:50:00.4525015+00:00",
    "RecordNumber": "6000"
}, {
    "PayloadData1": "Target: OOPS\\OOPS-WORKSTATION_4$",
    "PayloadData2": "LogonType 3",
    "PayloadData3": "LogonId: 0X30D237",
    "MapDescription": "An account was logged off",
    "ChunkNumber": 0,
    "Computer": "OOPS-DC.oops.net",
    "Payload": "{\"EventData\": {\"Data\": [{\"@Name\": \"TargetUserSid\", \"#text\": \"S-1-5-21-4271829-611451204-6422678655-1217\"}, {\"@Name\": \"TargetUserName\", \"#text\": \"OOPS-WORKSTATION_4$\"}, {\"@Name\": \"TargetDomainName\", \"#text\": \"OOPS\"}, {\"@Name\": \"TargetLogonId\", \"#text\": \"0X30D237\"}, {\"@Name\": \"LogonType\", \"#text\": \"3\"}]}}",
    "Channel": "Security",
    "Provider": "Microsoft-Windows-Security-Auditing",
    "EventId": 4634,
    "EventRecordId": "6004",
    "ProcessId": 669,
    "ThreadId": 2444,
    "Level": "LogAlways",
    "Keywords": "Audit success",
    "SourceFile": "C:\\Windows\\system32\\winevt\\Logs\\Security.evtx",
    "ExtraDataOffset": 0,
    "HiddenRecord": false,
    "TimeCreated": "2021-03-16T10:50:00.4965205+00:00",
    "RecordNumber": "6004"
}, {
    "PayloadData1": "Target: OOPS.NET\\OOPS-WORKSTATION_4$@OOPS.NET",
    "PayloadData2": "ServiceName: OOPS-DC$",
    "PayloadData3": "ServiceSid: S-1-5-21-4271829-611451204-6422678655-1000",
    "PayloadData4": "TicketEncryptionType: AES256-CTS-HMAC-SHA1-96",
    "PayloadData5": "Status: KDC_ERR_NONE - No error - No errors were found.",
    "RemoteHost": "::ffff:10.58.121.64:32672",
    "MapDescription": "A Kerberos service ticket was requested",
    "ChunkNumber": 0,
    "Computer": "OOPS-DC.oops.net",
    "Payload": "{\"EventData\": {\"Data\": [{\"@Name\": \"TargetUserName\", \"#text\": \"OOPS-WORKSTATION_4$@OOPS.NET\"}, {\"@Name\": \"TargetDomainName\", \"#text\": \"OOPS.NET\"}, {\"@Name\": \"ServiceName\", \"#text\": \"OOPS-DC$\"}, {\"@Name\": \"ServiceSid\", \"#text\": \"S-1-5-21-4271829-611451204-6422678655-1000\"}, {\"@Name\": \"TicketOptions\", \"#text\": \"0x40800000\"}, {\"@Name\": \"TicketEncryptionType\", \"#text\": \"0x12\"}, {\"@Name\": \"IpAddress\", \"#text\": \"::ffff:10.58.121.64\"}, {\"@Name\": \"IpPort\", \"#text\": \"32672\"}, {\"@Name\": \"Status\", \"#text\": \"0x0\"}, {\"@Name\": \"LogonGuid\", \"#text\": \"2e61dec2-a661-4021-ae58-538e4a4b2a77\"}, {\"@Name\": \"TransmittedServices\", \"#text\": \"-\"}]}}",
    "Channel": "Security",
    "Provider": "Microsoft-Windows-Security-Auditing",
    "EventId": 4769,
    "EventRecordId": "6010",
    "ProcessId": 669,
    "ThreadId": 2777,
    "Level": "LogAlways",
    "Keywords": "Audit success",
    "SourceFile": "C:\\Windows\\system32\\winevt\\Logs\\Security.evtx",
    "ExtraDataOffset": 0,
    "HiddenRecord": false,
    "TimeCreated": "2021-03-16T10:50:03.5518985+00:00",
    "RecordNumber": "6010"
}, {
    "PayloadData1": "Target: OOPS.NET\\bower.george@OOPS.NET",
    "PayloadData2": "ServiceName: OOPS-DC$",
    "PayloadData3": "ServiceSid: S-1-5-21-4271829-611451204-6422678655-1000",
    "PayloadData4": "TicketEncryptionType: AES256-CTS-HMAC-SHA1-96",
    "PayloadData5": "Status: KDC_ERR_NONE - No error - No errors were found.",
    "RemoteHost": "::ffff:10.58.121.64:32673",
    "MapDescription": "A Kerberos service ticket was requested",
    "ChunkNumber": 0,
    "Computer": "OOPS-DC.oops.net",
    "Payload": "{\"EventData\": {\"Data\": [{\"@Name\": \"TargetUserName\", \"#text\": \"bower.george@OOPS.NET\"}, {\"@Name\": \"TargetDomainName\", \"#text\": \"OOPS.NET\"}, {\"@Name\": \"ServiceName\", \"#text\": \"OOPS-DC$\"}, {\"@Name\": \"ServiceSid\", \"#text\": \"S-1-5-21-4271829-611451204-6422678655-1000\"}, {\"@Name\": \"TicketOptions\", \"#text\": \"0x40810000\"}, {\"@Name\": \"TicketEncryptionType\", \"#text\": \"0x12\"}, {\"@Name\": \"IpAddress\", \"#text\": \"::ffff:10.58.121.64\"}, {\"@Name\": \"IpPort\", \"#text\": \"32673\"}, {\"@Name\": \"Status\", \"#text\": \"0x0\"}, {\"@Name\": \"LogonGuid\", \"#text\": \"4cd24c21-a823-4e58-9588-0b043b1e9b06\"}, {\"@Name\": \"TransmittedServices\", \"#text\": \"-\"}]}}",
    "Channel": "Security",
    "Provider": "Microsoft-Windows-Security-Auditing",
    "EventId": 4769,
    "EventRecordId": "6014",
    "ProcessId": 669,
    "ThreadId": 3825,
    "Level": "LogAlways",
    "Keywords": "Audit success",
    "SourceFile": "C:\\Windows\\system32\\winevt\\Logs\\Security.evtx",
    "ExtraDataOffset": 0,
    "HiddenRecord": false,
    "TimeCreated": "2021-03-16T10:50:03.5950568+00:00",
    "RecordNumber": "6014"
}, {
    "PayloadData1": "Target: OOPS.NET\\OOPS-WORKSTATION_4$",
    "PayloadData2": "LogonType 3",
    "PayloadData3": "LogonId: 0X30D254",
    "UserName": "-\\-",
    "RemoteHost": "- (10.58.121.64)",
    "ExecutableInfo": "-",
    "MapDescription": "Successful logon",
    "ChunkNumber": 0,
    "Computer": "OOPS-DC.oops.net",
    "Payload": "{\"EventData\": {\"Data\": [{\"@Name\": \"SubjectUserSid\", \"#text\": \"S-1-0-0\"}, {\"@Name\": \"SubjectUserName\", \"#text\": \"-\"}, {\"@Name\": \"SubjectDomainName\", \"#text\": \"-\"}, {\"@Name\": \"SubjectLogonId\", \"#text\": \"0x0\"}, {\"@Name\": \"TargetUserSid\", \"#text\": \"S-1-5-21-4271829-611451204-6422678655-1217\"}, {\"@Name\": \"TargetUserName\", \"#text\": \"OOPS-WORKSTATION_4$\"}, {\"@Name\": \"TargetDomainName\", \"#text\": \"OOPS.NET\"}, {\"@Name\": \"TargetLogonId\", \"#text\": \"0X30D254\"}, {\"@Name\": \"LogonType\", \"#text\": \"3\"}, {\"@Name\": \"LogonProcessName\", \"#text\": \"Kerberos\"}, {\"@Name\": \"AuthenticationPackageName\", \"#text\": \"Kerberos\"}, {\"@Name\": \"WorkstationName\", \"#text\": \"-\"}, {\"@Name\": \"LogonGuid\", \"#text\": \"64550146-caeb-4e94-b8f3-e91e712d7179\"}, {\"@Name\": \"TransmittedServices\", \"#text\": \"-\"}, {\"@Name\": \"LmPackageName\", \"#text\": \"-\"}, {\"@Name\": \"KeyLength\", \"#text\": \"0\"}, {\"@Name\": \"ProcessId\", \"#text\": \"0x0\"}, {\"@Name\": \"ProcessName\", \"#text\": \"-\"}, {\"@Name\": \"IpAddress\", \"#text\": \"10.58.121.64\"}, {\"@Name\": \"IpPort\", \"#text\": \"32674\"}, {\"@Name\": \"ImpersonationLevel\", \"#text\": \"%%1833\"}, {\"@Name\": \"RestrictedAdminMode\", \"#text\": \"-\"}, {\"@Name\": \"TargetOutboundUserName\", \"#text\": \"-\"}, {\"@Name\": \"TargetOutboundDomainName\", \"#text\": \"-\"}, {\"@Name\": \"VirtualAccount\", \"#text\": \"%%1843\"}, {\"@Name\": \"TargetLinkedLogonId\", \"#text\": \"0x0\"}, {\"@Name\": \"ElevatedToken\", \"#text\": \"%%1842\"}]}}",
    "Channel": "Security",
    "Provider": "Microsoft-Windows-Security-Auditing",
    "EventId": 4624,
    "EventRecordId": "6017",
    "ProcessId": 669,
    "ThreadId": 3825,
    "Level": "LogAlways",
    "Keywords": "Audit success",
    "SourceFile": "C:\\Windows\\system32\\winevt\\Logs\\Security.evtx",
    "ExtraDataOffset": 0,
    "HiddenRecord": false,
    "TimeCreated": "2021-03-16T10:50:03.6279497+00:00",
    "RecordNumber": "6017"
}, {
    "PayloadData1": "Target: OOPS.NET\\OOPS-WORKSTATION_4$",
    "PayloadData2": "LogonType 3",
    "PayloadData3": "LogonId: 0X30D27D",
    "UserName": "-\\-",
    "RemoteHost": "- (10.58.121.64)",
    "ExecutableInfo": "-",
    "MapDescription": "Successful logon",
    "ChunkNumber": 0,
    "Computer": "OOPS-DC.oops.net",
    "Payload": "{\"EventData\": {\"Data\": [{\"@Name\": \"SubjectUserSid\", \"#text\": \"S-1-0-0\"}, {\"@Name\": \"SubjectUserName\", \"#text\": \"-\"}, {\"@Name\": \"SubjectDomainName\", \"#text\": \"-\"}, {\"@Name\": \"SubjectLogonId\", \"#text\": \"0x0\"}, {\"@Name\": \"TargetUserSid\", \"#text\": \"S-1-5-21-4271829-611451204-6422678655-1217\"}, {\"@Name\": \"TargetUserName\", \"#text\": \"OOPS-WORKSTATION_4$\"}, {\"@Name\": \"TargetDomainName\", \"#text\": \"OOPS.NET\"}, {\"@Name\": \"TargetLogonId\", \"#text\": \"0X30D27D\"}, {\"@Name\": \"LogonType\", \"#text\": \"3\"}, {\"@Name\": \"LogonProcessName\", \"#text\": \"Kerberos\"}, {\"@Name\": \"AuthenticationPackageName\", \"#text\": \"Kerberos\"}, {\"@Name\": \"WorkstationName\", \"#text\": \"-\"}, {\"@Name\": \"LogonGuid\", \"#text\": \"6f0bc3d4-6259-4b7e-8bc0-92460bd8634d\"}, {\"@Name\": \"TransmittedServices\", \"#text\": \"-\"}, {\"@Name\": \"LmPackageName\", \"#text\": \"-\"}, {\"@Name\": \"KeyLength\", \"#text\": \"0\"}, {\"@Name\": \"ProcessId\", \"#text\": \"0x0\"}, {\"@Name\": \"ProcessName\", \"#text\": \"-\"}, {\"@Name\": \"IpAddress\", \"#text\": \"10.58.121.64\"}, {\"@Name\": \"IpPort\", \"#text\": \"32677\"}, {\"@Name\": \"ImpersonationLevel\", \"#text\": \"%%1833\"}, {\"@Name\": \"RestrictedAdminMode\", \"#text\": \"-\"}, {\"@Name\": \"TargetOutboundUserName\", \"#text\": \"-\"}, {\"@Name\": \"TargetOutboundDomainName\", \"#text\": \"-\"}, {\"@Name\": \"VirtualAccount\", \"#text\": \"%%1843\"}, {\"@Name\": \"TargetLinkedLogonId\", \"#text\": \"0x0\"}, {\"@Name\": \"ElevatedToken\", \"#text\": \"%%1842\"}]}}",
    "Channel": "Security",
    "Provider": "Microsoft-Windows-Security-Auditing",
    "EventId": 4624,
    "EventRecordId": "6020",
    "ProcessId": 669,
    "ThreadId": 2777,
    "Level": "LogAlways",
    "Keywords": "Audit success",
    "SourceFile": "C:\\Windows\\system32\\winevt\\Logs\\Security.evtx",
    "ExtraDataOffset": 0,
    "HiddenRecord": false,
    "TimeCreated": "2021-03-16T10:50:03.7055035+00:00",
    "RecordNumber": "6020"
}, {
    "PayloadData1": "Target: OOPS.NET\\bower.george",
    "PayloadData2": "LogonType 3",
    "PayloadData3": "LogonId: 0X30D2A6",
    "UserName": "-\\-",
    "RemoteHost": "- (10.58.121.64)",
    "ExecutableInfo": "-",
    "MapDescription": "Successful logon",
    "ChunkNumber": 0,
    "Computer": "OOPS-DC.oops.net",
    "Payload": "{\"EventData\": {\"Data\": [{\"@Name\": \"SubjectUserSid\", \"#text\": \"S-1-0-0\"}, {\"@Name\": \"SubjectUserName\", \"#text\": \"-\"}, {\"@Name\": \"SubjectDomainName\", \"#text\": \"-\"}, {\"@Name\": \"SubjectLogonId\", \"#text\": \"0x0\"}, {\"@Name\": \"TargetUserSid\", \"#text\": \"S-1-5-21-4271829-611451204-6422678655-1203\"}, {\"@Name\": \"TargetUserName\", \"#text\": \"bower.george\"}, {\"@Name\": \"TargetDomainName\", \"#text\": \"OOPS.NET\"}, {\"@Name\": \"TargetLogonId\", \"#text\": \"0X30D2A6\"}, {\"@Name\": \"LogonType\", \"#text\": \"3\"}, {\"@Name\": \"LogonProcessName\", \"#text\": \"Kerberos\"}, {\"@Name\": \"AuthenticationPackageName\", \"#text\": \"Kerberos\"}, {\"@Name\": \"WorkstationName\", \"#text\": \"-\"}, {\"@Name\": \"LogonGuid\", \"#text\": \"54470c28-7d0c-4e9d-a146-beb2395476dc\"}, {\"@Name\": \"TransmittedServices\", \"#text\": \"-\"}, {\"@Name\": \"LmPackageName\", \"#text\": \"-\"}, {\"@Name\": \"KeyLength\", \"#text\": \"0\"}, {\"@Name\": \"ProcessId\", \"#text\": \"0x0\"}, {\"@Name\": \"ProcessName\", \"#text\": \"-\"}, {\"@Name\": \"IpAddress\", \"#text\": \"10.58.121.64\"}, {\"@Name\": \"IpPort\", \"#text\": \"32678\"}, {\"@Name\": \"ImpersonationLevel\", \"#text\": \"%%1833\"}, {\"@Name\": \"RestrictedAdminMode\", \"#text\": \"-\"}, {\"@Name\": \"TargetOutboundUserName\", \"#text\": \"-\"}, {\"@Name\": \"TargetOutboundDomainName\", \"#text\": \"-\"}, {\"@Name\": \"VirtualAccount\", \"#text\": \"%%1843\"}, {\"@Name\": \"TargetLinkedLogonId\", \"#text\": \"0x0\"}, {\"@Name\": \"ElevatedToken\", \"#text\": \"%%1842\"}]}}",
    "Channel": "Security",
    "Provider": "Microsoft-Windows-Security-Auditing",
    "EventId": 4624,
    "EventRecordId": "6021",
    "ProcessId": 669,
    "ThreadId": 2777,
    "Level": "LogAlways",
    "Keywords": "Audit success",
    "SourceFile": "C:\\Windows\\system32\\winevt\\Logs\\Security.evtx",
    "ExtraDataOffset": 0,
    "HiddenRecord": false,
    "TimeCreated": "2021-03-16T10:50:03.7844778+00:00",
    "RecordNumber": "6021"
}, {
    "PayloadData1": "Target: OOPS\\OOPS-WORKSTATION_4$",
    "PayloadData2": "LogonType 3",
    "PayloadData3": "LogonId: 0X30D27D",
    "MapDescription": "An account was logged off",
    "ChunkNumber": 0,
    "Computer": "OOPS-DC.oops.net",
    "Payload": "{\"EventData\": {\"Data\": [{\"@Name\": \"TargetUserSid\", \"#text\": \"S-1-5-21-4271829-611451204-6422678655-1217\"}, {\"@Name\": \"TargetUserName\", \"#text\": \"OOPS-WORKSTATION_4$\"}, {\"@Name\": \"TargetDomainName\", \"#text\": \"OOPS\"}, {\"@Name\": \"TargetLogonId\", \"#text\": \"0X30D27D\"}, {\"@Name\": \"LogonType\", \"#text\": \"3\"}]}}",
    "Channel": "Security",
    "Provider": "Microsoft-Windows-Security-Auditing",
    "EventId": 4634,
    "EventRecordId": "6024",
    "ProcessId": 669,
    "ThreadId": 3977,
    "Level": "LogAlways",
    "Keywords": "Audit success",
    "SourceFile": "C:\\Windows\\system32\\winevt\\Logs\\Security.evtx",
    "ExtraDataOffset": 0,
    "HiddenRecord": false,
    "TimeCreated": "2021-03-16T10:50:03.8187245+00:00",
    "RecordNumber": "6024"
}, {
    "PayloadData1": "Target: OOPS\\bower.george",
    "PayloadData2": "LogonType 3",
    "PayloadData3": "LogonId: 0X30D2A6",
    "MapDescription": "An account was logged off",
    "ChunkNumber": 0,
    "Computer": "OOPS-DC.oops.net",
    "Payload": "{\"EventData\": {\"Data\": [{\"@Name\": \"TargetUserSid\", \"#text\": \"S-1-5-21-4271829-611451204-6422678655-1203\"}, {\"@Name\": \"TargetUserName\", \"#text\": \"bower.george\"}, {\"@Name\": \"TargetDomainName\", \"#text\": \"OOPS\"}, {\"@Name\": \"TargetLogonId\", \"#text\": \"0X30D2A6\"}, {\"@Name\": \"LogonType\", \"#text\": \"3\"}]}}",
    "Channel": "Security",
    "Provider": "Microsoft-Windows-Security-Auditing",
    "EventId": 4634,
    "EventRecordId": "6027",
    "ProcessId": 669,
    "ThreadId": 2444,
    "Level": "LogAlways",
    "Keywords": "Audit success",
    "SourceFile": "C:\\Windows\\system32\\winevt\\Logs\\Security.evtx",
    "ExtraDataOffset": 0,
    "HiddenRecord": false,
    "TimeCreated": "2021-03-16T10:50:03.8683089+00:00",
    "RecordNumber": "6027"
}, {
    "PayloadData1": "Target: OOPS\\OOPS-WORKSTATION_4$",
    "PayloadData2": "LogonType 3",
    "PayloadData3": "LogonId: 0X30D254",
    "MapDescription": "An account was logged off",
    "ChunkNumber": 0,
    "Computer": "OOPS-DC.oops.net",
    "Payload": "{\"EventData\": {\"Data\": [{\"@Name\": \"TargetUserSid\", \"#text\": \"S-1-5-21-4271829-611451204-6422678655-1217\"}, {\"@Name\": \"TargetUserName\", \"#text\": \"OOPS-WORKSTATION_4$\"}, {\"@Name\": \"TargetDomainName\", \"#text\": \"OOPS\"}, {\"@Name\": \"TargetLogonId\", \"#text\": \"0X30D254\"}, {\"@Name\": \"LogonType\", \"#text\": \"3\"}]}}",
    "Channel": "Security",
    "Provider": "Microsoft-Windows-Security-Auditing",
    "EventId": 4634,
    "EventRecordId": "6028",
    "ProcessId": 669,
    "ThreadId": 7988,
    "Level": "LogAlways",
    "Keywords": "Audit success",
    "SourceFile": "C:\\Windows\\system32\\winevt\\Logs\\Security.evtx",
    "ExtraDataOffset": 0,
    "HiddenRecord": false,
    "TimeCreated": "2021-03-16T10:50:03.9522954+00:00",
    "RecordNumber": "6028"
}, {
    "PayloadData1": "Target: OOPS.NET\\OOPS-WORKSTATION_4$@OOPS.NET",
    "PayloadData2": "ServiceName: OOPS-WORKSTATION_4$",
    "PayloadData3": "ServiceSid: S-1-5-21-4271829-611451204-6422678655-1217",
    "PayloadData4": "TicketEncryptionType: AES256-CTS-HMAC-SHA1-96",
    "PayloadData5": "Status: KDC_ERR_NONE - No error - No errors were found.",
    "RemoteHost": "::ffff:10.58.121.64:32679",
    "MapDescription": "A Kerberos service ticket was requested",
    "ChunkNumber": 0,
    "Computer": "OOPS-DC.oops.net",
    "Payload": "{\"EventData\": {\"Data\": [{\"@Name\": \"TargetUserName\", \"#text\": \"OOPS-WORKSTATION_4$@OOPS.NET\"}, {\"@Name\": \"TargetDomainName\", \"#text\": \"OOPS.NET\"}, {\"@Name\": \"ServiceName\", \"#text\": \"OOPS-WORKSTATION_4$\"}, {\"@Name\": \"ServiceSid\", \"#text\": \"S-1-5-21-4271829-611451204-6422678655-1217\"}, {\"@Name\": \"TicketOptions\", \"#text\": \"0x40810000\"}, {\"@Name\": \"TicketEncryptionType\", \"#text\": \"0x12\"}, {\"@Name\": \"IpAddress\", \"#text\": \"::ffff:10.58.121.64\"}, {\"@Name\": \"IpPort\", \"#text\": \"32679\"}, {\"@Name\": \"Status\", \"#text\": \"0x0\"}, {\"@Name\": \"LogonGuid\", \"#text\": \"6326f7bf-94fd-45b0-b5da-b7dbfb9f1733\"}, {\"@Name\": \"TransmittedServices\", \"#text\": \"-\"}]}}",
    "Channel": "Security",
    "Provider": "Microsoft-Windows-Security-Auditing",
    "EventId": 4769,
    "EventRecordId": "6030",
    "ProcessId": 669,
    "ThreadId": 2444,
    "Level": "LogAlways",
    "Keywords": "Audit success",
    "SourceFile": "C:\\Windows\\system32\\winevt\\Logs\\Security.evtx",
    "ExtraDataOffset": 0,
    "HiddenRecord": false,
    "TimeCreated": "2021-03-16T10:50:03.9778361+00:00",
    "RecordNumber": "6030"
}, {
    "PayloadData1": "Target: OOPS.NET\\OOPS-WORKSTATION_4$",
    "PayloadData2": "LogonType 3",
    "PayloadData3": "LogonId: 0X30D2B6",
    "UserName": "-\\-",
    "RemoteHost": "- (10.58.121.64)",
    "ExecutableInfo": "-",
    "MapDescription": "Successful logon",
    "ChunkNumber": 0,
    "Computer": "OOPS-DC.oops.net",
    "Payload": "{\"EventData\": {\"Data\": [{\"@Name\": \"SubjectUserSid\", \"#text\": \"S-1-0-0\"}, {\"@Name\": \"SubjectUserName\", \"#text\": \"-\"}, {\"@Name\": \"SubjectDomainName\", \"#text\": \"-\"}, {\"@Name\": \"SubjectLogonId\", \"#text\": \"0x0\"}, {\"@Name\": \"TargetUserSid\", \"#text\": \"S-1-5-21-4271829-611451204-6422678655-1217\"}, {\"@Name\": \"TargetUserName\", \"#text\": \"OOPS-WORKSTATION_4$\"}, {\"@Name\": \"TargetDomainName\", \"#text\": \"OOPS.NET\"}, {\"@Name\": \"TargetLogonId\", \"#text\": \"0X30D2B6\"}, {\"@Name\": \"LogonType\", \"#text\": \"3\"}, {\"@Name\": \"LogonProcessName\", \"#text\": \"Kerberos\"}, {\"@Name\": \"AuthenticationPackageName\", \"#text\": \"Kerberos\"}, {\"@Name\": \"WorkstationName\", \"#text\": \"-\"}, {\"@Name\": \"LogonGuid\", \"#text\": \"68d1078a-b9d1-463b-a5b7-1590cf39929a\"}, {\"@Name\": \"TransmittedServices\", \"#text\": \"-\"}, {\"@Name\": \"LmPackageName\", \"#text\": \"-\"}, {\"@Name\": \"KeyLength\", \"#text\": \"0\"}, {\"@Name\": \"ProcessId\", \"#text\": \"0x0\"}, {\"@Name\": \"ProcessName\", \"#text\": \"-\"}, {\"@Name\": \"IpAddress\", \"#text\": \"10.58.121.64\"}, {\"@Name\": \"IpPort\", \"#text\": \"32680\"}, {\"@Name\": \"ImpersonationLevel\", \"#text\": \"%%1833\"}, {\"@Name\": \"RestrictedAdminMode\", \"#text\": \"-\"}, {\"@Name\": \"TargetOutboundUserName\", \"#text\": \"-\"}, {\"@Name\": \"TargetOutboundDomainName\", \"#text\": \"-\"}, {\"@Name\": \"VirtualAccount\", \"#text\": \"%%1843\"}, {\"@Name\": \"TargetLinkedLogonId\", \"#text\": \"0x0\"}, {\"@Name\": \"ElevatedToken\", \"#text\": \"%%1842\"}]}}",
    "Channel": "Security",
    "Provider": "Microsoft-Windows-Security-Auditing",
    "EventId": 4624,
    "EventRecordId": "6037",
    "ProcessId": 669,
    "ThreadId": 2444,
    "Level": "LogAlways",
    "Keywords": "Audit success",
    "SourceFile": "C:\\Windows\\system32\\winevt\\Logs\\Security.evtx",
    "ExtraDataOffset": 0,
    "HiddenRecord": false,
    "TimeCreated": "2021-03-16T10:50:04.0561753+00:00",
    "RecordNumber": "6037"
}, {
    "PayloadData1": "Target: OOPS.NET\\OOPS-WORKSTATION_4$",
    "PayloadData2": "LogonType 3",
    "PayloadData3": "LogonId: 0X30D2CB",
    "UserName": "-\\-",
    "RemoteHost": "- (10.58.121.64)",
    "ExecutableInfo": "-",
    "MapDescription": "Successful logon",
    "ChunkNumber": 0,
    "Computer": "OOPS-DC.oops.net",
    "Payload": "{\"EventData\": {\"Data\": [{\"@Name\": \"SubjectUserSid\", \"#text\": \"S-1-0-0\"}, {\"@Name\": \"SubjectUserName\", \"#text\": \"-\"}, {\"@Name\": \"SubjectDomainName\", \"#text\": \"-\"}, {\"@Name\": \"SubjectLogonId\", \"#text\": \"0x0\"}, {\"@Name\": \"TargetUserSid\", \"#text\": \"S-1-5-21-4271829-611451204-6422678655-1217\"}, {\"@Name\": \"TargetUserName\", \"#text\": \"OOPS-WORKSTATION_4$\"}, {\"@Name\": \"TargetDomainName\", \"#text\": \"OOPS.NET\"}, {\"@Name\": \"TargetLogonId\", \"#text\": \"0X30D2CB\"}, {\"@Name\": \"LogonType\", \"#text\": \"3\"}, {\"@Name\": \"LogonProcessName\", \"#text\": \"Kerberos\"}, {\"@Name\": \"AuthenticationPackageName\", \"#text\": \"Kerberos\"}, {\"@Name\": \"WorkstationName\", \"#text\": \"-\"}, {\"@Name\": \"LogonGuid\", \"#text\": \"bb686a45-6f61-44f0-b2ef-f4b88195cac5\"}, {\"@Name\": \"TransmittedServices\", \"#text\": \"-\"}, {\"@Name\": \"LmPackageName\", \"#text\": \"-\"}, {\"@Name\": \"KeyLength\", \"#text\": \"0\"}, {\"@Name\": \"ProcessId\", \"#text\": \"0x0\"}, {\"@Name\": \"ProcessName\", \"#text\": \"-\"}, {\"@Name\": \"IpAddress\", \"#text\": \"10.58.121.64\"}, {\"@Name\": \"IpPort\", \"#text\": \"32682\"}, {\"@Name\": \"ImpersonationLevel\", \"#text\": \"%%1833\"}, {\"@Name\": \"RestrictedAdminMode\", \"#text\": \"-\"}, {\"@Name\": \"TargetOutboundUserName\", \"#text\": \"-\"}, {\"@Name\": \"TargetOutboundDomainName\", \"#text\": \"-\"}, {\"@Name\": \"VirtualAccount\", \"#text\": \"%%1843\"}, {\"@Name\": \"TargetLinkedLogonId\", \"#text\": \"0x0\"}, {\"@Name\": \"ElevatedToken\", \"#text\": \"%%1842\"}]}}",
    "Channel": "Security",
    "Provider": "Microsoft-Windows-Security-Auditing",
    "EventId": 4624,
    "EventRecordId": "6040",
    "ProcessId": 669,
    "ThreadId": 2444,
    "Level": "LogAlways",
    "Keywords": "Audit success",
    "SourceFile": "C:\\Windows\\system32\\winevt\\Logs\\Security.evtx",
    "ExtraDataOffset": 0,
    "HiddenRecord": false,
    "TimeCreated": "2021-03-16T10:50:04.1331618+00:00",
    "RecordNumber": "6040"
}, {
    "PayloadData1": "Target: OOPS.NET\\OOPS-WORKSTATION_4$",
    "PayloadData2": "LogonType 3",
    "PayloadData3": "LogonId: 0X30D2D4",
    "UserName": "-\\-",
    "RemoteHost": "- (10.58.121.64)",
    "ExecutableInfo": "-",
    "MapDescription": "Successful logon",
    "ChunkNumber": 0,
    "Computer": "OOPS-DC.oops.net",
    "Payload": "{\"EventData\": {\"Data\": [{\"@Name\": \"SubjectUserSid\", \"#text\": \"S-1-0-0\"}, {\"@Name\": \"SubjectUserName\", \"#text\": \"-\"}, {\"@Name\": \"SubjectDomainName\", \"#text\": \"-\"}, {\"@Name\": \"SubjectLogonId\", \"#text\": \"0x0\"}, {\"@Name\": \"TargetUserSid\", \"#text\": \"S-1-5-21-4271829-611451204-6422678655-1217\"}, {\"@Name\": \"TargetUserName\", \"#text\": \"OOPS-WORKSTATION_4$\"}, {\"@Name\": \"TargetDomainName\", \"#text\": \"OOPS.NET\"}, {\"@Name\": \"TargetLogonId\", \"#text\": \"0X30D2D4\"}, {\"@Name\": \"LogonType\", \"#text\": \"3\"}, {\"@Name\": \"LogonProcessName\", \"#text\": \"Kerberos\"}, {\"@Name\": \"AuthenticationPackageName\", \"#text\": \"Kerberos\"}, {\"@Name\": \"WorkstationName\", \"#text\": \"-\"}, {\"@Name\": \"LogonGuid\", \"#text\": \"f95ad8aa-04ad-470e-acb3-6471d3328fc5\"}, {\"@Name\": \"TransmittedServices\", \"#text\": \"-\"}, {\"@Name\": \"LmPackageName\", \"#text\": \"-\"}, {\"@Name\": \"KeyLength\", \"#text\": \"0\"}, {\"@Name\": \"ProcessId\", \"#text\": \"0x0\"}, {\"@Name\": \"ProcessName\", \"#text\": \"-\"}, {\"@Name\": \"IpAddress\", \"#text\": \"10.58.121.64\"}, {\"@Name\": \"IpPort\", \"#text\": \"32683\"}, {\"@Name\": \"ImpersonationLevel\", \"#text\": \"%%1833\"}, {\"@Name\": \"RestrictedAdminMode\", \"#text\": \"-\"}, {\"@Name\": \"TargetOutboundUserName\", \"#text\": \"-\"}, {\"@Name\": \"TargetOutboundDomainName\", \"#text\": \"-\"}, {\"@Name\": \"VirtualAccount\", \"#text\": \"%%1843\"}, {\"@Name\": \"TargetLinkedLogonId\", \"#text\": \"0x0\"}, {\"@Name\": \"ElevatedToken\", \"#text\": \"%%1842\"}]}}",
    "Channel": "Security",
    "Provider": "Microsoft-Windows-Security-Auditing",
    "EventId": 4624,
    "EventRecordId": "6042",
    "ProcessId": 669,
    "ThreadId": 3977,
    "Level": "LogAlways",
    "Keywords": "Audit success",
    "SourceFile": "C:\\Windows\\system32\\winevt\\Logs\\Security.evtx",
    "ExtraDataOffset": 0,
    "HiddenRecord": false,
    "TimeCreated": "2021-03-16T10:50:04.1546584+00:00",
    "RecordNumber": "6042"
}, {
    "PayloadData1": "Target: OOPS\\OOPS-WORKSTATION_4$",
    "PayloadData2": "LogonType 3",
    "PayloadData3": "LogonId: 0X30D2D4",
    "MapDescription": "An account was logged off",
    "ChunkNumber": 0,
    "Computer": "OOPS-DC.oops.net",
    "Payload": "{\"EventData\": {\"Data\": [{\"@Name\": \"TargetUserSid\", \"#text\": \"S-1-5-21-4271829-611451204-6422678655-1217\"}, {\"@Name\": \"TargetUserName\", \"#text\": \"OOPS-WORKSTATION_4$\"}, {\"@Name\": \"TargetDomainName\", \"#text\": \"OOPS\"}, {\"@Name\": \"TargetLogonId\", \"#text\": \"0X30D2D4\"}, {\"@Name\": \"LogonType\", \"#text\": \"3\"}]}}",
    "Channel": "Security",
    "Provider": "Microsoft-Windows-Security-Auditing",
    "EventId": 4634,
    "EventRecordId": "6048",
    "ProcessId": 669,
    "ThreadId": 3977,
    "Level": "LogAlways",
    "Keywords": "Audit success",
    "SourceFile": "C:\\Windows\\system32\\winevt\\Logs\\Security.evtx",
    "ExtraDataOffset": 0,
    "HiddenRecord": false,
    "TimeCreated": "2021-03-16T10:50:04.2228930+00:00",
    "RecordNumber": "6048"
}, {
    "PayloadData1": "Target: OOPS\\OOPS-WORKSTATION_4$",
    "PayloadData2": "LogonType 3",
    "PayloadData3": "LogonId: 0X30D2CB",
    "MapDescription": "An account was logged off",
    "ChunkNumber": 0,
    "Computer": "OOPS-DC.oops.net",
    "Payload": "{\"EventData\": {\"Data\": [{\"@Name\": \"TargetUserSid\", \"#text\": \"S-1-5-21-4271829-611451204-6422678655-1217\"}, {\"@Name\": \"TargetUserName\", \"#text\": \"OOPS-WORKSTATION_4$\"}, {\"@Name\": \"TargetDomainName\", \"#text\": \"OOPS\"}, {\"@Name\": \"TargetLogonId\", \"#text\": \"0X30D2CB\"}, {\"@Name\": \"LogonType\", \"#text\": \"3\"}]}}",
    "Channel": "Security",
    "Provider": "Microsoft-Windows-Security-Auditing",
    "EventId": 4634,
    "EventRecordId": "6050",
    "ProcessId": 669,
    "ThreadId": 2777,
    "Level": "LogAlways",
    "Keywords": "Audit success",
    "SourceFile": "C:\\Windows\\system32\\winevt\\Logs\\Security.evtx",
    "ExtraDataOffset": 0,
    "HiddenRecord": false,
    "TimeCreated": "2021-03-16T10:50:04.2691554+00:00",
    "RecordNumber": "6050"
}, {
    "PayloadData1": "Target: OOPS\\OOPS-WORKSTATION_4$",
    "PayloadData2": "LogonType 3",
    "PayloadData3": "LogonId: 0X30D2B6",
    "MapDescription": "An account was logged off",
    "ChunkNumber": 0,
    "Computer": "OOPS-DC.oops.net",
    "Payload": "{\"EventData\": {\"Data\": [{\"@Name\": \"TargetUserSid\", \"#text\": \"S-1-5-21-4271829-611451204-6422678655-1217\"}, {\"@Name\": \"TargetUserName\", \"#text\": \"OOPS-WORKSTATION_4$\"}, {\"@Name\": \"TargetDomainName\", \"#text\": \"OOPS\"}, {\"@Name\": \"TargetLogonId\", \"#text\": \"0X30D2B6\"}, {\"@Name\": \"LogonType\", \"#text\": \"3\"}]}}",
    "Channel": "Security",
    "Provider": "Microsoft-Windows-Security-Auditing",
    "EventId": 4634,
    "EventRecordId": "6057",
    "ProcessId": 669,
    "ThreadId": 3825,
    "Level": "LogAlways",
    "Keywords": "Audit success",
    "SourceFile": "C:\\Windows\\system32\\winevt\\Logs\\Security.evtx",
    "ExtraDataOffset": 0,
    "HiddenRecord": false,
    "TimeCreated": "2021-03-16T10:50:04.3408004+00:00",
    "RecordNumber": "6057"
}, {
    "PayloadData1": "Target: OOPS\\montgomery.jennifer",
    "PayloadData2": "ServiceName: krbtgt",
    "PayloadData3": "ServiceSid: S-1-5-21-4271829-611451204-6422678655-502",
    "PayloadData4": "TicketEncryptionType: AES256-CTS-HMAC-SHA1-96",
    "PayloadData5": "Status: KDC_ERR_NONE - No error - No errors were found.",
    "PayloadData6": "PreAuthType: PA-ENC-TIMESTAMP - This type is normal for standard password authentication.",
    "RemoteHost": "::ffff:10.58.121.34:26168",
    "MapDescription": "A Kerberos authentication ticket (TGT) was requested",
    "ChunkNumber": 0,
    "Computer": "OOPS-DC.oops.net",
    "Payload": "{\"EventData\": {\"Data\": [{\"@Name\": \"TargetUserName\", \"#text\": \"montgomery.jennifer\"}, {\"@Name\": \"TargetDomainName\", \"#text\": \"OOPS\"}, {\"@Name\": \"TargetSid\", \"#text\": \"S-1-5-21-4271829-611451204-6422678655-1151\"}, {\"@Name\": \"ServiceName\", \"#text\": \"krbtgt\"}, {\"@Name\": \"ServiceSid\", \"#text\": \"S-1-5-21-4271829-611451204-6422678655-502\"}, {\"@Name\": \"TicketOptions\", \"#text\": \"0x40810010\"}, {\"@Name\": \"Status\", \"#text\": \"0x0\"}, {\"@Name\": \"TicketEncryptionType\", \"#text\": \"0x12\"}, {\"@Name\": \"PreAuthType\", \"#text\": \"2\"}, {\"@Name\": \"IpAddress\", \"#text\": \"::ffff:10.58.121.34\"}, {\"@Name\": \"IpPort\", \"#text\": \"26168\"}, {\"@Name\": \"CertIssuerName\"}, {\"@Name\": \"CertSerialNumber\"}, {\"@Name\": \"CertThumbprint\"}]}}",
    "Channel": "Security",
    "Provider": "Microsoft-Windows-Security-Auditing",
    "EventId": 4768,
    "EventRecordId": "6061",
    "ProcessId": 669,
    "ThreadId": 2444,
    "Level": "LogAlways",
    "Keywords": "Audit success",
    "SourceFile": "C:\\Windows\\system32\\winevt\\Logs\\Security.evtx",
    "ExtraDataOffset": 0,
    "HiddenRecord": false,
    "TimeCreated": "2021-03-16T11:22:24.1137329+00:00",
    "RecordNumber": "6061"
}, {
    "PayloadData1": "Target: OOPS.NET\\montgomery.jennifer@OOPS.NET",
    "PayloadData2": "ServiceName: OOPS-WORKSTATION_10$",
    "PayloadData3": "ServiceSid: S-1-5-21-4271829-611451204-6422678655-1236",
    "PayloadData4": "TicketEncryptionType: AES256-CTS-HMAC-SHA1-96",
    "PayloadData5": "Status: KDC_ERR_NONE - No error - No errors were found.",
    "RemoteHost": "::ffff:10.58.121.34:26170",
    "MapDescription": "A Kerberos service ticket was requested",
    "ChunkNumber": 0,
    "Computer": "OOPS-DC.oops.net",
    "Payload": "{\"EventData\": {\"Data\": [{\"@Name\": \"TargetUserName\", \"#text\": \"montgomery.jennifer@OOPS.NET\"}, {\"@Name\": \"TargetDomainName\", \"#text\": \"OOPS.NET\"}, {\"@Name\": \"ServiceName\", \"#text\": \"OOPS-WORKSTATION_10$\"}, {\"@Name\": \"ServiceSid\", \"#text\": \"S-1-5-21-4271829-611451204-6422678655-1236\"}, {\"@Name\": \"TicketOptions\", \"#text\": \"0x40810000\"}, {\"@Name\": \"TicketEncryptionType\", \"#text\": \"0x12\"}, {\"@Name\": \"IpAddress\", \"#text\": \"::ffff:10.58.121.34\"}, {\"@Name\": \"IpPort\", \"#text\": \"26170\"}, {\"@Name\": \"Status\", \"#text\": \"0x0\"}, {\"@Name\": \"LogonGuid\", \"#text\": \"994a60dc-af62-4615-927a-3ce117628823\"}, {\"@Name\": \"TransmittedServices\", \"#text\": \"-\"}]}}",
    "Channel": "Security",
    "Provider": "Microsoft-Windows-Security-Auditing",
    "EventId": 4769,
    "EventRecordId": "6068",
    "ProcessId": 669,
    "ThreadId": 3825,
    "Level": "LogAlways",
    "Keywords": "Audit success",
    "SourceFile": "C:\\Windows\\system32\\winevt\\Logs\\Security.evtx",
    "ExtraDataOffset": 0,
    "HiddenRecord": false,
    "TimeCreated": "2021-03-16T11:22:24.1974303+00:00",
    "RecordNumber": "6068"
}, {
    "PayloadData1": "Target: OOPS.NET\\montgomery.jennifer@OOPS.NET",
    "PayloadData2": "ServiceName: OOPS-DC$",
    "PayloadData3": "ServiceSid: S-1-5-21-4271829-611451204-6422678655-1000",
    "PayloadData4": "TicketEncryptionType: AES256-CTS-HMAC-SHA1-96",
    "PayloadData5": "Status: KDC_ERR_NONE - No error - No errors were found.",
    "RemoteHost": "::ffff:10.58.121.34:26171",
    "MapDescription": "A Kerberos service ticket was requested",
    "ChunkNumber": 0,
    "Computer": "OOPS-DC.oops.net",
    "Payload": "{\"EventData\": {\"Data\": [{\"@Name\": \"TargetUserName\", \"#text\": \"montgomery.jennifer@OOPS.NET\"}, {\"@Name\": \"TargetDomainName\", \"#text\": \"OOPS.NET\"}, {\"@Name\": \"ServiceName\", \"#text\": \"OOPS-DC$\"}, {\"@Name\": \"ServiceSid\", \"#text\": \"S-1-5-21-4271829-611451204-6422678655-1000\"}, {\"@Name\": \"TicketOptions\", \"#text\": \"0x40800000\"}, {\"@Name\": \"TicketEncryptionType\", \"#text\": \"0x12\"}, {\"@Name\": \"IpAddress\", \"#text\": \"::ffff:10.58.121.34\"}, {\"@Name\": \"IpPort\", \"#text\": \"26171\"}, {\"@Name\": \"Status\", \"#text\": \"0x0\"}, {\"@Name\": \"LogonGuid\", \"#text\": \"e1e9befd-5102-46d5-87e4-b5530f7ce0a6\"}, {\"@Name\": \"TransmittedServices\", \"#text\": \"-\"}]}}",
    "Channel": "Security",
    "Provider": "Microsoft-Windows-Security-Auditing",
    "EventId": 4769,
    "EventRecordId": "6070",
    "ProcessId": 669,
    "ThreadId": 3977,
    "Level": "LogAlways",
    "Keywords": "Audit success",
    "SourceFile": "C:\\Windows\\system32\\winevt\\Logs\\Security.evtx",
    "ExtraDataOffset": 0,
    "HiddenRecord": false,
    "TimeCreated": "2021-03-16T11:22:25.2711325+00:00",
    "RecordNumber": "6070"
}, {
    "PayloadData1": "Target: OOPS.NET\\montgomery.jennifer",
    "PayloadData2": "LogonType 3",
    "PayloadData3": "LogonId: 0X30D303",
    "UserName": "-\\-",
    "RemoteHost": "- (10.58.121.34)",
    "ExecutableInfo": "-",
    "MapDescription": "Successful logon",
    "ChunkNumber": 0,
    "Computer": "OOPS-DC.oops.net",
    "Payload": "{\"EventData\": {\"Data\": [{\"@Name\": \"SubjectUserSid\", \"#text\": \"S-1-0-0\"}, {\"@Name\": \"SubjectUserName\", \"#text\": \"-\"}, {\"@Name\": \"SubjectDomainName\", \"#text\": \"-\"}, {\"@Name\": \"SubjectLogonId\", \"#text\": \"0x0\"}, {\"@Name\": \"TargetUserSid\", \"#text\": \"S-1-5-21-4271829-611451204-6422678655-1151\"}, {\"@Name\": \"TargetUserName\", \"#text\": \"montgomery.jennifer\"}, {\"@Name\": \"TargetDomainName\", \"#text\": \"OOPS.NET\"}, {\"@Name\": \"TargetLogonId\", \"#text\": \"0X30D303\"}, {\"@Name\": \"LogonType\", \"#text\": \"3\"}, {\"@Name\": \"LogonProcessName\", \"#text\": \"Kerberos\"}, {\"@Name\": \"AuthenticationPackageName\", \"#text\": \"Kerberos\"}, {\"@Name\": \"WorkstationName\", \"#text\": \"-\"}, {\"@Name\": \"LogonGuid\", \"#text\": \"add0e299-2cde-49e2-817c-f0ff4690e57c\"}, {\"@Name\": \"TransmittedServices\", \"#text\": \"-\"}, {\"@Name\": \"LmPackageName\", \"#text\": \"-\"}, {\"@Name\": \"KeyLength\", \"#text\": \"0\"}, {\"@Name\": \"ProcessId\", \"#text\": \"0x0\"}, {\"@Name\": \"ProcessName\", \"#text\": \"-\"}, {\"@Name\": \"IpAddress\", \"#text\": \"10.58.121.34\"}, {\"@Name\": \"IpPort\", \"#text\": \"26172\"}, {\"@Name\": \"ImpersonationLevel\", \"#text\": \"%%1833\"}, {\"@Name\": \"RestrictedAdminMode\", \"#text\": \"-\"}, {\"@Name\": \"TargetOutboundUserName\", \"#text\": \"-\"}, {\"@Name\": \"TargetOutboundDomainName\", \"#text\": \"-\"}, {\"@Name\": \"VirtualAccount\", \"#text\": \"%%1843\"}, {\"@Name\": \"TargetLinkedLogonId\", \"#text\": \"0x0\"}, {\"@Name\": \"ElevatedToken\", \"#text\": \"%%1842\"}]}}",
    "Channel": "Security",
    "Provider": "Microsoft-Windows-Security-Auditing",
    "EventId": 4624,
    "EventRecordId": "6076",
    "ProcessId": 669,
    "ThreadId": 2777,
    "Level": "LogAlways",
    "Keywords": "Audit success",
    "SourceFile": "C:\\Windows\\system32\\winevt\\Logs\\Security.evtx",
    "ExtraDataOffset": 0,
    "HiddenRecord": false,
    "TimeCreated": "2021-03-16T11:22:25.3361856+00:00",
    "RecordNumber": "6076"
}, {
    "PayloadData1": "Target: OOPS.NET\\OOPS-WORKSTATION_10$",
    "PayloadData2": "LogonType 3",
    "PayloadData3": "LogonId: 0X30D31D",
    "UserName": "-\\-",
    "RemoteHost": "- (10.58.121.34)",
    "ExecutableInfo": "-",
    "MapDescription": "Successful logon",
    "ChunkNumber": 0,
    "Computer": "OOPS-DC.oops.net",
    "Payload": "{\"EventData\": {\"Data\": [{\"@Name\": \"SubjectUserSid\", \"#text\": \"S-1-0-0\"}, {\"@Name\": \"SubjectUserName\", \"#text\": \"-\"}, {\"@Name\": \"SubjectDomainName\", \"#text\": \"-\"}, {\"@Name\": \"SubjectLogonId\", \"#text\": \"0x0\"}, {\"@Name\": \"TargetUserSid\", \"#text\": \"S-1-5-21-4271829-611451204-6422678655-1236\"}, {\"@Name\": \"TargetUserName\", \"#text\": \"OOPS-WORKSTATION_10$\"}, {\"@Name\": \"TargetDomainName\", \"#text\": \"OOPS.NET\"}, {\"@Name\": \"TargetLogonId\", \"#text\": \"0X30D31D\"}, {\"@Name\": \"LogonType\", \"#text\": \"3\"}, {\"@Name\": \"LogonProcessName\", \"#text\": \"Kerberos\"}, {\"@Name\": \"AuthenticationPackageName\", \"#text\": \"Kerberos\"}, {\"@Name\": \"WorkstationName\", \"#text\": \"-\"}, {\"@Name\": \"LogonGuid\", \"#text\": \"93d3bb57-34f1-47c4-b2c8-dc17a5cc77f3\"}, {\"@Name\": \"TransmittedServices\", \"#text\": \"-\"}, {\"@Name\": \"LmPackageName\", \"#text\": \"-\"}, {\"@Name\": \"KeyLength\", \"#text\": \"0\"}, {\"@Name\": \"ProcessId\", \"#text\": \"0x0\"}, {\"@Name\": \"ProcessName\", \"#text\": \"-\"}, {\"@Name\": \"IpAddress\", \"#text\": \"10.58.121.34\"}, {\"@Name\": \"IpPort\", \"#text\": \"26174\"}, {\"@Name\": \"ImpersonationLevel\", \"#text\": \"%%1833\"}, {\"@Name\": \"RestrictedAdminMode\", \"#text\": \"-\"}, {\"@Name\": \"TargetOutboundUserName\", \"#text\": \"-\"}, {\"@Name\": \"TargetOutboundDomainName\", \"#text\": \"-\"}, {\"@Name\": \"VirtualAccount\", \"#text\": \"%%1843\"}, {\"@Name\": \"TargetLinkedLogonId\", \"#text\": \"0x0\"}, {\"@Name\": \"ElevatedToken\", \"#text\": \"%%1842\"}]}}",
    "Channel": "Security",
    "Provider": "Microsoft-Windows-Security-Auditing",
    "EventId": 4624,
    "EventRecordId": "6081",
