{
    "PayloadData1": "Target: OOPS.NET\\OOPS-WORKSTATION_8$",
    "PayloadData2": "LogonType 3",
    "PayloadData3": "LogonId: 0X30DC5C",
    "UserName": "-\\-",
    "RemoteHost": "- (10.58.121.63)",
    "ExecutableInfo": "-",
    "MapDescription": "Successful logon",
    "ChunkNumber": 0,
    "Computer": "OOPS-DC.oops.net",
    "Payload": "{\"EventData\": {\"Data\": [{\"@Name\": \"SubjectUserSid\", \"#text\": \"S-1-0-0\"}, {\"@Name\": \"SubjectUserName\", \"#text\": \"-\"}, {\"@Name\": \"SubjectDomainName\", \"#text\": \"-\"}, {\"@Name\": \"SubjectLogonId\", \"#text\": \"0x0\"}, {\"@Name\": \"TargetUserSid\", \"#text\": \"S-1-5-21-4271829-611451204-6422678655-1169\"}, {\"@Name\": \"TargetUserName\", \"#text\": \"OOPS-WORKSTATION_8$\"}, {\"@Name\": \"TargetDomainName\", \"#text\": \"OOPS.NET\"}, {\"@Name\": \"TargetLogonId\", \"#text\": \"0X30DC5C\"}, {\"@Name\": \"LogonType\", \"#text\": \"3\"}, {\"@Name\": \"LogonProcessName\", \"#text\": \"Kerberos\"}, {\"@Name\": \"AuthenticationPackageName\", \"#text\": \"Kerberos\"}, {\"@Name\": \"WorkstationName\", \"#text\": \"-\"}, {\"@Name\": \"LogonGuid\", \"#text\": \"1fbb222e-328e-43f2-8667-5062373a40f1\"}, {\"@Name\": \"TransmittedServices\", \"#text\": \"-\"}, {\"@Name\": \"LmPackageName\", \"#text\": \"-\"}, {\"@Name\": \"KeyLength\", \"#text\": \"0\"}, {\"@Name\": \"ProcessId\", \"#text\": \"0x0\"}, {\"@Name\": \"ProcessName\", \"#text\": \"-\"}, {\"@Name\": \"IpAddress\", \"#text\": \"10.58.121.63\"}, {\"@Name\": \"IpPort\", \"#text\": \"31841\"}, {\"@Name\": \"ImpersonationLevel\", \"#text\": \"%%1833\"}, {\"@Name\": \"RestrictedAdminMode\", \"#text\": \"-\"}, {\"@Name\": \"TargetOutboundUserName\", \"#text\": \"-\"}, {\"@Name\": \"TargetOutboundDomainName\", \"#text\": \"-\"}, {\"@Name\": \"VirtualAccount\", \"#text\": \"%%1843\"}, {\"@Name\": \"TargetLinkedLogonId\", \"#text\": \"0x0\"}, {\"@Name\": \"ElevatedToken\", \"#text\": \"%%1842\"}]}}",
    "Channel": "Security",
    "Provider": "Microsoft-Windows-Security-Auditing",
    "EventId": 4624,
    "EventRecordId": "7068",
    "ProcessId": 669,
    "ThreadId": 3977,
    "Level": "LogAlways",
    "Keywords": "Audit success",
    "SourceFile": "C:\\Windows\\system32\\winevt\\Logs\\Security.evtx",
    "ExtraDataOffset": 0,
    "HiddenRecord": false,
    "TimeCreated": "2021-03-16T14:00:46.5094035+00:00",
    "RecordNumber": "7068"
}, {
    "PayloadData1": "Target: OOPS.NET\\OOPS-WORKSTATION_8$",
    "PayloadData2": "LogonType 3",
    "PayloadData3": "LogonId: 0X30DC6A",
    "UserName": "-\\-",
    "RemoteHost": "- (10.58.121.63)",
    "ExecutableInfo": "-",
    "MapDescription": "Successful logon",
    "ChunkNumber": 0,
    "Computer": "OOPS-DC.oops.net",
    "Payload": "{\"EventData\": {\"Data\": [{\"@Name\": \"SubjectUserSid\", \"#text\": \"S-1-0-0\"}, {\"@Name\": \"SubjectUserName\", \"#text\": \"-\"}, {\"@Name\": \"SubjectDomainName\", \"#text\": \"-\"}, {\"@Name\": \"SubjectLogonId\", \"#text\": \"0x0\"}, {\"@Name\": \"TargetUserSid\", \"#text\": \"S-1-5-21-4271829-611451204-6422678655-1169\"}, {\"@Name\": \"TargetUserName\", \"#text\": \"OOPS-WORKSTATION_8$\"}, {\"@Name\": \"TargetDomainName\", \"#text\": \"OOPS.NET\"}, {\"@Name\": \"TargetLogonId\", \"#text\": \"0X30DC6A\"}, {\"@Name\": \"LogonType\", \"#text\": \"3\"}, {\"@Name\": \"LogonProcessName\", \"#text\": \"Kerberos\"}, {\"@Name\": \"AuthenticationPackageName\", \"#text\": \"Kerberos\"}, {\"@Name\": \"WorkstationName\", \"#text\": \"-\"}, {\"@Name\": \"LogonGuid\", \"#text\": \"ba3baa37-6159-4967-b186-f316bbeb9c2e\"}, {\"@Name\": \"TransmittedServices\", \"#text\": \"-\"}, {\"@Name\": \"LmPackageName\", \"#text\": \"-\"}, {\"@Name\": \"KeyLength\", \"#text\": \"0\"}, {\"@Name\": \"ProcessId\", \"#text\": \"0x0\"}, {\"@Name\": \"ProcessName\", \"#text\": \"-\"}, {\"@Name\": \"IpAddress\", \"#text\": \"10.58.121.63\"}, {\"@Name\": \"IpPort\", \"#text\": \"31842\"}, {\"@Name\": \"ImpersonationLevel\", \"#text\": \"%%1833\"}, {\"@Name\": \"RestrictedAdminMode\", \"#text\": \"-\"}, {\"@Name\": \"TargetOutboundUserName\", \"#text\": \"-\"}, {\"@Name\": \"TargetOutboundDomainName\", \"#text\": \"-\"}, {\"@Name\": \"VirtualAccount\", \"#text\": \"%%1843\"}, {\"@Name\": \"TargetLinkedLogonId\", \"#text\": \"0x0\"}, {\"@Name\": \"ElevatedToken\", \"#text\": \"%%1842\"}]}}",
    "Channel": "Security",
    "Provider": "Microsoft-Windows-Security-Auditing",
    "EventId": 4624,
    "EventRecordId": "7072",
    "ProcessId": 669,
    "ThreadId": 3825,
    "Level": "LogAlways",
    "Keywords": "Audit success",
    "SourceFile": "C:\\Windows\\system32\\winevt\\Logs\\Security.evtx",
    "ExtraDataOffset": 0,
    "HiddenRecord": false,
    "TimeCreated": "2021-03-16T14:00:46.5744789+00:00",
    "RecordNumber": "7072"
}, {
    "PayloadData1": "Target: OOPS\\OOPS-WORKSTATION_8$",
    "PayloadData2": "LogonType 3",
    "PayloadData3": "LogonId: 0X30DC6A",
    "MapDescription": "An account was logged off",
    "ChunkNumber": 0,
    "Computer": "OOPS-DC.oops.net",
    "Payload": "{\"EventData\": {\"Data\": [{\"@Name\": \"TargetUserSid\", \"#text\": \"S-1-5-21-4271829-611451204-6422678655-1169\"}, {\"@Name\": \"TargetUserName\", \"#text\": \"OOPS-WORKSTATION_8$\"}, {\"@Name\": \"TargetDomainName\", \"#text\": \"OOPS\"}, {\"@Name\": \"TargetLogonId\", \"#text\": \"0X30DC6A\"}, {\"@Name\": \"LogonType\", \"#text\": \"3\"}]}}",
    "Channel": "Security",
    "Provider": "Microsoft-Windows-Security-Auditing",
    "EventId": 4634,
    "EventRecordId": "7074",
    "ProcessId": 669,
    "ThreadId": 2777,
    "Level": "LogAlways",
    "Keywords": "Audit success",
    "SourceFile": "C:\\Windows\\system32\\winevt\\Logs\\Security.evtx",
    "ExtraDataOffset": 0,
    "HiddenRecord": false,
    "TimeCreated": "2021-03-16T14:00:46.5945337+00:00",
    "RecordNumber": "7074"
}, {
    "PayloadData1": "Target: OOPS\\OOPS-WORKSTATION_8$",
    "PayloadData2": "LogonType 3",
    "PayloadData3": "LogonId: 0X30DC5C",
    "MapDescription": "An account was logged off",
    "ChunkNumber": 0,
    "Computer": "OOPS-DC.oops.net",
    "Payload": "{\"EventData\": {\"Data\": [{\"@Name\": \"TargetUserSid\", \"#text\": \"S-1-5-21-4271829-611451204-6422678655-1169\"}, {\"@Name\": \"TargetUserName\", \"#text\": \"OOPS-WORKSTATION_8$\"}, {\"@Name\": \"TargetDomainName\", \"#text\": \"OOPS\"}, {\"@Name\": \"TargetLogonId\", \"#text\": \"0X30DC5C\"}, {\"@Name\": \"LogonType\", \"#text\": \"3\"}]}}",
    "Channel": "Security",
    "Provider": "Microsoft-Windows-Security-Auditing",
    "EventId": 4634,
    "EventRecordId": "7077",
    "ProcessId": 669,
    "ThreadId": 2777,
    "Level": "LogAlways",
    "Keywords": "Audit success",
    "SourceFile": "C:\\Windows\\system32\\winevt\\Logs\\Security.evtx",
    "ExtraDataOffset": 0,
    "HiddenRecord": false,
    "TimeCreated": "2021-03-16T14:00:46.6604676+00:00",
    "RecordNumber": "7077"
}, {
    "PayloadData1": "Target: OOPS\\OOPS-WORKSTATION_8$",
    "PayloadData2": "LogonType 3",
    "PayloadData3": "LogonId: 0X30DC52",
    "MapDescription": "An account was logged off",
    "ChunkNumber": 0,
    "Computer": "OOPS-DC.oops.net",
    "Payload": "{\"EventData\": {\"Data\": [{\"@Name\": \"TargetUserSid\", \"#text\": \"S-1-5-21-4271829-611451204-6422678655-1169\"}, {\"@Name\": \"TargetUserName\", \"#text\": \"OOPS-WORKSTATION_8$\"}, {\"@Name\": \"TargetDomainName\", \"#text\": \"OOPS\"}, {\"@Name\": \"TargetLogonId\", \"#text\": \"0X30DC52\"}, {\"@Name\": \"LogonType\", \"#text\": \"3\"}]}}",
    "Channel": "Security",
    "Provider": "Microsoft-Windows-Security-Auditing",
    "EventId": 4634,
    "EventRecordId": "7078",
    "ProcessId": 669,
    "ThreadId": 2444,
    "Level": "LogAlways",
    "Keywords": "Audit success",
    "SourceFile": "C:\\Windows\\system32\\winevt\\Logs\\Security.evtx",
    "ExtraDataOffset": 0,
    "HiddenRecord": false,
    "TimeCreated": "2021-03-16T14:00:46.7118565+00:00",
    "RecordNumber": "7078"
}, {
    "PayloadData1": "Target: OOPS\\parisien.janet",
    "PayloadData2": "ServiceName: krbtgt",
    "PayloadData3": "ServiceSid: S-1-5-21-4271829-611451204-6422678655-502",
    "PayloadData4": "TicketEncryptionType: AES256-CTS-HMAC-SHA1-96",
    "PayloadData5": "Status: KDC_ERR_NONE - No error - No errors were found.",
    "PayloadData6": "PreAuthType: PA-ENC-TIMESTAMP - This type is normal for standard password authentication.",
    "RemoteHost": "::ffff:10.58.121.8:38359",
    "MapDescription": "A Kerberos authentication ticket (TGT) was requested",
    "ChunkNumber": 0,
    "Computer": "OOPS-DC.oops.net",
    "Payload": "{\"EventData\": {\"Data\": [{\"@Name\": \"TargetUserName\", \"#text\": \"parisien.janet\"}, {\"@Name\": \"TargetDomainName\", \"#text\": \"OOPS\"}, {\"@Name\": \"TargetSid\", \"#text\": \"S-1-5-21-4271829-611451204-6422678655-1101\"}, {\"@Name\": \"ServiceName\", \"#text\": \"krbtgt\"}, {\"@Name\": \"ServiceSid\", \"#text\": \"S-1-5-21-4271829-611451204-6422678655-502\"}, {\"@Name\": \"TicketOptions\", \"#text\": \"0x40810010\"}, {\"@Name\": \"Status\", \"#text\": \"0x0\"}, {\"@Name\": \"TicketEncryptionType\", \"#text\": \"0x12\"}, {\"@Name\": \"PreAuthType\", \"#text\": \"2\"}, {\"@Name\": \"IpAddress\", \"#text\": \"::ffff:10.58.121.8\"}, {\"@Name\": \"IpPort\", \"#text\": \"38359\"}, {\"@Name\": \"CertIssuerName\"}, {\"@Name\": \"CertSerialNumber\"}, {\"@Name\": \"CertThumbprint\"}]}}",
    "Channel": "Security",
    "Provider": "Microsoft-Windows-Security-Auditing",
    "EventId": 4768,
    "EventRecordId": "7079",
    "ProcessId": 669,
    "ThreadId": 3977,
    "Level": "LogAlways",
    "Keywords": "Audit success",
    "SourceFile": "C:\\Windows\\system32\\winevt\\Logs\\Security.evtx",
    "ExtraDataOffset": 0,
    "HiddenRecord": false,
    "TimeCreated": "2021-03-16T14:14:46.5259630+00:00",
    "RecordNumber": "7079"
}, {
    "PayloadData1": "Target: OOPS.NET\\parisien.janet@OOPS.NET",
    "PayloadData2": "ServiceName: OOPS-WORKSTATION_9$",
    "PayloadData3": "ServiceSid: S-1-5-21-4271829-611451204-6422678655-1136",
    "PayloadData4": "TicketEncryptionType: AES256-CTS-HMAC-SHA1-96",
    "PayloadData5": "Status: KDC_ERR_NONE - No error - No errors were found.",
    "RemoteHost": "::ffff:10.58.121.8:38361",
    "MapDescription": "A Kerberos service ticket was requested",
    "ChunkNumber": 0,
    "Computer": "OOPS-DC.oops.net",
    "Payload": "{\"EventData\": {\"Data\": [{\"@Name\": \"TargetUserName\", \"#text\": \"parisien.janet@OOPS.NET\"}, {\"@Name\": \"TargetDomainName\", \"#text\": \"OOPS.NET\"}, {\"@Name\": \"ServiceName\", \"#text\": \"OOPS-WORKSTATION_9$\"}, {\"@Name\": \"ServiceSid\", \"#text\": \"S-1-5-21-4271829-611451204-6422678655-1136\"}, {\"@Name\": \"TicketOptions\", \"#text\": \"0x40810000\"}, {\"@Name\": \"TicketEncryptionType\", \"#text\": \"0x12\"}, {\"@Name\": \"IpAddress\", \"#text\": \"::ffff:10.58.121.8\"}, {\"@Name\": \"IpPort\", \"#text\": \"38361\"}, {\"@Name\": \"Status\", \"#text\": \"0x0\"}, {\"@Name\": \"LogonGuid\", \"#text\": \"7ee6a140-7ca5-4ad7-baf4-c04b96b47fb0\"}, {\"@Name\": \"TransmittedServices\", \"#text\": \"-\"}]}}",
    "Channel": "Security",
    "Provider": "Microsoft-Windows-Security-Auditing",
    "EventId": 4769,
    "EventRecordId": "7084",
    "ProcessId": 669,
    "ThreadId": 2777,
    "Level": "LogAlways",
    "Keywords": "Audit success",
    "SourceFile": "C:\\Windows\\system32\\winevt\\Logs\\Security.evtx",
    "ExtraDataOffset": 0,
    "HiddenRecord": false,
    "TimeCreated": "2021-03-16T14:14:46.5811097+00:00",
    "RecordNumber": "7084"
}, {
    "PayloadData1": "Target: OOPS.NET\\parisien.janet@OOPS.NET",
    "PayloadData2": "ServiceName: OOPS-DC$",
    "PayloadData3": "ServiceSid: S-1-5-21-4271829-611451204-6422678655-1000",
    "PayloadData4": "TicketEncryptionType: AES256-CTS-HMAC-SHA1-96",
    "PayloadData5": "Status: KDC_ERR_NONE - No error - No errors were found.",
    "RemoteHost": "::ffff:10.58.121.8:38362",
    "MapDescription": "A Kerberos service ticket was requested",
    "ChunkNumber": 0,
    "Computer": "OOPS-DC.oops.net",
    "Payload": "{\"EventData\": {\"Data\": [{\"@Name\": \"TargetUserName\", \"#text\": \"parisien.janet@OOPS.NET\"}, {\"@Name\": \"TargetDomainName\", \"#text\": \"OOPS.NET\"}, {\"@Name\": \"ServiceName\", \"#text\": \"OOPS-DC$\"}, {\"@Name\": \"ServiceSid\", \"#text\": \"S-1-5-21-4271829-611451204-6422678655-1000\"}, {\"@Name\": \"TicketOptions\", \"#text\": \"0x40800000\"}, {\"@Name\": \"TicketEncryptionType\", \"#text\": \"0x12\"}, {\"@Name\": \"IpAddress\", \"#text\": \"::ffff:10.58.121.8\"}, {\"@Name\": \"IpPort\", \"#text\": \"38362\"}, {\"@Name\": \"Status\", \"#text\": \"0x0\"}, {\"@Name\": \"LogonGuid\", \"#text\": \"5cd4b9c0-c36e-42ba-b562-04ec88781986\"}, {\"@Name\": \"TransmittedServices\", \"#text\": \"-\"}]}}",
    "Channel": "Security",
    "Provider": "Microsoft-Windows-Security-Auditing",
    "EventId": 4769,
    "EventRecordId": "7089",
    "ProcessId": 669,
    "ThreadId": 3825,
    "Level": "LogAlways",
    "Keywords": "Audit success",
    "SourceFile": "C:\\Windows\\system32\\winevt\\Logs\\Security.evtx",
    "ExtraDataOffset": 0,
    "HiddenRecord": false,
    "TimeCreated": "2021-03-16T14:14:47.6263621+00:00",
    "RecordNumber": "7089"
}, {
    "PayloadData1": "Target: OOPS.NET\\parisien.janet",
    "PayloadData2": "LogonType 3",
    "PayloadData3": "LogonId: 0X30DC91",
    "UserName": "-\\-",
    "RemoteHost": "- (10.58.121.8)",
    "ExecutableInfo": "-",
    "MapDescription": "Successful logon",
    "ChunkNumber": 0,
    "Computer": "OOPS-DC.oops.net",
    "Payload": "{\"EventData\": {\"Data\": [{\"@Name\": \"SubjectUserSid\", \"#text\": \"S-1-0-0\"}, {\"@Name\": \"SubjectUserName\", \"#text\": \"-\"}, {\"@Name\": \"SubjectDomainName\", \"#text\": \"-\"}, {\"@Name\": \"SubjectLogonId\", \"#text\": \"0x0\"}, {\"@Name\": \"TargetUserSid\", \"#text\": \"S-1-5-21-4271829-611451204-6422678655-1101\"}, {\"@Name\": \"TargetUserName\", \"#text\": \"parisien.janet\"}, {\"@Name\": \"TargetDomainName\", \"#text\": \"OOPS.NET\"}, {\"@Name\": \"TargetLogonId\", \"#text\": \"0X30DC91\"}, {\"@Name\": \"LogonType\", \"#text\": \"3\"}, {\"@Name\": \"LogonProcessName\", \"#text\": \"Kerberos\"}, {\"@Name\": \"AuthenticationPackageName\", \"#text\": \"Kerberos\"}, {\"@Name\": \"WorkstationName\", \"#text\": \"-\"}, {\"@Name\": \"LogonGuid\", \"#text\": \"690b8ea4-02f2-461c-83fa-3d2ef03c448e\"}, {\"@Name\": \"TransmittedServices\", \"#text\": \"-\"}, {\"@Name\": \"LmPackageName\", \"#text\": \"-\"}, {\"@Name\": \"KeyLength\", \"#text\": \"0\"}, {\"@Name\": \"ProcessId\", \"#text\": \"0x0\"}, {\"@Name\": \"ProcessName\", \"#text\": \"-\"}, {\"@Name\": \"IpAddress\", \"#text\": \"10.58.121.8\"}, {\"@Name\": \"IpPort\", \"#text\": \"38363\"}, {\"@Name\": \"ImpersonationLevel\", \"#text\": \"%%1833\"}, {\"@Name\": \"RestrictedAdminMode\", \"#text\": \"-\"}, {\"@Name\": \"TargetOutboundUserName\", \"#text\": \"-\"}, {\"@Name\": \"TargetOutboundDomainName\", \"#text\": \"-\"}, {\"@Name\": \"VirtualAccount\", \"#text\": \"%%1843\"}, {\"@Name\": \"TargetLinkedLogonId\", \"#text\": \"0x0\"}, {\"@Name\": \"ElevatedToken\", \"#text\": \"%%1842\"}]}}",
    "Channel": "Security",
    "Provider": "Microsoft-Windows-Security-Auditing",
    "EventId": 4624,
    "EventRecordId": "7095",
    "ProcessId": 669,
    "ThreadId": 3977,
    "Level": "LogAlways",
    "Keywords": "Audit success",
    "SourceFile": "C:\\Windows\\system32\\winevt\\Logs\\Security.evtx",
    "ExtraDataOffset": 0,
    "HiddenRecord": false,
    "TimeCreated": "2021-03-16T14:14:47.6972417+00:00",
    "RecordNumber": "7095"
}, {
    "PayloadData1": "Target: OOPS.NET\\OOPS-WORKSTATION_9$",
    "PayloadData2": "LogonType 3",
    "PayloadData3": "LogonId: 0X30DCB4",
    "UserName": "-\\-",
    "RemoteHost": "- (10.58.121.8)",
    "ExecutableInfo": "-",
    "MapDescription": "Successful logon",
    "ChunkNumber": 0,
    "Computer": "OOPS-DC.oops.net",
    "Payload": "{\"EventData\": {\"Data\": [{\"@Name\": \"SubjectUserSid\", \"#text\": \"S-1-0-0\"}, {\"@Name\": \"SubjectUserName\", \"#text\": \"-\"}, {\"@Name\": \"SubjectDomainName\", \"#text\": \"-\"}, {\"@Name\": \"SubjectLogonId\", \"#text\": \"0x0\"}, {\"@Name\": \"TargetUserSid\", \"#text\": \"S-1-5-21-4271829-611451204-6422678655-1136\"}, {\"@Name\": \"TargetUserName\", \"#text\": \"OOPS-WORKSTATION_9$\"}, {\"@Name\": \"TargetDomainName\", \"#text\": \"OOPS.NET\"}, {\"@Name\": \"TargetLogonId\", \"#text\": \"0X30DCB4\"}, {\"@Name\": \"LogonType\", \"#text\": \"3\"}, {\"@Name\": \"LogonProcessName\", \"#text\": \"Kerberos\"}, {\"@Name\": \"AuthenticationPackageName\", \"#text\": \"Kerberos\"}, {\"@Name\": \"WorkstationName\", \"#text\": \"-\"}, {\"@Name\": \"LogonGuid\", \"#text\": \"25cde911-e1ec-4b79-bbe7-d3cdb05e4aba\"}, {\"@Name\": \"TransmittedServices\", \"#text\": \"-\"}, {\"@Name\": \"LmPackageName\", \"#text\": \"-\"}, {\"@Name\": \"KeyLength\", \"#text\": \"0\"}, {\"@Name\": \"ProcessId\", \"#text\": \"0x0\"}, {\"@Name\": \"ProcessName\", \"#text\": \"-\"}, {\"@Name\": \"IpAddress\", \"#text\": \"10.58.121.8\"}, {\"@Name\": \"IpPort\", \"#text\": \"38364\"}, {\"@Name\": \"ImpersonationLevel\", \"#text\": \"%%1833\"}, {\"@Name\": \"RestrictedAdminMode\", \"#text\": \"-\"}, {\"@Name\": \"TargetOutboundUserName\", \"#text\": \"-\"}, {\"@Name\": \"TargetOutboundDomainName\", \"#text\": \"-\"}, {\"@Name\": \"VirtualAccount\", \"#text\": \"%%1843\"}, {\"@Name\": \"TargetLinkedLogonId\", \"#text\": \"0x0\"}, {\"@Name\": \"ElevatedToken\", \"#text\": \"%%1842\"}]}}",
    "Channel": "Security",
    "Provider": "Microsoft-Windows-Security-Auditing",
    "EventId": 4624,
    "EventRecordId": "7096",
    "ProcessId": 669,
    "ThreadId": 3825,
    "Level": "LogAlways",
    "Keywords": "Audit success",
    "SourceFile": "C:\\Windows\\system32\\winevt\\Logs\\Security.evtx",
    "ExtraDataOffset": 0,
    "HiddenRecord": false,
    "TimeCreated": "2021-03-16T14:14:47.7323201+00:00",
    "RecordNumber": "7096"
}, {
    "PayloadData1": "Target: OOPS.NET\\parisien.janet",
    "PayloadData2": "LogonType 3",
    "PayloadData3": "LogonId: 0X30DCE0",
    "UserName": "-\\-",
    "RemoteHost": "- (10.58.121.8)",
    "ExecutableInfo": "-",
    "MapDescription": "Successful logon",
    "ChunkNumber": 0,
    "Computer": "OOPS-DC.oops.net",
    "Payload": "{\"EventData\": {\"Data\": [{\"@Name\": \"SubjectUserSid\", \"#text\": \"S-1-0-0\"}, {\"@Name\": \"SubjectUserName\", \"#text\": \"-\"}, {\"@Name\": \"SubjectDomainName\", \"#text\": \"-\"}, {\"@Name\": \"SubjectLogonId\", \"#text\": \"0x0\"}, {\"@Name\": \"TargetUserSid\", \"#text\": \"S-1-5-21-4271829-611451204-6422678655-1101\"}, {\"@Name\": \"TargetUserName\", \"#text\": \"parisien.janet\"}, {\"@Name\": \"TargetDomainName\", \"#text\": \"OOPS.NET\"}, {\"@Name\": \"TargetLogonId\", \"#text\": \"0X30DCE0\"}, {\"@Name\": \"LogonType\", \"#text\": \"3\"}, {\"@Name\": \"LogonProcessName\", \"#text\": \"Kerberos\"}, {\"@Name\": \"AuthenticationPackageName\", \"#text\": \"Kerberos\"}, {\"@Name\": \"WorkstationName\", \"#text\": \"-\"}, {\"@Name\": \"LogonGuid\", \"#text\": \"74e9c94d-a5db-42f0-a31d-810063dfdba2\"}, {\"@Name\": \"TransmittedServices\", \"#text\": \"-\"}, {\"@Name\": \"LmPackageName\", \"#text\": \"-\"}, {\"@Name\": \"KeyLength\", \"#text\": \"0\"}, {\"@Name\": \"ProcessId\", \"#text\": \"0x0\"}, {\"@Name\": \"ProcessName\", \"#text\": \"-\"}, {\"@Name\": \"IpAddress\", \"#text\": \"10.58.121.8\"}, {\"@Name\": \"IpPort\", \"#text\": \"38365\"}, {\"@Name\": \"ImpersonationLevel\", \"#text\": \"%%1833\"}, {\"@Name\": \"RestrictedAdminMode\", \"#text\": \"-\"}, {\"@Name\": \"TargetOutboundUserName\", \"#text\": \"-\"}, {\"@Name\": \"TargetOutboundDomainName\", \"#text\": \"-\"}, {\"@Name\": \"VirtualAccount\", \"#text\": \"%%1843\"}, {\"@Name\": \"TargetLinkedLogonId\", \"#text\": \"0x0\"}, {\"@Name\": \"ElevatedToken\", \"#text\": \"%%1842\"}]}}",
    "Channel": "Security",
    "Provider": "Microsoft-Windows-Security-Auditing",
    "EventId": 4624,
    "EventRecordId": "7100",
    "ProcessId": 669,
    "ThreadId": 3977,
    "Level": "LogAlways",
    "Keywords": "Audit success",
    "SourceFile": "C:\\Windows\\system32\\winevt\\Logs\\Security.evtx",
    "ExtraDataOffset": 0,
    "HiddenRecord": false,
    "TimeCreated": "2021-03-16T14:14:47.7753898+00:00",
    "RecordNumber": "7100"
}, {
    "PayloadData1": "Target: OOPS\\parisien.janet",
    "PayloadData2": "LogonType 3",
    "PayloadData3": "LogonId: 0X30DCE0",
    "MapDescription": "An account was logged off",
    "ChunkNumber": 0,
    "Computer": "OOPS-DC.oops.net",
    "Payload": "{\"EventData\": {\"Data\": [{\"@Name\": \"TargetUserSid\", \"#text\": \"S-1-5-21-4271829-611451204-6422678655-1101\"}, {\"@Name\": \"TargetUserName\", \"#text\": \"parisien.janet\"}, {\"@Name\": \"TargetDomainName\", \"#text\": \"OOPS\"}, {\"@Name\": \"TargetLogonId\", \"#text\": \"0X30DCE0\"}, {\"@Name\": \"LogonType\", \"#text\": \"3\"}]}}",
    "Channel": "Security",
    "Provider": "Microsoft-Windows-Security-Auditing",
    "EventId": 4634,
    "EventRecordId": "7103",
    "ProcessId": 669,
    "ThreadId": 7988,
    "Level": "LogAlways",
    "Keywords": "Audit success",
    "SourceFile": "C:\\Windows\\system32\\winevt\\Logs\\Security.evtx",
    "ExtraDataOffset": 0,
    "HiddenRecord": false,
    "TimeCreated": "2021-03-16T14:14:47.8505271+00:00",
    "RecordNumber": "7103"
}, {
    "PayloadData1": "Target: OOPS\\OOPS-WORKSTATION_9$",
    "PayloadData2": "LogonType 3",
    "PayloadData3": "LogonId: 0X30DCB4",
    "MapDescription": "An account was logged off",
    "ChunkNumber": 0,
    "Computer": "OOPS-DC.oops.net",
    "Payload": "{\"EventData\": {\"Data\": [{\"@Name\": \"TargetUserSid\", \"#text\": \"S-1-5-21-4271829-611451204-6422678655-1136\"}, {\"@Name\": \"TargetUserName\", \"#text\": \"OOPS-WORKSTATION_9$\"}, {\"@Name\": \"TargetDomainName\", \"#text\": \"OOPS\"}, {\"@Name\": \"TargetLogonId\", \"#text\": \"0X30DCB4\"}, {\"@Name\": \"LogonType\", \"#text\": \"3\"}]}}",
    "Channel": "Security",
    "Provider": "Microsoft-Windows-Security-Auditing",
    "EventId": 4634,
    "EventRecordId": "7105",
    "ProcessId": 669,
    "ThreadId": 7988,
    "Level": "LogAlways",
    "Keywords": "Audit success",
    "SourceFile": "C:\\Windows\\system32\\winevt\\Logs\\Security.evtx",
    "ExtraDataOffset": 0,
    "HiddenRecord": false,
    "TimeCreated": "2021-03-16T14:14:47.8743672+00:00",
    "RecordNumber": "7105"
}, {
    "PayloadData1": "Target: OOPS.NET\\OOPS-WORKSTATION_9$@OOPS.NET",
    "PayloadData2": "ServiceName: OOPS-DC$",
    "PayloadData3": "ServiceSid: S-1-5-21-4271829-611451204-6422678655-1000",
    "PayloadData4": "TicketEncryptionType: AES256-CTS-HMAC-SHA1-96",
    "PayloadData5": "Status: KDC_ERR_NONE - No error - No errors were found.",
    "RemoteHost": "::ffff:10.58.121.8:38366",
    "MapDescription": "A Kerberos service ticket was requested",
    "ChunkNumber": 0,
    "Computer": "OOPS-DC.oops.net",
    "Payload": "{\"EventData\": {\"Data\": [{\"@Name\": \"TargetUserName\", \"#text\": \"OOPS-WORKSTATION_9$@OOPS.NET\"}, {\"@Name\": \"TargetDomainName\", \"#text\": \"OOPS.NET\"}, {\"@Name\": \"ServiceName\", \"#text\": \"OOPS-DC$\"}, {\"@Name\": \"ServiceSid\", \"#text\": \"S-1-5-21-4271829-611451204-6422678655-1000\"}, {\"@Name\": \"TicketOptions\", \"#text\": \"0x40800000\"}, {\"@Name\": \"TicketEncryptionType\", \"#text\": \"0x12\"}, {\"@Name\": \"IpAddress\", \"#text\": \"::ffff:10.58.121.8\"}, {\"@Name\": \"IpPort\", \"#text\": \"38366\"}, {\"@Name\": \"Status\", \"#text\": \"0x0\"}, {\"@Name\": \"LogonGuid\", \"#text\": \"e217656f-75eb-498b-8c27-1ce047cc5a3f\"}, {\"@Name\": \"TransmittedServices\", \"#text\": \"-\"}]}}",
    "Channel": "Security",
    "Provider": "Microsoft-Windows-Security-Auditing",
    "EventId": 4769,
    "EventRecordId": "7106",
    "ProcessId": 669,
    "ThreadId": 3825,
    "Level": "LogAlways",
    "Keywords": "Audit success",
    "SourceFile": "C:\\Windows\\system32\\winevt\\Logs\\Security.evtx",
    "ExtraDataOffset": 0,
    "HiddenRecord": false,
    "TimeCreated": "2021-03-16T14:14:50.9215822+00:00",
    "RecordNumber": "7106"
}, {
    "PayloadData1": "Target: OOPS.NET\\parisien.janet@OOPS.NET",
    "PayloadData2": "ServiceName: OOPS-DC$",
    "PayloadData3": "ServiceSid: S-1-5-21-4271829-611451204-6422678655-1000",
    "PayloadData4": "TicketEncryptionType: AES256-CTS-HMAC-SHA1-96",
    "PayloadData5": "Status: KDC_ERR_NONE - No error - No errors were found.",
    "RemoteHost": "::ffff:10.58.121.8:38368",
    "MapDescription": "A Kerberos service ticket was requested",
    "ChunkNumber": 0,
    "Computer": "OOPS-DC.oops.net",
    "Payload": "{\"EventData\": {\"Data\": [{\"@Name\": \"TargetUserName\", \"#text\": \"parisien.janet@OOPS.NET\"}, {\"@Name\": \"TargetDomainName\", \"#text\": \"OOPS.NET\"}, {\"@Name\": \"ServiceName\", \"#text\": \"OOPS-DC$\"}, {\"@Name\": \"ServiceSid\", \"#text\": \"S-1-5-21-4271829-611451204-6422678655-1000\"}, {\"@Name\": \"TicketOptions\", \"#text\": \"0x40810000\"}, {\"@Name\": \"TicketEncryptionType\", \"#text\": \"0x12\"}, {\"@Name\": \"IpAddress\", \"#text\": \"::ffff:10.58.121.8\"}, {\"@Name\": \"IpPort\", \"#text\": \"38368\"}, {\"@Name\": \"Status\", \"#text\": \"0x0\"}, {\"@Name\": \"LogonGuid\", \"#text\": \"0dd9a994-beb4-4de8-b11e-dcf9faf28bf5\"}, {\"@Name\": \"TransmittedServices\", \"#text\": \"-\"}]}}",
    "Channel": "Security",
    "Provider": "Microsoft-Windows-Security-Auditing",
    "EventId": 4769,
    "EventRecordId": "7107",
    "ProcessId": 669,
    "ThreadId": 2777,
    "Level": "LogAlways",
    "Keywords": "Audit success",
    "SourceFile": "C:\\Windows\\system32\\winevt\\Logs\\Security.evtx",
    "ExtraDataOffset": 0,
    "HiddenRecord": false,
    "TimeCreated": "2021-03-16T14:14:50.9983292+00:00",
    "RecordNumber": "7107"
}, {
    "PayloadData1": "Target: OOPS.NET\\OOPS-WORKSTATION_9$",
    "PayloadData2": "LogonType 3",
    "PayloadData3": "LogonId: 0X30DD0D",
    "UserName": "-\\-",
    "RemoteHost": "- (10.58.121.8)",
    "ExecutableInfo": "-",
    "MapDescription": "Successful logon",
    "ChunkNumber": 0,
    "Computer": "OOPS-DC.oops.net",
    "Payload": "{\"EventData\": {\"Data\": [{\"@Name\": \"SubjectUserSid\", \"#text\": \"S-1-0-0\"}, {\"@Name\": \"SubjectUserName\", \"#text\": \"-\"}, {\"@Name\": \"SubjectDomainName\", \"#text\": \"-\"}, {\"@Name\": \"SubjectLogonId\", \"#text\": \"0x0\"}, {\"@Name\": \"TargetUserSid\", \"#text\": \"S-1-5-21-4271829-611451204-6422678655-1136\"}, {\"@Name\": \"TargetUserName\", \"#text\": \"OOPS-WORKSTATION_9$\"}, {\"@Name\": \"TargetDomainName\", \"#text\": \"OOPS.NET\"}, {\"@Name\": \"TargetLogonId\", \"#text\": \"0X30DD0D\"}, {\"@Name\": \"LogonType\", \"#text\": \"3\"}, {\"@Name\": \"LogonProcessName\", \"#text\": \"Kerberos\"}, {\"@Name\": \"AuthenticationPackageName\", \"#text\": \"Kerberos\"}, {\"@Name\": \"WorkstationName\", \"#text\": \"-\"}, {\"@Name\": \"LogonGuid\", \"#text\": \"23b27d23-5932-4b12-ac83-c5dc05273073\"}, {\"@Name\": \"TransmittedServices\", \"#text\": \"-\"}, {\"@Name\": \"LmPackageName\", \"#text\": \"-\"}, {\"@Name\": \"KeyLength\", \"#text\": \"0\"}, {\"@Name\": \"ProcessId\", \"#text\": \"0x0\"}, {\"@Name\": \"ProcessName\", \"#text\": \"-\"}, {\"@Name\": \"IpAddress\", \"#text\": \"10.58.121.8\"}, {\"@Name\": \"IpPort\", \"#text\": \"38370\"}, {\"@Name\": \"ImpersonationLevel\", \"#text\": \"%%1833\"}, {\"@Name\": \"RestrictedAdminMode\", \"#text\": \"-\"}, {\"@Name\": \"TargetOutboundUserName\", \"#text\": \"-\"}, {\"@Name\": \"TargetOutboundDomainName\", \"#text\": \"-\"}, {\"@Name\": \"VirtualAccount\", \"#text\": \"%%1843\"}, {\"@Name\": \"TargetLinkedLogonId\", \"#text\": \"0x0\"}, {\"@Name\": \"ElevatedToken\", \"#text\": \"%%1842\"}]}}",
    "Channel": "Security",
    "Provider": "Microsoft-Windows-Security-Auditing",
    "EventId": 4624,
    "EventRecordId": "7109",
    "ProcessId": 669,
    "ThreadId": 3825,
    "Level": "LogAlways",
    "Keywords": "Audit success",
    "SourceFile": "C:\\Windows\\system32\\winevt\\Logs\\Security.evtx",
    "ExtraDataOffset": 0,
    "HiddenRecord": false,
    "TimeCreated": "2021-03-16T14:14:51.0492389+00:00",
    "RecordNumber": "7109"
}, {
    "PayloadData1": "Target: OOPS.NET\\OOPS-WORKSTATION_9$",
    "PayloadData2": "LogonType 3",
    "PayloadData3": "LogonId: 0X30DD17",
    "UserName": "-\\-",
    "RemoteHost": "- (10.58.121.8)",
    "ExecutableInfo": "-",
    "MapDescription": "Successful logon",
    "ChunkNumber": 0,
    "Computer": "OOPS-DC.oops.net",
    "Payload": "{\"EventData\": {\"Data\": [{\"@Name\": \"SubjectUserSid\", \"#text\": \"S-1-0-0\"}, {\"@Name\": \"SubjectUserName\", \"#text\": \"-\"}, {\"@Name\": \"SubjectDomainName\", \"#text\": \"-\"}, {\"@Name\": \"SubjectLogonId\", \"#text\": \"0x0\"}, {\"@Name\": \"TargetUserSid\", \"#text\": \"S-1-5-21-4271829-611451204-6422678655-1136\"}, {\"@Name\": \"TargetUserName\", \"#text\": \"OOPS-WORKSTATION_9$\"}, {\"@Name\": \"TargetDomainName\", \"#text\": \"OOPS.NET\"}, {\"@Name\": \"TargetLogonId\", \"#text\": \"0X30DD17\"}, {\"@Name\": \"LogonType\", \"#text\": \"3\"}, {\"@Name\": \"LogonProcessName\", \"#text\": \"Kerberos\"}, {\"@Name\": \"AuthenticationPackageName\", \"#text\": \"Kerberos\"}, {\"@Name\": \"WorkstationName\", \"#text\": \"-\"}, {\"@Name\": \"LogonGuid\", \"#text\": \"d5e6d442-fa3b-4729-9b01-8e80299c4b25\"}, {\"@Name\": \"TransmittedServices\", \"#text\": \"-\"}, {\"@Name\": \"LmPackageName\", \"#text\": \"-\"}, {\"@Name\": \"KeyLength\", \"#text\": \"0\"}, {\"@Name\": \"ProcessId\", \"#text\": \"0x0\"}, {\"@Name\": \"ProcessName\", \"#text\": \"-\"}, {\"@Name\": \"IpAddress\", \"#text\": \"10.58.121.8\"}, {\"@Name\": \"IpPort\", \"#text\": \"38371\"}, {\"@Name\": \"ImpersonationLevel\", \"#text\": \"%%1833\"}, {\"@Name\": \"RestrictedAdminMode\", \"#text\": \"-\"}, {\"@Name\": \"TargetOutboundUserName\", \"#text\": \"-\"}, {\"@Name\": \"TargetOutboundDomainName\", \"#text\": \"-\"}, {\"@Name\": \"VirtualAccount\", \"#text\": \"%%1843\"}, {\"@Name\": \"TargetLinkedLogonId\", \"#text\": \"0x0\"}, {\"@Name\": \"ElevatedToken\", \"#text\": \"%%1842\"}]}}",
    "Channel": "Security",
    "Provider": "Microsoft-Windows-Security-Auditing",
    "EventId": 4624,
    "EventRecordId": "7112",
    "ProcessId": 669,
    "ThreadId": 2777,
    "Level": "LogAlways",
    "Keywords": "Audit success",
    "SourceFile": "C:\\Windows\\system32\\winevt\\Logs\\Security.evtx",
    "ExtraDataOffset": 0,
    "HiddenRecord": false,
    "TimeCreated": "2021-03-16T14:14:51.0914430+00:00",
    "RecordNumber": "7112"
}, {
    "PayloadData1": "Target: OOPS.NET\\parisien.janet",
    "PayloadData2": "LogonType 3",
    "PayloadData3": "LogonId: 0X30DD40",
    "UserName": "-\\-",
    "RemoteHost": "- (10.58.121.8)",
    "ExecutableInfo": "-",
    "MapDescription": "Successful logon",
    "ChunkNumber": 0,
    "Computer": "OOPS-DC.oops.net",
    "Payload": "{\"EventData\": {\"Data\": [{\"@Name\": \"SubjectUserSid\", \"#text\": \"S-1-0-0\"}, {\"@Name\": \"SubjectUserName\", \"#text\": \"-\"}, {\"@Name\": \"SubjectDomainName\", \"#text\": \"-\"}, {\"@Name\": \"SubjectLogonId\", \"#text\": \"0x0\"}, {\"@Name\": \"TargetUserSid\", \"#text\": \"S-1-5-21-4271829-611451204-6422678655-1101\"}, {\"@Name\": \"TargetUserName\", \"#text\": \"parisien.janet\"}, {\"@Name\": \"TargetDomainName\", \"#text\": \"OOPS.NET\"}, {\"@Name\": \"TargetLogonId\", \"#text\": \"0X30DD40\"}, {\"@Name\": \"LogonType\", \"#text\": \"3\"}, {\"@Name\": \"LogonProcessName\", \"#text\": \"Kerberos\"}, {\"@Name\": \"AuthenticationPackageName\", \"#text\": \"Kerberos\"}, {\"@Name\": \"WorkstationName\", \"#text\": \"-\"}, {\"@Name\": \"LogonGuid\", \"#text\": \"cbd63891-d4b3-495d-b219-087dd92cb4eb\"}, {\"@Name\": \"TransmittedServices\", \"#text\": \"-\"}, {\"@Name\": \"LmPackageName\", \"#text\": \"-\"}, {\"@Name\": \"KeyLength\", \"#text\": \"0\"}, {\"@Name\": \"ProcessId\", \"#text\": \"0x0\"}, {\"@Name\": \"ProcessName\", \"#text\": \"-\"}, {\"@Name\": \"IpAddress\", \"#text\": \"10.58.121.8\"}, {\"@Name\": \"IpPort\", \"#text\": \"38372\"}, {\"@Name\": \"ImpersonationLevel\", \"#text\": \"%%1833\"}, {\"@Name\": \"RestrictedAdminMode\", \"#text\": \"-\"}, {\"@Name\": \"TargetOutboundUserName\", \"#text\": \"-\"}, {\"@Name\": \"TargetOutboundDomainName\", \"#text\": \"-\"}, {\"@Name\": \"VirtualAccount\", \"#text\": \"%%1843\"}, {\"@Name\": \"TargetLinkedLogonId\", \"#text\": \"0x0\"}, {\"@Name\": \"ElevatedToken\", \"#text\": \"%%1842\"}]}}",
    "Channel": "Security",
    "Provider": "Microsoft-Windows-Security-Auditing",
    "EventId": 4624,
    "EventRecordId": "7116",
    "ProcessId": 669,
    "ThreadId": 2777,
    "Level": "LogAlways",
    "Keywords": "Audit success",
    "SourceFile": "C:\\Windows\\system32\\winevt\\Logs\\Security.evtx",
    "ExtraDataOffset": 0,
    "HiddenRecord": false,
    "TimeCreated": "2021-03-16T14:14:51.1372550+00:00",
    "RecordNumber": "7116"
}, {
    "PayloadData1": "Target: OOPS\\OOPS-WORKSTATION_9$",
    "PayloadData2": "LogonType 3",
    "PayloadData3": "LogonId: 0X30DD17",
    "MapDescription": "An account was logged off",
    "ChunkNumber": 0,
    "Computer": "OOPS-DC.oops.net",
    "Payload": "{\"EventData\": {\"Data\": [{\"@Name\": \"TargetUserSid\", \"#text\": \"S-1-5-21-4271829-611451204-6422678655-1136\"}, {\"@Name\": \"TargetUserName\", \"#text\": \"OOPS-WORKSTATION_9$\"}, {\"@Name\": \"TargetDomainName\", \"#text\": \"OOPS\"}, {\"@Name\": \"TargetLogonId\", \"#text\": \"0X30DD17\"}, {\"@Name\": \"LogonType\", \"#text\": \"3\"}]}}",
    "Channel": "Security",
    "Provider": "Microsoft-Windows-Security-Auditing",
    "EventId": 4634,
    "EventRecordId": "7119",
    "ProcessId": 669,
    "ThreadId": 3825,
    "Level": "LogAlways",
    "Keywords": "Audit success",
    "SourceFile": "C:\\Windows\\system32\\winevt\\Logs\\Security.evtx",
    "ExtraDataOffset": 0,
    "HiddenRecord": false,
    "TimeCreated": "2021-03-16T14:14:51.1739814+00:00",
    "RecordNumber": "7119"
}, {
    "PayloadData1": "Target: OOPS\\parisien.janet",
    "PayloadData2": "LogonType 3",
    "PayloadData3": "LogonId: 0X30DD40",
    "MapDescription": "An account was logged off",
    "ChunkNumber": 0,
    "Computer": "OOPS-DC.oops.net",
    "Payload": "{\"EventData\": {\"Data\": [{\"@Name\": \"TargetUserSid\", \"#text\": \"S-1-5-21-4271829-611451204-6422678655-1101\"}, {\"@Name\": \"TargetUserName\", \"#text\": \"parisien.janet\"}, {\"@Name\": \"TargetDomainName\", \"#text\": \"OOPS\"}, {\"@Name\": \"TargetLogonId\", \"#text\": \"0X30DD40\"}, {\"@Name\": \"LogonType\", \"#text\": \"3\"}]}}",
    "Channel": "Security",
    "Provider": "Microsoft-Windows-Security-Auditing",
    "EventId": 4634,
    "EventRecordId": "7124",
    "ProcessId": 669,
    "ThreadId": 2777,
    "Level": "LogAlways",
    "Keywords": "Audit success",
    "SourceFile": "C:\\Windows\\system32\\winevt\\Logs\\Security.evtx",
    "ExtraDataOffset": 0,
    "HiddenRecord": false,
    "TimeCreated": "2021-03-16T14:14:51.2320840+00:00",
    "RecordNumber": "7124"
}, {
    "PayloadData1": "Target: OOPS\\OOPS-WORKSTATION_9$",
    "PayloadData2": "LogonType 3",
    "PayloadData3": "LogonId: 0X30DD0D",
    "MapDescription": "An account was logged off",
    "ChunkNumber": 0,
    "Computer": "OOPS-DC.oops.net",
    "Payload": "{\"EventData\": {\"Data\": [{\"@Name\": \"TargetUserSid\", \"#text\": \"S-1-5-21-4271829-611451204-6422678655-1136\"}, {\"@Name\": \"TargetUserName\", \"#text\": \"OOPS-WORKSTATION_9$\"}, {\"@Name\": \"TargetDomainName\", \"#text\": \"OOPS\"}, {\"@Name\": \"TargetLogonId\", \"#text\": \"0X30DD0D\"}, {\"@Name\": \"LogonType\", \"#text\": \"3\"}]}}",
    "Channel": "Security",
    "Provider": "Microsoft-Windows-Security-Auditing",
    "EventId": 4634,
    "EventRecordId": "7130",
    "ProcessId": 669,
    "ThreadId": 3977,
    "Level": "LogAlways",
    "Keywords": "Audit success",
    "SourceFile": "C:\\Windows\\system32\\winevt\\Logs\\Security.evtx",
    "ExtraDataOffset": 0,
    "HiddenRecord": false,
    "TimeCreated": "2021-03-16T14:14:51.3117802+00:00",
    "RecordNumber": "7130"
}, {
    "PayloadData1": "Target: OOPS.NET\\OOPS-WORKSTATION_9$@OOPS.NET",
    "PayloadData2": "ServiceName: OOPS-WORKSTATION_9$",
    "PayloadData3": "ServiceSid: S-1-5-21-4271829-611451204-6422678655-1136",
    "PayloadData4": "TicketEncryptionType: AES256-CTS-HMAC-SHA1-96",
    "PayloadData5": "Status: KDC_ERR_NONE - No error - No errors were found.",
    "RemoteHost": "::ffff:10.58.121.8:38373",
    "MapDescription": "A Kerberos service ticket was requested",
    "ChunkNumber": 0,
    "Computer": "OOPS-DC.oops.net",
    "Payload": "{\"EventData\": {\"Data\": [{\"@Name\": \"TargetUserName\", \"#text\": \"OOPS-WORKSTATION_9$@OOPS.NET\"}, {\"@Name\": \"TargetDomainName\", \"#text\": \"OOPS.NET\"}, {\"@Name\": \"ServiceName\", \"#text\": \"OOPS-WORKSTATION_9$\"}, {\"@Name\": \"ServiceSid\", \"#text\": \"S-1-5-21-4271829-611451204-6422678655-1136\"}, {\"@Name\": \"TicketOptions\", \"#text\": \"0x40810000\"}, {\"@Name\": \"TicketEncryptionType\", \"#text\": \"0x12\"}, {\"@Name\": \"IpAddress\", \"#text\": \"::ffff:10.58.121.8\"}, {\"@Name\": \"IpPort\", \"#text\": \"38373\"}, {\"@Name\": \"Status\", \"#text\": \"0x0\"}, {\"@Name\": \"LogonGuid\", \"#text\": \"a70c3119-3d91-46c4-abdd-c0de6b05a1eb\"}, {\"@Name\": \"TransmittedServices\", \"#text\": \"-\"}]}}",
    "Channel": "Security",
    "Provider": "Microsoft-Windows-Security-Auditing",
    "EventId": 4769,
    "EventRecordId": "7134",
    "ProcessId": 669,
    "ThreadId": 2444,
    "Level": "LogAlways",
    "Keywords": "Audit success",
    "SourceFile": "C:\\Windows\\system32\\winevt\\Logs\\Security.evtx",
    "ExtraDataOffset": 0,
    "HiddenRecord": false,
    "TimeCreated": "2021-03-16T14:14:51.3577349+00:00",
    "RecordNumber": "7134"
}, {
    "PayloadData1": "Target: OOPS.NET\\OOPS-WORKSTATION_9$",
    "PayloadData2": "LogonType 3",
    "PayloadData3": "LogonId: 0X30DD60",
    "UserName": "-\\-",
    "RemoteHost": "- (10.58.121.8)",
    "ExecutableInfo": "-",
    "MapDescription": "Successful logon",
    "ChunkNumber": 0,
    "Computer": "OOPS-DC.oops.net",
    "Payload": "{\"EventData\": {\"Data\": [{\"@Name\": \"SubjectUserSid\", \"#text\": \"S-1-0-0\"}, {\"@Name\": \"SubjectUserName\", \"#text\": \"-\"}, {\"@Name\": \"SubjectDomainName\", \"#text\": \"-\"}, {\"@Name\": \"SubjectLogonId\", \"#text\": \"0x0\"}, {\"@Name\": \"TargetUserSid\", \"#text\": \"S-1-5-21-4271829-611451204-6422678655-1136\"}, {\"@Name\": \"TargetUserName\", \"#text\": \"OOPS-WORKSTATION_9$\"}, {\"@Name\": \"TargetDomainName\", \"#text\": \"OOPS.NET\"}, {\"@Name\": \"TargetLogonId\", \"#text\": \"0X30DD60\"}, {\"@Name\": \"LogonType\", \"#text\": \"3\"}, {\"@Name\": \"LogonProcessName\", \"#text\": \"Kerberos\"}, {\"@Name\": \"AuthenticationPackageName\", \"#text\": \"Kerberos\"}, {\"@Name\": \"WorkstationName\", \"#text\": \"-\"}, {\"@Name\": \"LogonGuid\", \"#text\": \"1935521f-e172-462d-9629-f19f1106c2ee\"}, {\"@Name\": \"TransmittedServices\", \"#text\": \"-\"}, {\"@Name\": \"LmPackageName\", \"#text\": \"-\"}, {\"@Name\": \"KeyLength\", \"#text\": \"0\"}, {\"@Name\": \"ProcessId\", \"#text\": \"0x0\"}, {\"@Name\": \"ProcessName\", \"#text\": \"-\"}, {\"@Name\": \"IpAddress\", \"#text\": \"10.58.121.8\"}, {\"@Name\": \"IpPort\", \"#text\": \"38374\"}, {\"@Name\": \"ImpersonationLevel\", \"#text\": \"%%1833\"}, {\"@Name\": \"RestrictedAdminMode\", \"#text\": \"-\"}, {\"@Name\": \"TargetOutboundUserName\", \"#text\": \"-\"}, {\"@Name\": \"TargetOutboundDomainName\", \"#text\": \"-\"}, {\"@Name\": \"VirtualAccount\", \"#text\": \"%%1843\"}, {\"@Name\": \"TargetLinkedLogonId\", \"#text\": \"0x0\"}, {\"@Name\": \"ElevatedToken\", \"#text\": \"%%1842\"}]}}",
    "Channel": "Security",
    "Provider": "Microsoft-Windows-Security-Auditing",
    "EventId": 4624,
    "EventRecordId": "7140",
    "ProcessId": 669,
    "ThreadId": 3977,
    "Level": "LogAlways",
    "Keywords": "Audit success",
    "SourceFile": "C:\\Windows\\system32\\winevt\\Logs\\Security.evtx",
    "ExtraDataOffset": 0,
    "HiddenRecord": false,
    "TimeCreated": "2021-03-16T14:14:51.4184483+00:00",
    "RecordNumber": "7140"
}, {
    "PayloadData1": "Target: OOPS.NET\\OOPS-WORKSTATION_9$",
    "PayloadData2": "LogonType 3",
    "PayloadData3": "LogonId: 0X30DD6D",
    "UserName": "-\\-",
    "RemoteHost": "- (10.58.121.8)",
    "ExecutableInfo": "-",
    "MapDescription": "Successful logon",
    "ChunkNumber": 0,
    "Computer": "OOPS-DC.oops.net",
    "Payload": "{\"EventData\": {\"Data\": [{\"@Name\": \"SubjectUserSid\", \"#text\": \"S-1-0-0\"}, {\"@Name\": \"SubjectUserName\", \"#text\": \"-\"}, {\"@Name\": \"SubjectDomainName\", \"#text\": \"-\"}, {\"@Name\": \"SubjectLogonId\", \"#text\": \"0x0\"}, {\"@Name\": \"TargetUserSid\", \"#text\": \"S-1-5-21-4271829-611451204-6422678655-1136\"}, {\"@Name\": \"TargetUserName\", \"#text\": \"OOPS-WORKSTATION_9$\"}, {\"@Name\": \"TargetDomainName\", \"#text\": \"OOPS.NET\"}, {\"@Name\": \"TargetLogonId\", \"#text\": \"0X30DD6D\"}, {\"@Name\": \"LogonType\", \"#text\": \"3\"}, {\"@Name\": \"LogonProcessName\", \"#text\": \"Kerberos\"}, {\"@Name\": \"AuthenticationPackageName\", \"#text\": \"Kerberos\"}, {\"@Name\": \"WorkstationName\", \"#text\": \"-\"}, {\"@Name\": \"LogonGuid\", \"#text\": \"fa68683b-e993-428c-898a-8ab30e77661b\"}, {\"@Name\": \"TransmittedServices\", \"#text\": \"-\"}, {\"@Name\": \"LmPackageName\", \"#text\": \"-\"}, {\"@Name\": \"KeyLength\", \"#text\": \"0\"}, {\"@Name\": \"ProcessId\", \"#text\": \"0x0\"}, {\"@Name\": \"ProcessName\", \"#text\": \"-\"}, {\"@Name\": \"IpAddress\", \"#text\": \"10.58.121.8\"}, {\"@Name\": \"IpPort\", \"#text\": \"38376\"}, {\"@Name\": \"ImpersonationLevel\", \"#text\": \"%%1833\"}, {\"@Name\": \"RestrictedAdminMode\", \"#text\": \"-\"}, {\"@Name\": \"TargetOutboundUserName\", \"#text\": \"-\"}, {\"@Name\": \"TargetOutboundDomainName\", \"#text\": \"-\"}, {\"@Name\": \"VirtualAccount\", \"#text\": \"%%1843\"}, {\"@Name\": \"TargetLinkedLogonId\", \"#text\": \"0x0\"}, {\"@Name\": \"ElevatedToken\", \"#text\": \"%%1842\"}]}}",
    "Channel": "Security",
    "Provider": "Microsoft-Windows-Security-Auditing",
    "EventId": 4624,
    "EventRecordId": "7143",
    "ProcessId": 669,
    "ThreadId": 3825,
    "Level": "LogAlways",
    "Keywords": "Audit success",
    "SourceFile": "C:\\Windows\\system32\\winevt\\Logs\\Security.evtx",
    "ExtraDataOffset": 0,
    "HiddenRecord": false,
    "TimeCreated": "2021-03-16T14:14:51.4575835+00:00",
    "RecordNumber": "7143"
}, {
    "PayloadData1": "Target: OOPS.NET\\OOPS-WORKSTATION_9$",
    "PayloadData2": "LogonType 3",
    "PayloadData3": "LogonId: 0X30DD88",
    "UserName": "-\\-",
    "RemoteHost": "- (10.58.121.8)",
    "ExecutableInfo": "-",
    "MapDescription": "Successful logon",
    "ChunkNumber": 0,
    "Computer": "OOPS-DC.oops.net",
    "Payload": "{\"EventData\": {\"Data\": [{\"@Name\": \"SubjectUserSid\", \"#text\": \"S-1-0-0\"}, {\"@Name\": \"SubjectUserName\", \"#text\": \"-\"}, {\"@Name\": \"SubjectDomainName\", \"#text\": \"-\"}, {\"@Name\": \"SubjectLogonId\", \"#text\": \"0x0\"}, {\"@Name\": \"TargetUserSid\", \"#text\": \"S-1-5-21-4271829-611451204-6422678655-1136\"}, {\"@Name\": \"TargetUserName\", \"#text\": \"OOPS-WORKSTATION_9$\"}, {\"@Name\": \"TargetDomainName\", \"#text\": \"OOPS.NET\"}, {\"@Name\": \"TargetLogonId\", \"#text\": \"0X30DD88\"}, {\"@Name\": \"LogonType\", \"#text\": \"3\"}, {\"@Name\": \"LogonProcessName\", \"#text\": \"Kerberos\"}, {\"@Name\": \"AuthenticationPackageName\", \"#text\": \"Kerberos\"}, {\"@Name\": \"WorkstationName\", \"#text\": \"-\"}, {\"@Name\": \"LogonGuid\", \"#text\": \"9e608cfd-263a-41a2-8c8d-5426259def21\"}, {\"@Name\": \"TransmittedServices\", \"#text\": \"-\"}, {\"@Name\": \"LmPackageName\", \"#text\": \"-\"}, {\"@Name\": \"KeyLength\", \"#text\": \"0\"}, {\"@Name\": \"ProcessId\", \"#text\": \"0x0\"}, {\"@Name\": \"ProcessName\", \"#text\": \"-\"}, {\"@Name\": \"IpAddress\", \"#text\": \"10.58.121.8\"}, {\"@Name\": \"IpPort\", \"#text\": \"38379\"}, {\"@Name\": \"ImpersonationLevel\", \"#text\": \"%%1833\"}, {\"@Name\": \"RestrictedAdminMode\", \"#text\": \"-\"}, {\"@Name\": \"TargetOutboundUserName\", \"#text\": \"-\"}, {\"@Name\": \"TargetOutboundDomainName\", \"#text\": \"-\"}, {\"@Name\": \"VirtualAccount\", \"#text\": \"%%1843\"}, {\"@Name\": \"TargetLinkedLogonId\", \"#text\": \"0x0\"}, {\"@Name\": \"ElevatedToken\", \"#text\": \"%%1842\"}]}}",
    "Channel": "Security",
    "Provider": "Microsoft-Windows-Security-Auditing",
    "EventId": 4624,
    "EventRecordId": "7148",
    "ProcessId": 669,
    "ThreadId": 2777,
    "Level": "LogAlways",
    "Keywords": "Audit success",
    "SourceFile": "C:\\Windows\\system32\\winevt\\Logs\\Security.evtx",
    "ExtraDataOffset": 0,
    "HiddenRecord": false,
    "TimeCreated": "2021-03-16T14:14:51.5101804+00:00",
    "RecordNumber": "7148"
}, {
    "PayloadData1": "Target: OOPS\\OOPS-WORKSTATION_9$",
    "PayloadData2": "LogonType 3",
    "PayloadData3": "LogonId: 0X30DD88",
    "MapDescription": "An account was logged off",
    "ChunkNumber": 0,
    "Computer": "OOPS-DC.oops.net",
    "Payload": "{\"EventData\": {\"Data\": [{\"@Name\": \"TargetUserSid\", \"#text\": \"S-1-5-21-4271829-611451204-6422678655-1136\"}, {\"@Name\": \"TargetUserName\", \"#text\": \"OOPS-WORKSTATION_9$\"}, {\"@Name\": \"TargetDomainName\", \"#text\": \"OOPS\"}, {\"@Name\": \"TargetLogonId\", \"#text\": \"0X30DD88\"}, {\"@Name\": \"LogonType\", \"#text\": \"3\"}]}}",
    "Channel": "Security",
    "Provider": "Microsoft-Windows-Security-Auditing",
    "EventId": 4634,
    "EventRecordId": "7154",
    "ProcessId": 669,
    "ThreadId": 2444,
    "Level": "LogAlways",
    "Keywords": "Audit success",
    "SourceFile": "C:\\Windows\\system32\\winevt\\Logs\\Security.evtx",
    "ExtraDataOffset": 0,
    "HiddenRecord": false,
    "TimeCreated": "2021-03-16T14:14:51.5714673+00:00",
    "RecordNumber": "7154"
}, {
    "PayloadData1": "Target: OOPS\\OOPS-WORKSTATION_9$",
    "PayloadData2": "LogonType 3",
    "PayloadData3": "LogonId: 0X30DD6D",
    "MapDescription": "An account was logged off",
    "ChunkNumber": 0,
    "Computer": "OOPS-DC.oops.net",
    "Payload": "{\"EventData\": {\"Data\": [{\"@Name\": \"TargetUserSid\", \"#text\": \"S-1-5-21-4271829-611451204-6422678655-1136\"}, {\"@Name\": \"TargetUserName\", \"#text\": \"OOPS-WORKSTATION_9$\"}, {\"@Name\": \"TargetDomainName\", \"#text\": \"OOPS\"}, {\"@Name\": \"TargetLogonId\", \"#text\": \"0X30DD6D\"}, {\"@Name\": \"LogonType\", \"#text\": \"3\"}]}}",
    "Channel": "Security",
    "Provider": "Microsoft-Windows-Security-Auditing",
    "EventId": 4634,
    "EventRecordId": "7156",
    "ProcessId": 669,
    "ThreadId": 2777,
    "Level": "LogAlways",
    "Keywords": "Audit success",
    "SourceFile": "C:\\Windows\\system32\\winevt\\Logs\\Security.evtx",
    "ExtraDataOffset": 0,
    "HiddenRecord": false,
    "TimeCreated": "2021-03-16T14:14:51.6530438+00:00",
    "RecordNumber": "7156"
}, {
    "PayloadData1": "Target: OOPS\\OOPS-WORKSTATION_9$",
    "PayloadData2": "LogonType 3",
    "PayloadData3": "LogonId: 0X30DD60",
    "MapDescription": "An account was logged off",
    "ChunkNumber": 0,
    "Computer": "OOPS-DC.oops.net",
    "Payload": "{\"EventData\": {\"Data\": [{\"@Name\": \"TargetUserSid\", \"#text\": \"S-1-5-21-4271829-611451204-6422678655-1136\"}, {\"@Name\": \"TargetUserName\", \"#text\": \"OOPS-WORKSTATION_9$\"}, {\"@Name\": \"TargetDomainName\", \"#text\": \"OOPS\"}, {\"@Name\": \"TargetLogonId\", \"#text\": \"0X30DD60\"}, {\"@Name\": \"LogonType\", \"#text\": \"3\"}]}}",
    "Channel": "Security",
    "Provider": "Microsoft-Windows-Security-Auditing",
    "EventId": 4634,
    "EventRecordId": "7158",
    "ProcessId": 669,
    "ThreadId": 7988,
    "Level": "LogAlways",
    "Keywords": "Audit success",
    "SourceFile": "C:\\Windows\\system32\\winevt\\Logs\\Security.evtx",
    "ExtraDataOffset": 0,
    "HiddenRecord": false,
    "TimeCreated": "2021-03-16T14:14:51.6932814+00:00",
    "RecordNumber": "7158"
}, {
    "PayloadData1": "Target: OOPS\\long.warren",
    "PayloadData2": "LogonType 3",
    "PayloadData3": "LogonId: 0X30D752",
    "MapDescription": "An account was logged off",
    "ChunkNumber": 0,
    "Computer": "OOPS-DC.oops.net",
    "Payload": "{\"EventData\": {\"Data\": [{\"@Name\": \"TargetUserSid\", \"#text\": \"S-1-5-21-4271829-611451204-6422678655-1164\"}, {\"@Name\": \"TargetUserName\", \"#text\": \"long.warren\"}, {\"@Name\": \"TargetDomainName\", \"#text\": \"OOPS\"}, {\"@Name\": \"TargetLogonId\", \"#text\": \"0X30D752\"}, {\"@Name\": \"LogonType\", \"#text\": \"3\"}]}}",
    "Channel": "Security",
    "Provider": "Microsoft-Windows-Security-Auditing",
    "EventId": 4634,
    "EventRecordId": "7164",
    "ProcessId": 669,
    "ThreadId": 3977,
    "Level": "LogAlways",
    "Keywords": "Audit success",
    "SourceFile": "C:\\Windows\\system32\\winevt\\Logs\\Security.evtx",
    "ExtraDataOffset": 0,
    "HiddenRecord": false,
    "TimeCreated": "2021-03-16T14:28:08.4923092+00:00",
    "RecordNumber": "7164"
}, 